{"D:\\mob-app\\backend\\server.js": {"path":"D:\\mob-app\\backend\\server.js","statementMap":{"0":{"start":{"line":1,"column":0},"end":{"line":1,"column":27}},"1":{"start":{"line":2,"column":16},"end":{"line":2,"column":34}},"2":{"start":{"line":3,"column":13},"end":{"line":3,"column":28}},"3":{"start":{"line":4,"column":15},"end":{"line":4,"column":32}},"4":{"start":{"line":5,"column":18},"end":{"line":5,"column":46}},"5":{"start":{"line":6,"column":20},"end":{"line":6,"column":55}},"6":{"start":{"line":7,"column":21},"end":{"line":7,"column":57}},"7":{"start":{"line":8,"column":35},"end":{"line":8,"column":71}},"8":{"start":{"line":10,"column":12},"end":{"line":10,"column":21}},"9":{"start":{"line":11,"column":13},"end":{"line":11,"column":37}},"10":{"start":{"line":14,"column":0},"end":{"line":14,"column":55}},"11":{"start":{"line":15,"column":29},"end":{"line":15,"column":53}},"12":{"start":{"line":17,"column":0},"end":{"line":24,"column":1}},"13":{"start":{"line":18,"column":2},"end":{"line":18,"column":52}},"14":{"start":{"line":19,"column":2},"end":{"line":19,"column":57}},"15":{"start":{"line":19,"column":26},"end":{"line":19,"column":55}},"16":{"start":{"line":20,"column":2},"end":{"line":23,"column":3}},"17":{"start":{"line":21,"column":4},"end":{"line":21,"column":80}},"18":{"start":{"line":22,"column":4},"end":{"line":22,"column":20}},"19":{"start":{"line":26,"column":0},"end":{"line":29,"column":1}},"20":{"start":{"line":27,"column":2},"end":{"line":27,"column":41}},"21":{"start":{"line":28,"column":2},"end":{"line":28,"column":62}},"22":{"start":{"line":28,"column":30},"end":{"line":28,"column":60}},"23":{"start":{"line":31,"column":0},"end":{"line":31,"column":46}},"24":{"start":{"line":34,"column":0},"end":{"line":34,"column":12}},"25":{"start":{"line":37,"column":0},"end":{"line":50,"column":1}},"26":{"start":{"line":38,"column":2},"end":{"line":49,"column":5}},"27":{"start":{"line":39,"column":4},"end":{"line":47,"column":5}},"28":{"start":{"line":40,"column":6},"end":{"line":46,"column":9}},"29":{"start":{"line":48,"column":4},"end":{"line":48,"column":11}},"30":{"start":{"line":53,"column":0},"end":{"line":75,"column":4}},"31":{"start":{"line":78,"column":23},"end":{"line":80,"column":29}},"32":{"start":{"line":79,"column":51},"end":{"line":79,"column":61}},"33":{"start":{"line":82,"column":0},"end":{"line":98,"column":4}},"34":{"start":{"line":85,"column":4},"end":{"line":85,"column":45}},"35":{"start":{"line":85,"column":17},"end":{"line":85,"column":45}},"36":{"start":{"line":87,"column":4},"end":{"line":92,"column":5}},"37":{"start":{"line":88,"column":6},"end":{"line":88,"column":27}},"38":{"start":{"line":90,"column":6},"end":{"line":90,"column":83}},"39":{"start":{"line":91,"column":6},"end":{"line":91,"column":49}},"40":{"start":{"line":101,"column":0},"end":{"line":101,"column":30}},"41":{"start":{"line":104,"column":0},"end":{"line":104,"column":24}},"42":{"start":{"line":105,"column":0},"end":{"line":105,"column":48}},"43":{"start":{"line":108,"column":0},"end":{"line":114,"column":3}},"44":{"start":{"line":109,"column":2},"end":{"line":113,"column":5}},"45":{"start":{"line":117,"column":0},"end":{"line":117,"column":55}},"46":{"start":{"line":118,"column":0},"end":{"line":118,"column":49}},"47":{"start":{"line":119,"column":0},"end":{"line":119,"column":49}},"48":{"start":{"line":120,"column":0},"end":{"line":120,"column":57}},"49":{"start":{"line":121,"column":0},"end":{"line":121,"column":47}},"50":{"start":{"line":124,"column":0},"end":{"line":124,"column":22}},"51":{"start":{"line":127,"column":0},"end":{"line":130,"column":3}},"52":{"start":{"line":128,"column":2},"end":{"line":128,"column":51}},"53":{"start":{"line":129,"column":2},"end":{"line":129,"column":74}},"54":{"start":{"line":132,"column":0},"end":{"line":132,"column":21}}},"fnMap":{"0":{"name":"(anonymous_0)","decl":{"start":{"line":19,"column":17},"end":{"line":19,"column":18}},"loc":{"start":{"line":19,"column":26},"end":{"line":19,"column":55}},"line":19},"1":{"name":"(anonymous_1)","decl":{"start":{"line":28,"column":19},"end":{"line":28,"column":20}},"loc":{"start":{"line":28,"column":30},"end":{"line":28,"column":60}},"line":28},"2":{"name":"(anonymous_2)","decl":{"start":{"line":38,"column":10},"end":{"line":38,"column":11}},"loc":{"start":{"line":38,"column":30},"end":{"line":49,"column":3}},"line":38},"3":{"name":"(anonymous_3)","decl":{"start":{"line":79,"column":44},"end":{"line":79,"column":45}},"loc":{"start":{"line":79,"column":51},"end":{"line":79,"column":61}},"line":79},"4":{"name":"(anonymous_4)","decl":{"start":{"line":83,"column":10},"end":{"line":83,"column":11}},"loc":{"start":{"line":83,"column":32},"end":{"line":93,"column":3}},"line":83},"5":{"name":"(anonymous_5)","decl":{"start":{"line":108,"column":19},"end":{"line":108,"column":20}},"loc":{"start":{"line":108,"column":33},"end":{"line":114,"column":1}},"line":108},"6":{"name":"(anonymous_6)","decl":{"start":{"line":127,"column":28},"end":{"line":127,"column":29}},"loc":{"start":{"line":127,"column":34},"end":{"line":130,"column":1}},"line":127}},"branchMap":{"0":{"loc":{"start":{"line":11,"column":13},"end":{"line":11,"column":37}},"type":"binary-expr","locations":[{"start":{"line":11,"column":13},"end":{"line":11,"column":29}},{"start":{"line":11,"column":33},"end":{"line":11,"column":37}}],"line":11},"1":{"loc":{"start":{"line":17,"column":0},"end":{"line":24,"column":1}},"type":"if","locations":[{"start":{"line":17,"column":0},"end":{"line":24,"column":1}},{"start":{},"end":{}}],"line":17},"2":{"loc":{"start":{"line":20,"column":2},"end":{"line":23,"column":3}},"type":"if","locations":[{"start":{"line":20,"column":2},"end":{"line":23,"column":3}},{"start":{},"end":{}}],"line":20},"3":{"loc":{"start":{"line":26,"column":0},"end":{"line":29,"column":1}},"type":"if","locations":[{"start":{"line":26,"column":0},"end":{"line":29,"column":1}},{"start":{},"end":{}}],"line":26},"4":{"loc":{"start":{"line":37,"column":0},"end":{"line":50,"column":1}},"type":"if","locations":[{"start":{"line":37,"column":0},"end":{"line":50,"column":1}},{"start":{},"end":{}}],"line":37},"5":{"loc":{"start":{"line":39,"column":4},"end":{"line":47,"column":5}},"type":"if","locations":[{"start":{"line":39,"column":4},"end":{"line":47,"column":5}},{"start":{},"end":{}}],"line":39},"6":{"loc":{"start":{"line":78,"column":23},"end":{"line":80,"column":29}},"type":"cond-expr","locations":[{"start":{"line":79,"column":4},"end":{"line":79,"column":62}},{"start":{"line":80,"column":4},"end":{"line":80,"column":29}}],"line":78},"7":{"loc":{"start":{"line":85,"column":4},"end":{"line":85,"column":45}},"type":"if","locations":[{"start":{"line":85,"column":4},"end":{"line":85,"column":45}},{"start":{},"end":{}}],"line":85},"8":{"loc":{"start":{"line":87,"column":4},"end":{"line":92,"column":5}},"type":"if","locations":[{"start":{"line":87,"column":4},"end":{"line":92,"column":5}},{"start":{"line":89,"column":11},"end":{"line":92,"column":5}}],"line":87},"9":{"loc":{"start":{"line":129,"column":33},"end":{"line":129,"column":70}},"type":"binary-expr","locations":[{"start":{"line":129,"column":33},"end":{"line":129,"column":53}},{"start":{"line":129,"column":57},"end":{"line":129,"column":70}}],"line":129}},"s":{"0":1,"1":1,"2":1,"3":1,"4":1,"5":1,"6":1,"7":1,"8":1,"9":1,"10":1,"11":1,"12":1,"13":0,"14":0,"15":0,"16":0,"17":0,"18":0,"19":1,"20":0,"21":0,"22":0,"23":1,"24":1,"25":1,"26":0,"27":0,"28":0,"29":0,"30":1,"31":1,"32":1,"33":1,"34":24,"35":22,"36":2,"37":1,"38":1,"39":1,"40":1,"41":1,"42":1,"43":1,"44":6,"45":1,"46":1,"47":1,"48":1,"49":1,"50":1,"51":1,"52":1,"53":1,"54":1},"f":{"0":0,"1":0,"2":0,"3":1,"4":24,"5":6,"6":1},"b":{"0":[1,0],"1":[0,1],"2":[0,0],"3":[0,1],"4":[0,1],"5":[0,0],"6":[1,0],"7":[22,2],"8":[1,1],"9":[1,0]},"_coverageSchema":"1a1c01bbd47fc00a2c39e90264f33305004495a9","hash":"af8bb867f8884caf23005a0a12d9a7afc971c613"}
,"D:\\mob-app\\backend\\config\\database.js": {"path":"D:\\mob-app\\backend\\config\\database.js","statementMap":{"0":{"start":{"line":1,"column":17},"end":{"line":1,"column":36}},"1":{"start":{"line":3,"column":18},"end":{"line":15,"column":1}},"2":{"start":{"line":4,"column":2},"end":{"line":14,"column":3}},"3":{"start":{"line":5,"column":17},"end":{"line":8,"column":6}},"4":{"start":{"line":10,"column":4},"end":{"line":10,"column":64}},"5":{"start":{"line":12,"column":4},"end":{"line":12,"column":66}},"6":{"start":{"line":13,"column":4},"end":{"line":13,"column":20}},"7":{"start":{"line":17,"column":0},"end":{"line":17,"column":27}}},"fnMap":{"0":{"name":"(anonymous_0)","decl":{"start":{"line":3,"column":18},"end":{"line":3,"column":19}},"loc":{"start":{"line":3,"column":30},"end":{"line":15,"column":1}},"line":3}},"branchMap":{},"s":{"0":1,"1":1,"2":1,"3":1,"4":0,"5":0,"6":0,"7":1},"f":{"0":1},"b":{},"_coverageSchema":"1a1c01bbd47fc00a2c39e90264f33305004495a9","hash":"dc42b3dfbb76be3ea746ab60123ad2b6dae2e0b1"}
,"D:\\mob-app\\backend\\middleware\\clerkAuth.js": {"path":"D:\\mob-app\\backend\\middleware\\clerkAuth.js","statementMap":{"0":{"start":{"line":1,"column":24},"end":{"line":1,"column":56}},"1":{"start":{"line":6,"column":18},"end":{"line":54,"column":1}},"2":{"start":{"line":7,"column":2},"end":{"line":53,"column":3}},"3":{"start":{"line":9,"column":23},"end":{"line":9,"column":48}},"4":{"start":{"line":11,"column":4},"end":{"line":19,"column":5}},"5":{"start":{"line":12,"column":6},"end":{"line":18,"column":9}},"6":{"start":{"line":22,"column":18},"end":{"line":22,"column":41}},"7":{"start":{"line":25,"column":26},"end":{"line":27,"column":6}},"8":{"start":{"line":30,"column":4},"end":{"line":34,"column":6}},"9":{"start":{"line":36,"column":4},"end":{"line":36,"column":11}},"10":{"start":{"line":39,"column":4},"end":{"line":44,"column":7}},"11":{"start":{"line":46,"column":4},"end":{"line":52,"column":7}},"12":{"start":{"line":56,"column":0},"end":{"line":56,"column":27}}},"fnMap":{"0":{"name":"(anonymous_0)","decl":{"start":{"line":6,"column":18},"end":{"line":6,"column":19}},"loc":{"start":{"line":6,"column":44},"end":{"line":54,"column":1}},"line":6}},"branchMap":{"0":{"loc":{"start":{"line":11,"column":4},"end":{"line":19,"column":5}},"type":"if","locations":[{"start":{"line":11,"column":4},"end":{"line":19,"column":5}},{"start":{},"end":{}}],"line":11},"1":{"loc":{"start":{"line":11,"column":8},"end":{"line":11,"column":56}},"type":"binary-expr","locations":[{"start":{"line":11,"column":8},"end":{"line":11,"column":19}},{"start":{"line":11,"column":23},"end":{"line":11,"column":56}}],"line":11}},"s":{"0":1,"1":1,"2":13,"3":13,"4":13,"5":9,"6":4,"7":4,"8":0,"9":0,"10":4,"11":4,"12":1},"f":{"0":13},"b":{"0":[9,4],"1":[13,5]},"_coverageSchema":"1a1c01bbd47fc00a2c39e90264f33305004495a9","hash":"cd54bf3d703da0fadaa0e9463dfb11aff7a36ee7"}
,"D:\\mob-app\\backend\\middleware\\errorHandler.js": {"path":"D:\\mob-app\\backend\\middleware\\errorHandler.js","statementMap":{"0":{"start":{"line":1,"column":31},"end":{"line":1,"column":68}},"1":{"start":{"line":6,"column":21},"end":{"line":62,"column":1}},"2":{"start":{"line":8,"column":24},"end":{"line":8,"column":52}},"3":{"start":{"line":9,"column":25},"end":{"line":9,"column":54}},"4":{"start":{"line":12,"column":2},"end":{"line":20,"column":5}},"5":{"start":{"line":23,"column":19},"end":{"line":23,"column":40}},"6":{"start":{"line":24,"column":22},"end":{"line":30,"column":3}},"7":{"start":{"line":33,"column":2},"end":{"line":39,"column":3}},"8":{"start":{"line":34,"column":4},"end":{"line":38,"column":6}},"9":{"start":{"line":42,"column":2},"end":{"line":47,"column":3}},"10":{"start":{"line":43,"column":4},"end":{"line":43,"column":21}},"11":{"start":{"line":44,"column":4},"end":{"line":44,"column":50}},"12":{"start":{"line":45,"column":4},"end":{"line":45,"column":54}},"13":{"start":{"line":46,"column":4},"end":{"line":46,"column":80}},"14":{"start":{"line":46,"column":69},"end":{"line":46,"column":78}},"15":{"start":{"line":49,"column":2},"end":{"line":53,"column":3}},"16":{"start":{"line":50,"column":4},"end":{"line":50,"column":21}},"17":{"start":{"line":51,"column":4},"end":{"line":51,"column":44}},"18":{"start":{"line":52,"column":4},"end":{"line":52,"column":54}},"19":{"start":{"line":55,"column":2},"end":{"line":59,"column":3}},"20":{"start":{"line":56,"column":4},"end":{"line":56,"column":21}},"21":{"start":{"line":57,"column":4},"end":{"line":57,"column":49}},"22":{"start":{"line":58,"column":4},"end":{"line":58,"column":60}},"23":{"start":{"line":61,"column":2},"end":{"line":61,"column":45}},"24":{"start":{"line":64,"column":0},"end":{"line":64,"column":30}}},"fnMap":{"0":{"name":"(anonymous_0)","decl":{"start":{"line":6,"column":21},"end":{"line":6,"column":22}},"loc":{"start":{"line":6,"column":46},"end":{"line":62,"column":1}},"line":6},"1":{"name":"(anonymous_1)","decl":{"start":{"line":46,"column":64},"end":{"line":46,"column":65}},"loc":{"start":{"line":46,"column":69},"end":{"line":46,"column":78}},"line":46}},"branchMap":{"0":{"loc":{"start":{"line":14,"column":11},"end":{"line":14,"column":73}},"type":"cond-expr","locations":[{"start":{"line":14,"column":52},"end":{"line":14,"column":61}},{"start":{"line":14,"column":64},"end":{"line":14,"column":73}}],"line":14},"1":{"loc":{"start":{"line":23,"column":19},"end":{"line":23,"column":40}},"type":"binary-expr","locations":[{"start":{"line":23,"column":19},"end":{"line":23,"column":33}},{"start":{"line":23,"column":37},"end":{"line":23,"column":40}}],"line":23},"2":{"loc":{"start":{"line":27,"column":12},"end":{"line":27,"column":38}},"type":"binary-expr","locations":[{"start":{"line":27,"column":12},"end":{"line":27,"column":20}},{"start":{"line":27,"column":24},"end":{"line":27,"column":38}}],"line":27},"3":{"loc":{"start":{"line":28,"column":15},"end":{"line":28,"column":53}},"type":"binary-expr","locations":[{"start":{"line":28,"column":15},"end":{"line":28,"column":26}},{"start":{"line":28,"column":30},"end":{"line":28,"column":53}}],"line":28},"4":{"loc":{"start":{"line":33,"column":2},"end":{"line":39,"column":3}},"type":"if","locations":[{"start":{"line":33,"column":2},"end":{"line":39,"column":3}},{"start":{},"end":{}}],"line":33},"5":{"loc":{"start":{"line":42,"column":2},"end":{"line":47,"column":3}},"type":"if","locations":[{"start":{"line":42,"column":2},"end":{"line":47,"column":3}},{"start":{},"end":{}}],"line":42},"6":{"loc":{"start":{"line":49,"column":2},"end":{"line":53,"column":3}},"type":"if","locations":[{"start":{"line":49,"column":2},"end":{"line":53,"column":3}},{"start":{},"end":{}}],"line":49},"7":{"loc":{"start":{"line":55,"column":2},"end":{"line":59,"column":3}},"type":"if","locations":[{"start":{"line":55,"column":2},"end":{"line":59,"column":3}},{"start":{},"end":{}}],"line":55}},"s":{"0":1,"1":1,"2":1,"3":1,"4":1,"5":1,"6":1,"7":1,"8":0,"9":1,"10":0,"11":0,"12":0,"13":0,"14":0,"15":1,"16":0,"17":0,"18":0,"19":1,"20":0,"21":0,"22":0,"23":1,"24":1},"f":{"0":1,"1":0},"b":{"0":[0,1],"1":[1,1],"2":[1,1],"3":[1,0],"4":[0,1],"5":[0,1],"6":[0,1],"7":[0,1]},"_coverageSchema":"1a1c01bbd47fc00a2c39e90264f33305004495a9","hash":"fd3891aa1a8c62e4cb032eade0a46fad555a6c18"}
,"D:\\mob-app\\backend\\middleware\\rateLimiter.js": {"path":"D:\\mob-app\\backend\\middleware\\rateLimiter.js","statementMap":{"0":{"start":{"line":1,"column":18},"end":{"line":1,"column":47}},"1":{"start":{"line":7,"column":20},"end":{"line":28,"column":2}},"2":{"start":{"line":22,"column":4},"end":{"line":25,"column":5}},"3":{"start":{"line":24,"column":6},"end":{"line":24,"column":18}},"4":{"start":{"line":26,"column":4},"end":{"line":26,"column":17}},"5":{"start":{"line":30,"column":0},"end":{"line":30,"column":29}}},"fnMap":{"0":{"name":"(anonymous_0)","decl":{"start":{"line":20,"column":8},"end":{"line":20,"column":9}},"loc":{"start":{"line":20,"column":17},"end":{"line":27,"column":3}},"line":20}},"branchMap":{"0":{"loc":{"start":{"line":22,"column":4},"end":{"line":25,"column":5}},"type":"if","locations":[{"start":{"line":22,"column":4},"end":{"line":25,"column":5}},{"start":{},"end":{}}],"line":22},"1":{"loc":{"start":{"line":22,"column":8},"end":{"line":23,"column":52}},"type":"binary-expr","locations":[{"start":{"line":22,"column":8},"end":{"line":22,"column":46}},{"start":{"line":23,"column":9},"end":{"line":23,"column":31}},{"start":{"line":23,"column":35},"end":{"line":23,"column":51}}],"line":22}},"s":{"0":1,"1":1,"2":17,"3":0,"4":17,"5":1},"f":{"0":17},"b":{"0":[0,17],"1":[17,0,0]},"_coverageSchema":"1a1c01bbd47fc00a2c39e90264f33305004495a9","hash":"11523002f266cc4a5dd62843368e5b60c8b1ef24"}
,"D:\\mob-app\\backend\\models\\User.js": {"path":"D:\\mob-app\\backend\\models\\User.js","statementMap":{"0":{"start":{"line":1,"column":17},"end":{"line":1,"column":36}},"1":{"start":{"line":3,"column":19},"end":{"line":54,"column":2}},"2":{"start":{"line":57,"column":0},"end":{"line":57,"column":33}},"3":{"start":{"line":58,"column":0},"end":{"line":58,"column":31}},"4":{"start":{"line":59,"column":0},"end":{"line":59,"column":43}},"5":{"start":{"line":62,"column":0},"end":{"line":73,"column":2}},"6":{"start":{"line":63,"column":2},"end":{"line":72,"column":4}},"7":{"start":{"line":75,"column":13},"end":{"line":75,"column":47}},"8":{"start":{"line":77,"column":0},"end":{"line":77,"column":22}}},"fnMap":{"0":{"name":"(anonymous_0)","decl":{"start":{"line":62,"column":34},"end":{"line":62,"column":35}},"loc":{"start":{"line":62,"column":45},"end":{"line":73,"column":1}},"line":62}},"branchMap":{},"s":{"0":1,"1":1,"2":1,"3":1,"4":1,"5":1,"6":0,"7":1,"8":1},"f":{"0":0},"b":{},"_coverageSchema":"1a1c01bbd47fc00a2c39e90264f33305004495a9","hash":"627fb53ef5f9af4d71b9a762362cd4bb1c465ac5"}
,"D:\\mob-app\\backend\\routes\\cart.js": {"path":"D:\\mob-app\\backend\\routes\\cart.js","statementMap":{"0":{"start":{"line":1,"column":16},"end":{"line":1,"column":34}},"1":{"start":{"line":2,"column":15},"end":{"line":2,"column":31}},"2":{"start":{"line":3,"column":35},"end":{"line":3,"column":63}},"3":{"start":{"line":4,"column":18},"end":{"line":4,"column":52}},"4":{"start":{"line":5,"column":17},"end":{"line":5,"column":36}},"5":{"start":{"line":8,"column":19},"end":{"line":34,"column":2}},"6":{"start":{"line":36,"column":13},"end":{"line":36,"column":47}},"7":{"start":{"line":42,"column":0},"end":{"line":63,"column":3}},"8":{"start":{"line":43,"column":2},"end":{"line":62,"column":3}},"9":{"start":{"line":44,"column":15},"end":{"line":44,"column":62}},"10":{"start":{"line":47,"column":4},"end":{"line":53,"column":5}},"11":{"start":{"line":48,"column":6},"end":{"line":51,"column":9}},"12":{"start":{"line":52,"column":6},"end":{"line":52,"column":24}},"13":{"start":{"line":55,"column":4},"end":{"line":59,"column":7}},"14":{"start":{"line":61,"column":4},"end":{"line":61,"column":16}},"15":{"start":{"line":69,"column":0},"end":{"line":132,"column":2}},"16":{"start":{"line":76,"column":4},"end":{"line":130,"column":5}},"17":{"start":{"line":78,"column":21},"end":{"line":78,"column":42}},"18":{"start":{"line":79,"column":6},"end":{"line":88,"column":7}},"19":{"start":{"line":80,"column":8},"end":{"line":87,"column":11}},"20":{"start":{"line":90,"column":35},"end":{"line":90,"column":43}},"21":{"start":{"line":93,"column":17},"end":{"line":93,"column":64}},"22":{"start":{"line":95,"column":6},"end":{"line":100,"column":7}},"23":{"start":{"line":96,"column":8},"end":{"line":99,"column":11}},"24":{"start":{"line":103,"column":32},"end":{"line":105,"column":7}},"25":{"start":{"line":104,"column":16},"end":{"line":104,"column":49}},"26":{"start":{"line":107,"column":6},"end":{"line":117,"column":7}},"27":{"start":{"line":109,"column":8},"end":{"line":109,"column":59}},"28":{"start":{"line":112,"column":8},"end":{"line":116,"column":11}},"29":{"start":{"line":119,"column":6},"end":{"line":119,"column":34}},"30":{"start":{"line":120,"column":6},"end":{"line":120,"column":24}},"31":{"start":{"line":122,"column":6},"end":{"line":127,"column":9}},"32":{"start":{"line":129,"column":6},"end":{"line":129,"column":18}},"33":{"start":{"line":138,"column":0},"end":{"line":207,"column":2}},"34":{"start":{"line":144,"column":4},"end":{"line":205,"column":5}},"35":{"start":{"line":146,"column":21},"end":{"line":146,"column":42}},"36":{"start":{"line":147,"column":6},"end":{"line":156,"column":7}},"37":{"start":{"line":148,"column":8},"end":{"line":155,"column":11}},"38":{"start":{"line":158,"column":21},"end":{"line":158,"column":31}},"39":{"start":{"line":159,"column":27},"end":{"line":159,"column":35}},"40":{"start":{"line":162,"column":6},"end":{"line":170,"column":7}},"41":{"start":{"line":163,"column":8},"end":{"line":169,"column":11}},"42":{"start":{"line":173,"column":19},"end":{"line":185,"column":7}},"43":{"start":{"line":187,"column":6},"end":{"line":195,"column":7}},"44":{"start":{"line":188,"column":8},"end":{"line":194,"column":11}},"45":{"start":{"line":197,"column":6},"end":{"line":202,"column":9}},"46":{"start":{"line":204,"column":6},"end":{"line":204,"column":18}},"47":{"start":{"line":213,"column":0},"end":{"line":257,"column":3}},"48":{"start":{"line":214,"column":2},"end":{"line":256,"column":3}},"49":{"start":{"line":215,"column":19},"end":{"line":215,"column":29}},"50":{"start":{"line":218,"column":4},"end":{"line":226,"column":5}},"51":{"start":{"line":219,"column":6},"end":{"line":225,"column":9}},"52":{"start":{"line":229,"column":17},"end":{"line":236,"column":5}},"53":{"start":{"line":238,"column":4},"end":{"line":246,"column":5}},"54":{"start":{"line":239,"column":6},"end":{"line":245,"column":9}},"55":{"start":{"line":248,"column":4},"end":{"line":253,"column":7}},"56":{"start":{"line":255,"column":4},"end":{"line":255,"column":16}},"57":{"start":{"line":259,"column":0},"end":{"line":259,"column":24}}},"fnMap":{"0":{"name":"(anonymous_0)","decl":{"start":{"line":42,"column":27},"end":{"line":42,"column":28}},"loc":{"start":{"line":42,"column":53},"end":{"line":63,"column":1}},"line":42},"1":{"name":"(anonymous_1)","decl":{"start":{"line":75,"column":2},"end":{"line":75,"column":3}},"loc":{"start":{"line":75,"column":28},"end":{"line":131,"column":3}},"line":75},"2":{"name":"(anonymous_2)","decl":{"start":{"line":104,"column":8},"end":{"line":104,"column":9}},"loc":{"start":{"line":104,"column":16},"end":{"line":104,"column":49}},"line":104},"3":{"name":"(anonymous_3)","decl":{"start":{"line":143,"column":2},"end":{"line":143,"column":3}},"loc":{"start":{"line":143,"column":28},"end":{"line":206,"column":3}},"line":143},"4":{"name":"(anonymous_4)","decl":{"start":{"line":213,"column":33},"end":{"line":213,"column":34}},"loc":{"start":{"line":213,"column":59},"end":{"line":257,"column":1}},"line":213}},"branchMap":{"0":{"loc":{"start":{"line":47,"column":4},"end":{"line":53,"column":5}},"type":"if","locations":[{"start":{"line":47,"column":4},"end":{"line":53,"column":5}},{"start":{},"end":{}}],"line":47},"1":{"loc":{"start":{"line":79,"column":6},"end":{"line":88,"column":7}},"type":"if","locations":[{"start":{"line":79,"column":6},"end":{"line":88,"column":7}},{"start":{},"end":{}}],"line":79},"2":{"loc":{"start":{"line":95,"column":6},"end":{"line":100,"column":7}},"type":"if","locations":[{"start":{"line":95,"column":6},"end":{"line":100,"column":7}},{"start":{},"end":{}}],"line":95},"3":{"loc":{"start":{"line":107,"column":6},"end":{"line":117,"column":7}},"type":"if","locations":[{"start":{"line":107,"column":6},"end":{"line":117,"column":7}},{"start":{"line":110,"column":13},"end":{"line":117,"column":7}}],"line":107},"4":{"loc":{"start":{"line":147,"column":6},"end":{"line":156,"column":7}},"type":"if","locations":[{"start":{"line":147,"column":6},"end":{"line":156,"column":7}},{"start":{},"end":{}}],"line":147},"5":{"loc":{"start":{"line":162,"column":6},"end":{"line":170,"column":7}},"type":"if","locations":[{"start":{"line":162,"column":6},"end":{"line":170,"column":7}},{"start":{},"end":{}}],"line":162},"6":{"loc":{"start":{"line":187,"column":6},"end":{"line":195,"column":7}},"type":"if","locations":[{"start":{"line":187,"column":6},"end":{"line":195,"column":7}},{"start":{},"end":{}}],"line":187},"7":{"loc":{"start":{"line":218,"column":4},"end":{"line":226,"column":5}},"type":"if","locations":[{"start":{"line":218,"column":4},"end":{"line":226,"column":5}},{"start":{},"end":{}}],"line":218},"8":{"loc":{"start":{"line":238,"column":4},"end":{"line":246,"column":5}},"type":"if","locations":[{"start":{"line":238,"column":4},"end":{"line":246,"column":5}},{"start":{},"end":{}}],"line":238}},"s":{"0":1,"1":1,"2":1,"3":1,"4":1,"5":1,"6":1,"7":1,"8":0,"9":0,"10":0,"11":0,"12":0,"13":0,"14":0,"15":1,"16":0,"17":0,"18":0,"19":0,"20":0,"21":0,"22":0,"23":0,"24":0,"25":0,"26":0,"27":0,"28":0,"29":0,"30":0,"31":0,"32":0,"33":1,"34":0,"35":0,"36":0,"37":0,"38":0,"39":0,"40":0,"41":0,"42":0,"43":0,"44":0,"45":0,"46":0,"47":1,"48":0,"49":0,"50":0,"51":0,"52":0,"53":0,"54":0,"55":0,"56":0,"57":1},"f":{"0":0,"1":0,"2":0,"3":0,"4":0},"b":{"0":[0,0],"1":[0,0],"2":[0,0],"3":[0,0],"4":[0,0],"5":[0,0],"6":[0,0],"7":[0,0],"8":[0,0]},"_coverageSchema":"1a1c01bbd47fc00a2c39e90264f33305004495a9","hash":"3b2300be2a40a023ea057dafc3e47594f8a80427"}
,"D:\\mob-app\\backend\\routes\\favorites.js": {"path":"D:\\mob-app\\backend\\routes\\favorites.js","statementMap":{"0":{"start":{"line":1,"column":16},"end":{"line":1,"column":34}},"1":{"start":{"line":2,"column":15},"end":{"line":2,"column":31}},"2":{"start":{"line":3,"column":35},"end":{"line":3,"column":63}},"3":{"start":{"line":4,"column":18},"end":{"line":4,"column":52}},"4":{"start":{"line":5,"column":17},"end":{"line":5,"column":36}},"5":{"start":{"line":8,"column":23},"end":{"line":22,"column":2}},"6":{"start":{"line":25,"column":0},"end":{"line":25,"column":65}},"7":{"start":{"line":27,"column":17},"end":{"line":27,"column":59}},"8":{"start":{"line":33,"column":0},"end":{"line":46,"column":3}},"9":{"start":{"line":34,"column":2},"end":{"line":45,"column":3}},"10":{"start":{"line":35,"column":22},"end":{"line":36,"column":30}},"11":{"start":{"line":38,"column":4},"end":{"line":42,"column":7}},"12":{"start":{"line":44,"column":4},"end":{"line":44,"column":16}},"13":{"start":{"line":52,"column":0},"end":{"line":107,"column":2}},"14":{"start":{"line":58,"column":4},"end":{"line":105,"column":5}},"15":{"start":{"line":60,"column":21},"end":{"line":60,"column":42}},"16":{"start":{"line":61,"column":6},"end":{"line":70,"column":7}},"17":{"start":{"line":62,"column":8},"end":{"line":69,"column":11}},"18":{"start":{"line":72,"column":25},"end":{"line":72,"column":33}},"19":{"start":{"line":75,"column":23},"end":{"line":78,"column":8}},"20":{"start":{"line":80,"column":6},"end":{"line":88,"column":7}},"21":{"start":{"line":81,"column":8},"end":{"line":87,"column":11}},"22":{"start":{"line":91,"column":23},"end":{"line":94,"column":8}},"23":{"start":{"line":96,"column":6},"end":{"line":96,"column":28}},"24":{"start":{"line":98,"column":6},"end":{"line":102,"column":9}},"25":{"start":{"line":104,"column":6},"end":{"line":104,"column":18}},"26":{"start":{"line":113,"column":0},"end":{"line":151,"column":3}},"27":{"start":{"line":114,"column":2},"end":{"line":150,"column":3}},"28":{"start":{"line":115,"column":19},"end":{"line":115,"column":29}},"29":{"start":{"line":118,"column":4},"end":{"line":126,"column":5}},"30":{"start":{"line":119,"column":6},"end":{"line":125,"column":9}},"31":{"start":{"line":129,"column":21},"end":{"line":132,"column":6}},"32":{"start":{"line":134,"column":4},"end":{"line":142,"column":5}},"33":{"start":{"line":135,"column":6},"end":{"line":141,"column":9}},"34":{"start":{"line":144,"column":4},"end":{"line":147,"column":7}},"35":{"start":{"line":149,"column":4},"end":{"line":149,"column":16}},"36":{"start":{"line":153,"column":0},"end":{"line":153,"column":24}}},"fnMap":{"0":{"name":"(anonymous_0)","decl":{"start":{"line":33,"column":27},"end":{"line":33,"column":28}},"loc":{"start":{"line":33,"column":53},"end":{"line":46,"column":1}},"line":33},"1":{"name":"(anonymous_1)","decl":{"start":{"line":57,"column":2},"end":{"line":57,"column":3}},"loc":{"start":{"line":57,"column":28},"end":{"line":106,"column":3}},"line":57},"2":{"name":"(anonymous_2)","decl":{"start":{"line":113,"column":33},"end":{"line":113,"column":34}},"loc":{"start":{"line":113,"column":59},"end":{"line":151,"column":1}},"line":113}},"branchMap":{"0":{"loc":{"start":{"line":61,"column":6},"end":{"line":70,"column":7}},"type":"if","locations":[{"start":{"line":61,"column":6},"end":{"line":70,"column":7}},{"start":{},"end":{}}],"line":61},"1":{"loc":{"start":{"line":80,"column":6},"end":{"line":88,"column":7}},"type":"if","locations":[{"start":{"line":80,"column":6},"end":{"line":88,"column":7}},{"start":{},"end":{}}],"line":80},"2":{"loc":{"start":{"line":118,"column":4},"end":{"line":126,"column":5}},"type":"if","locations":[{"start":{"line":118,"column":4},"end":{"line":126,"column":5}},{"start":{},"end":{}}],"line":118},"3":{"loc":{"start":{"line":134,"column":4},"end":{"line":142,"column":5}},"type":"if","locations":[{"start":{"line":134,"column":4},"end":{"line":142,"column":5}},{"start":{},"end":{}}],"line":134}},"s":{"0":1,"1":1,"2":1,"3":1,"4":1,"5":1,"6":1,"7":1,"8":1,"9":0,"10":0,"11":0,"12":0,"13":1,"14":0,"15":0,"16":0,"17":0,"18":0,"19":0,"20":0,"21":0,"22":0,"23":0,"24":0,"25":0,"26":1,"27":0,"28":0,"29":0,"30":0,"31":0,"32":0,"33":0,"34":0,"35":0,"36":1},"f":{"0":0,"1":0,"2":0},"b":{"0":[0,0],"1":[0,0],"2":[0,0],"3":[0,0]},"_coverageSchema":"1a1c01bbd47fc00a2c39e90264f33305004495a9","hash":"2fc309bdaa3cdef3b6b677cb1147effcb05ebe69"}
,"D:\\mob-app\\backend\\routes\\items.js": {"path":"D:\\mob-app\\backend\\routes\\items.js","statementMap":{"0":{"start":{"line":1,"column":16},"end":{"line":1,"column":34}},"1":{"start":{"line":2,"column":15},"end":{"line":2,"column":31}},"2":{"start":{"line":3,"column":18},"end":{"line":3,"column":52}},"3":{"start":{"line":12,"column":0},"end":{"line":25,"column":3}},"4":{"start":{"line":13,"column":2},"end":{"line":24,"column":3}},"5":{"start":{"line":17,"column":4},"end":{"line":21,"column":7}},"6":{"start":{"line":23,"column":4},"end":{"line":23,"column":16}},"7":{"start":{"line":31,"column":0},"end":{"line":46,"column":3}},"8":{"start":{"line":32,"column":2},"end":{"line":45,"column":3}},"9":{"start":{"line":33,"column":19},"end":{"line":33,"column":29}},"10":{"start":{"line":38,"column":4},"end":{"line":42,"column":7}},"11":{"start":{"line":44,"column":4},"end":{"line":44,"column":16}},"12":{"start":{"line":48,"column":0},"end":{"line":48,"column":24}}},"fnMap":{"0":{"name":"(anonymous_0)","decl":{"start":{"line":12,"column":27},"end":{"line":12,"column":28}},"loc":{"start":{"line":12,"column":53},"end":{"line":25,"column":1}},"line":12},"1":{"name":"(anonymous_1)","decl":{"start":{"line":31,"column":30},"end":{"line":31,"column":31}},"loc":{"start":{"line":31,"column":56},"end":{"line":46,"column":1}},"line":31}},"branchMap":{},"s":{"0":1,"1":1,"2":1,"3":1,"4":0,"5":0,"6":0,"7":1,"8":0,"9":0,"10":0,"11":0,"12":1},"f":{"0":0,"1":0},"b":{},"_coverageSchema":"1a1c01bbd47fc00a2c39e90264f33305004495a9","hash":"3d712aaf9120b9746dc5955def3bcf5621f12a0f"}
,"D:\\mob-app\\backend\\routes\\users.js": {"path":"D:\\mob-app\\backend\\routes\\users.js","statementMap":{"0":{"start":{"line":1,"column":16},"end":{"line":1,"column":34}},"1":{"start":{"line":2,"column":15},"end":{"line":2,"column":31}},"2":{"start":{"line":3,"column":35},"end":{"line":3,"column":63}},"3":{"start":{"line":4,"column":18},"end":{"line":4,"column":52}},"4":{"start":{"line":5,"column":13},"end":{"line":5,"column":38}},"5":{"start":{"line":11,"column":0},"end":{"line":32,"column":3}},"6":{"start":{"line":12,"column":2},"end":{"line":31,"column":3}},"7":{"start":{"line":13,"column":17},"end":{"line":13,"column":83}},"8":{"start":{"line":15,"column":4},"end":{"line":23,"column":5}},"9":{"start":{"line":16,"column":6},"end":{"line":22,"column":9}},"10":{"start":{"line":25,"column":4},"end":{"line":28,"column":7}},"11":{"start":{"line":30,"column":4},"end":{"line":30,"column":16}},"12":{"start":{"line":38,"column":0},"end":{"line":98,"column":2}},"13":{"start":{"line":50,"column":4},"end":{"line":96,"column":5}},"14":{"start":{"line":52,"column":21},"end":{"line":52,"column":42}},"15":{"start":{"line":53,"column":6},"end":{"line":62,"column":7}},"16":{"start":{"line":54,"column":8},"end":{"line":61,"column":11}},"17":{"start":{"line":64,"column":45},"end":{"line":64,"column":53}},"18":{"start":{"line":67,"column":25},"end":{"line":67,"column":27}},"19":{"start":{"line":68,"column":6},"end":{"line":68,"column":39}},"20":{"start":{"line":68,"column":16},"end":{"line":68,"column":39}},"21":{"start":{"line":69,"column":6},"end":{"line":69,"column":60}},"22":{"start":{"line":69,"column":23},"end":{"line":69,"column":60}},"23":{"start":{"line":70,"column":6},"end":{"line":70,"column":48}},"24":{"start":{"line":70,"column":19},"end":{"line":70,"column":48}},"25":{"start":{"line":73,"column":19},"end":{"line":77,"column":7}},"26":{"start":{"line":79,"column":6},"end":{"line":87,"column":7}},"27":{"start":{"line":80,"column":8},"end":{"line":86,"column":11}},"28":{"start":{"line":89,"column":6},"end":{"line":93,"column":9}},"29":{"start":{"line":95,"column":6},"end":{"line":95,"column":18}},"30":{"start":{"line":104,"column":0},"end":{"line":152,"column":2}},"31":{"start":{"line":110,"column":4},"end":{"line":150,"column":5}},"32":{"start":{"line":112,"column":21},"end":{"line":112,"column":42}},"33":{"start":{"line":113,"column":6},"end":{"line":122,"column":7}},"34":{"start":{"line":114,"column":8},"end":{"line":121,"column":11}},"35":{"start":{"line":124,"column":31},"end":{"line":124,"column":39}},"36":{"start":{"line":127,"column":19},"end":{"line":131,"column":7}},"37":{"start":{"line":133,"column":6},"end":{"line":141,"column":7}},"38":{"start":{"line":134,"column":8},"end":{"line":140,"column":11}},"39":{"start":{"line":143,"column":6},"end":{"line":147,"column":9}},"40":{"start":{"line":149,"column":6},"end":{"line":149,"column":18}},"41":{"start":{"line":154,"column":0},"end":{"line":154,"column":24}}},"fnMap":{"0":{"name":"(anonymous_0)","decl":{"start":{"line":11,"column":34},"end":{"line":11,"column":35}},"loc":{"start":{"line":11,"column":60},"end":{"line":32,"column":1}},"line":11},"1":{"name":"(anonymous_1)","decl":{"start":{"line":49,"column":2},"end":{"line":49,"column":3}},"loc":{"start":{"line":49,"column":28},"end":{"line":97,"column":3}},"line":49},"2":{"name":"(anonymous_2)","decl":{"start":{"line":109,"column":2},"end":{"line":109,"column":3}},"loc":{"start":{"line":109,"column":28},"end":{"line":151,"column":3}},"line":109}},"branchMap":{"0":{"loc":{"start":{"line":15,"column":4},"end":{"line":23,"column":5}},"type":"if","locations":[{"start":{"line":15,"column":4},"end":{"line":23,"column":5}},{"start":{},"end":{}}],"line":15},"1":{"loc":{"start":{"line":53,"column":6},"end":{"line":62,"column":7}},"type":"if","locations":[{"start":{"line":53,"column":6},"end":{"line":62,"column":7}},{"start":{},"end":{}}],"line":53},"2":{"loc":{"start":{"line":68,"column":6},"end":{"line":68,"column":39}},"type":"if","locations":[{"start":{"line":68,"column":6},"end":{"line":68,"column":39}},{"start":{},"end":{}}],"line":68},"3":{"loc":{"start":{"line":69,"column":6},"end":{"line":69,"column":60}},"type":"if","locations":[{"start":{"line":69,"column":6},"end":{"line":69,"column":60}},{"start":{},"end":{}}],"line":69},"4":{"loc":{"start":{"line":70,"column":6},"end":{"line":70,"column":48}},"type":"if","locations":[{"start":{"line":70,"column":6},"end":{"line":70,"column":48}},{"start":{},"end":{}}],"line":70},"5":{"loc":{"start":{"line":79,"column":6},"end":{"line":87,"column":7}},"type":"if","locations":[{"start":{"line":79,"column":6},"end":{"line":87,"column":7}},{"start":{},"end":{}}],"line":79},"6":{"loc":{"start":{"line":113,"column":6},"end":{"line":122,"column":7}},"type":"if","locations":[{"start":{"line":113,"column":6},"end":{"line":122,"column":7}},{"start":{},"end":{}}],"line":113},"7":{"loc":{"start":{"line":133,"column":6},"end":{"line":141,"column":7}},"type":"if","locations":[{"start":{"line":133,"column":6},"end":{"line":141,"column":7}},{"start":{},"end":{}}],"line":133}},"s":{"0":1,"1":1,"2":1,"3":1,"4":1,"5":1,"6":0,"7":0,"8":0,"9":0,"10":0,"11":0,"12":1,"13":0,"14":0,"15":0,"16":0,"17":0,"18":0,"19":0,"20":0,"21":0,"22":0,"23":0,"24":0,"25":0,"26":0,"27":0,"28":0,"29":0,"30":1,"31":0,"32":0,"33":0,"34":0,"35":0,"36":0,"37":0,"38":0,"39":0,"40":0,"41":1},"f":{"0":0,"1":0,"2":0},"b":{"0":[0,0],"1":[0,0],"2":[0,0],"3":[0,0],"4":[0,0],"5":[0,0],"6":[0,0],"7":[0,0]},"_coverageSchema":"1a1c01bbd47fc00a2c39e90264f33305004495a9","hash":"33e799353c37099b453562288083009276072e2a"}
,"D:\\mob-app\\backend\\routes\\webhooks.js": {"path":"D:\\mob-app\\backend\\routes\\webhooks.js","statementMap":{"0":{"start":{"line":1,"column":16},"end":{"line":1,"column":34}},"1":{"start":{"line":2,"column":15},"end":{"line":2,"column":31}},"2":{"start":{"line":3,"column":20},"end":{"line":3,"column":35}},"3":{"start":{"line":4,"column":13},"end":{"line":4,"column":38}},"4":{"start":{"line":10,"column":0},"end":{"line":85,"column":3}},"5":{"start":{"line":11,"column":2},"end":{"line":84,"column":3}},"6":{"start":{"line":13,"column":20},"end":{"line":13,"column":42}},"7":{"start":{"line":14,"column":27},"end":{"line":14,"column":56}},"8":{"start":{"line":15,"column":27},"end":{"line":15,"column":56}},"9":{"start":{"line":18,"column":4},"end":{"line":26,"column":5}},"10":{"start":{"line":19,"column":6},"end":{"line":25,"column":9}},"11":{"start":{"line":29,"column":20},"end":{"line":29,"column":39}},"12":{"start":{"line":32,"column":15},"end":{"line":32,"column":60}},"13":{"start":{"line":35,"column":4},"end":{"line":51,"column":5}},"14":{"start":{"line":37,"column":6},"end":{"line":41,"column":9}},"15":{"start":{"line":43,"column":6},"end":{"line":43,"column":75}},"16":{"start":{"line":44,"column":6},"end":{"line":50,"column":9}},"17":{"start":{"line":54,"column":22},"end":{"line":54,"column":30}},"18":{"start":{"line":55,"column":4},"end":{"line":55,"column":53}},"19":{"start":{"line":57,"column":4},"end":{"line":72,"column":5}},"20":{"start":{"line":59,"column":8},"end":{"line":59,"column":42}},"21":{"start":{"line":60,"column":8},"end":{"line":60,"column":14}},"22":{"start":{"line":63,"column":8},"end":{"line":63,"column":42}},"23":{"start":{"line":64,"column":8},"end":{"line":64,"column":14}},"24":{"start":{"line":67,"column":8},"end":{"line":67,"column":42}},"25":{"start":{"line":68,"column":8},"end":{"line":68,"column":14}},"26":{"start":{"line":71,"column":8},"end":{"line":71,"column":58}},"27":{"start":{"line":74,"column":4},"end":{"line":74,"column":74}},"28":{"start":{"line":76,"column":4},"end":{"line":76,"column":54}},"29":{"start":{"line":77,"column":4},"end":{"line":83,"column":7}},"30":{"start":{"line":91,"column":2},"end":{"line":108,"column":3}},"31":{"start":{"line":92,"column":85},"end":{"line":92,"column":89}},"32":{"start":{"line":95,"column":17},"end":{"line":101,"column":6}},"33":{"start":{"line":103,"column":4},"end":{"line":103,"column":22}},"34":{"start":{"line":104,"column":4},"end":{"line":104,"column":60}},"35":{"start":{"line":106,"column":4},"end":{"line":106,"column":49}},"36":{"start":{"line":107,"column":4},"end":{"line":107,"column":16}},"37":{"start":{"line":115,"column":2},"end":{"line":138,"column":3}},"38":{"start":{"line":116,"column":85},"end":{"line":116,"column":89}},"39":{"start":{"line":119,"column":17},"end":{"line":128,"column":5}},"40":{"start":{"line":130,"column":4},"end":{"line":134,"column":5}},"41":{"start":{"line":131,"column":6},"end":{"line":131,"column":62}},"42":{"start":{"line":133,"column":6},"end":{"line":133,"column":57}},"43":{"start":{"line":136,"column":4},"end":{"line":136,"column":49}},"44":{"start":{"line":137,"column":4},"end":{"line":137,"column":16}},"45":{"start":{"line":145,"column":2},"end":{"line":163,"column":3}},"46":{"start":{"line":146,"column":19},"end":{"line":146,"column":23}},"47":{"start":{"line":149,"column":17},"end":{"line":153,"column":5}},"48":{"start":{"line":155,"column":4},"end":{"line":159,"column":5}},"49":{"start":{"line":156,"column":6},"end":{"line":156,"column":72}},"50":{"start":{"line":158,"column":6},"end":{"line":158,"column":59}},"51":{"start":{"line":161,"column":4},"end":{"line":161,"column":49}},"52":{"start":{"line":162,"column":4},"end":{"line":162,"column":16}},"53":{"start":{"line":166,"column":0},"end":{"line":166,"column":24}}},"fnMap":{"0":{"name":"(anonymous_0)","decl":{"start":{"line":10,"column":65},"end":{"line":10,"column":66}},"loc":{"start":{"line":10,"column":85},"end":{"line":85,"column":1}},"line":10},"1":{"name":"handleUserCreated","decl":{"start":{"line":90,"column":15},"end":{"line":90,"column":32}},"loc":{"start":{"line":90,"column":39},"end":{"line":109,"column":1}},"line":90},"2":{"name":"handleUserUpdated","decl":{"start":{"line":114,"column":15},"end":{"line":114,"column":32}},"loc":{"start":{"line":114,"column":39},"end":{"line":139,"column":1}},"line":114},"3":{"name":"handleUserDeleted","decl":{"start":{"line":144,"column":15},"end":{"line":144,"column":32}},"loc":{"start":{"line":144,"column":39},"end":{"line":164,"column":1}},"line":144}},"branchMap":{"0":{"loc":{"start":{"line":18,"column":4},"end":{"line":26,"column":5}},"type":"if","locations":[{"start":{"line":18,"column":4},"end":{"line":26,"column":5}},{"start":{},"end":{}}],"line":18},"1":{"loc":{"start":{"line":18,"column":8},"end":{"line":18,"column":54}},"type":"binary-expr","locations":[{"start":{"line":18,"column":8},"end":{"line":18,"column":16}},{"start":{"line":18,"column":20},"end":{"line":18,"column":35}},{"start":{"line":18,"column":39},"end":{"line":18,"column":54}}],"line":18},"2":{"loc":{"start":{"line":57,"column":4},"end":{"line":72,"column":5}},"type":"switch","locations":[{"start":{"line":58,"column":6},"end":{"line":60,"column":14}},{"start":{"line":62,"column":6},"end":{"line":64,"column":14}},{"start":{"line":66,"column":6},"end":{"line":68,"column":14}},{"start":{"line":70,"column":6},"end":{"line":71,"column":58}}],"line":57},"3":{"loc":{"start":{"line":97,"column":13},"end":{"line":97,"column":52}},"type":"binary-expr","locations":[{"start":{"line":97,"column":13},"end":{"line":97,"column":46}},{"start":{"line":97,"column":50},"end":{"line":97,"column":52}}],"line":97},"4":{"loc":{"start":{"line":98,"column":12},"end":{"line":98,"column":69}},"type":"binary-expr","locations":[{"start":{"line":98,"column":12},"end":{"line":98,"column":59}},{"start":{"line":98,"column":63},"end":{"line":98,"column":69}}],"line":98},"5":{"loc":{"start":{"line":98,"column":15},"end":{"line":98,"column":31}},"type":"binary-expr","locations":[{"start":{"line":98,"column":15},"end":{"line":98,"column":25}},{"start":{"line":98,"column":29},"end":{"line":98,"column":31}}],"line":98},"6":{"loc":{"start":{"line":98,"column":35},"end":{"line":98,"column":50}},"type":"binary-expr","locations":[{"start":{"line":98,"column":35},"end":{"line":98,"column":44}},{"start":{"line":98,"column":48},"end":{"line":98,"column":50}}],"line":98},"7":{"loc":{"start":{"line":99,"column":19},"end":{"line":99,"column":55}},"type":"binary-expr","locations":[{"start":{"line":99,"column":19},"end":{"line":99,"column":49}},{"start":{"line":99,"column":53},"end":{"line":99,"column":55}}],"line":99},"8":{"loc":{"start":{"line":100,"column":20},"end":{"line":100,"column":81}},"type":"binary-expr","locations":[{"start":{"line":100,"column":20},"end":{"line":100,"column":29}},{"start":{"line":100,"column":33},"end":{"line":100,"column":81}}],"line":100},"9":{"loc":{"start":{"line":122,"column":15},"end":{"line":122,"column":54}},"type":"binary-expr","locations":[{"start":{"line":122,"column":15},"end":{"line":122,"column":48}},{"start":{"line":122,"column":52},"end":{"line":122,"column":54}}],"line":122},"10":{"loc":{"start":{"line":123,"column":14},"end":{"line":123,"column":71}},"type":"binary-expr","locations":[{"start":{"line":123,"column":14},"end":{"line":123,"column":61}},{"start":{"line":123,"column":65},"end":{"line":123,"column":71}}],"line":123},"11":{"loc":{"start":{"line":123,"column":17},"end":{"line":123,"column":33}},"type":"binary-expr","locations":[{"start":{"line":123,"column":17},"end":{"line":123,"column":27}},{"start":{"line":123,"column":31},"end":{"line":123,"column":33}}],"line":123},"12":{"loc":{"start":{"line":123,"column":37},"end":{"line":123,"column":52}},"type":"binary-expr","locations":[{"start":{"line":123,"column":37},"end":{"line":123,"column":46}},{"start":{"line":123,"column":50},"end":{"line":123,"column":52}}],"line":123},"13":{"loc":{"start":{"line":124,"column":21},"end":{"line":124,"column":57}},"type":"binary-expr","locations":[{"start":{"line":124,"column":21},"end":{"line":124,"column":51}},{"start":{"line":124,"column":55},"end":{"line":124,"column":57}}],"line":124},"14":{"loc":{"start":{"line":125,"column":22},"end":{"line":125,"column":83}},"type":"binary-expr","locations":[{"start":{"line":125,"column":22},"end":{"line":125,"column":31}},{"start":{"line":125,"column":35},"end":{"line":125,"column":83}}],"line":125},"15":{"loc":{"start":{"line":130,"column":4},"end":{"line":134,"column":5}},"type":"if","locations":[{"start":{"line":130,"column":4},"end":{"line":134,"column":5}},{"start":{"line":132,"column":11},"end":{"line":134,"column":5}}],"line":130},"16":{"loc":{"start":{"line":155,"column":4},"end":{"line":159,"column":5}},"type":"if","locations":[{"start":{"line":155,"column":4},"end":{"line":159,"column":5}},{"start":{"line":157,"column":11},"end":{"line":159,"column":5}}],"line":155}},"s":{"0":1,"1":1,"2":1,"3":1,"4":1,"5":2,"6":2,"7":2,"8":2,"9":2,"10":1,"11":1,"12":1,"13":1,"14":1,"15":1,"16":1,"17":0,"18":0,"19":0,"20":0,"21":0,"22":0,"23":0,"24":0,"25":0,"26":0,"27":0,"28":0,"29":0,"30":0,"31":0,"32":0,"33":0,"34":0,"35":0,"36":0,"37":0,"38":0,"39":0,"40":0,"41":0,"42":0,"43":0,"44":0,"45":0,"46":0,"47":0,"48":0,"49":0,"50":0,"51":0,"52":0,"53":1},"f":{"0":2,"1":0,"2":0,"3":0},"b":{"0":[1,1],"1":[2,1,1],"2":[0,0,0,0],"3":[0,0],"4":[0,0],"5":[0,0],"6":[0,0],"7":[0,0],"8":[0,0],"9":[0,0],"10":[0,0],"11":[0,0],"12":[0,0],"13":[0,0],"14":[0,0],"15":[0,0],"16":[0,0]},"_coverageSchema":"1a1c01bbd47fc00a2c39e90264f33305004495a9","hash":"ac7654d7896214bdf51c3505e7b23faafa06b9cb"}
,"D:\\mob-app\\backend\\utils\\securityValidator.js": {"path":"D:\\mob-app\\backend\\utils\\securityValidator.js","statementMap":{"0":{"start":{"line":6,"column":31},"end":{"line":57,"column":1}},"1":{"start":{"line":7,"column":17},"end":{"line":7,"column":19}},"2":{"start":{"line":8,"column":19},"end":{"line":8,"column":21}},"3":{"start":{"line":11,"column":2},"end":{"line":15,"column":3}},"4":{"start":{"line":12,"column":4},"end":{"line":14,"column":5}},"5":{"start":{"line":13,"column":6},"end":{"line":13,"column":99}},"6":{"start":{"line":18,"column":26},"end":{"line":23,"column":3}},"7":{"start":{"line":25,"column":2},"end":{"line":29,"column":5}},"8":{"start":{"line":26,"column":4},"end":{"line":28,"column":5}},"9":{"start":{"line":27,"column":6},"end":{"line":27,"column":71}},"10":{"start":{"line":32,"column":2},"end":{"line":34,"column":3}},"11":{"start":{"line":33,"column":4},"end":{"line":33,"column":82}},"12":{"start":{"line":37,"column":2},"end":{"line":40,"column":3}},"13":{"start":{"line":39,"column":4},"end":{"line":39,"column":65}},"14":{"start":{"line":43,"column":2},"end":{"line":45,"column":3}},"15":{"start":{"line":44,"column":4},"end":{"line":44,"column":60}},"16":{"start":{"line":47,"column":2},"end":{"line":49,"column":3}},"17":{"start":{"line":48,"column":4},"end":{"line":48,"column":67}},"18":{"start":{"line":52,"column":2},"end":{"line":54,"column":3}},"19":{"start":{"line":53,"column":4},"end":{"line":53,"column":66}},"20":{"start":{"line":56,"column":2},"end":{"line":56,"column":30}},"21":{"start":{"line":62,"column":27},"end":{"line":92,"column":1}},"22":{"start":{"line":63,"column":2},"end":{"line":63,"column":25}},"23":{"start":{"line":63,"column":13},"end":{"line":63,"column":25}},"24":{"start":{"line":65,"column":24},"end":{"line":74,"column":3}},"25":{"start":{"line":76,"column":2},"end":{"line":89,"column":3}},"26":{"start":{"line":77,"column":22},"end":{"line":77,"column":33}},"27":{"start":{"line":79,"column":4},"end":{"line":86,"column":7}},"28":{"start":{"line":80,"column":23},"end":{"line":80,"column":40}},"29":{"start":{"line":81,"column":6},"end":{"line":85,"column":7}},"30":{"start":{"line":81,"column":42},"end":{"line":81,"column":70}},"31":{"start":{"line":82,"column":8},"end":{"line":82,"column":38}},"32":{"start":{"line":83,"column":13},"end":{"line":85,"column":7}},"33":{"start":{"line":84,"column":8},"end":{"line":84,"column":60}},"34":{"start":{"line":88,"column":4},"end":{"line":88,"column":21}},"35":{"start":{"line":91,"column":2},"end":{"line":91,"column":14}},"36":{"start":{"line":97,"column":25},"end":{"line":123,"column":1}},"37":{"start":{"line":98,"column":2},"end":{"line":98,"column":52}},"38":{"start":{"line":98,"column":39},"end":{"line":98,"column":52}},"39":{"start":{"line":100,"column":28},"end":{"line":108,"column":3}},"40":{"start":{"line":110,"column":22},"end":{"line":120,"column":3}},"41":{"start":{"line":111,"column":4},"end":{"line":118,"column":5}},"42":{"start":{"line":112,"column":6},"end":{"line":114,"column":7}},"43":{"start":{"line":112,"column":44},"end":{"line":112,"column":61}},"44":{"start":{"line":113,"column":8},"end":{"line":113,"column":20}},"45":{"start":{"line":115,"column":6},"end":{"line":117,"column":7}},"46":{"start":{"line":116,"column":8},"end":{"line":116,"column":45}},"47":{"start":{"line":116,"column":33},"end":{"line":116,"column":45}},"48":{"start":{"line":119,"column":4},"end":{"line":119,"column":17}},"49":{"start":{"line":122,"column":2},"end":{"line":122,"column":26}},"50":{"start":{"line":125,"column":0},"end":{"line":129,"column":2}}},"fnMap":{"0":{"name":"(anonymous_0)","decl":{"start":{"line":6,"column":31},"end":{"line":6,"column":32}},"loc":{"start":{"line":6,"column":37},"end":{"line":57,"column":1}},"line":6},"1":{"name":"(anonymous_1)","decl":{"start":{"line":25,"column":26},"end":{"line":25,"column":27}},"loc":{"start":{"line":25,"column":37},"end":{"line":29,"column":3}},"line":25},"2":{"name":"(anonymous_2)","decl":{"start":{"line":62,"column":27},"end":{"line":62,"column":28}},"loc":{"start":{"line":62,"column":37},"end":{"line":92,"column":1}},"line":62},"3":{"name":"(anonymous_3)","decl":{"start":{"line":79,"column":35},"end":{"line":79,"column":36}},"loc":{"start":{"line":79,"column":42},"end":{"line":86,"column":5}},"line":79},"4":{"name":"(anonymous_4)","decl":{"start":{"line":81,"column":29},"end":{"line":81,"column":30}},"loc":{"start":{"line":81,"column":42},"end":{"line":81,"column":70}},"line":81},"5":{"name":"(anonymous_5)","decl":{"start":{"line":97,"column":25},"end":{"line":97,"column":26}},"loc":{"start":{"line":97,"column":34},"end":{"line":123,"column":1}},"line":97},"6":{"name":"(anonymous_6)","decl":{"start":{"line":110,"column":22},"end":{"line":110,"column":23}},"loc":{"start":{"line":110,"column":29},"end":{"line":120,"column":3}},"line":110},"7":{"name":"(anonymous_7)","decl":{"start":{"line":112,"column":33},"end":{"line":112,"column":34}},"loc":{"start":{"line":112,"column":44},"end":{"line":112,"column":61}},"line":112}},"branchMap":{"0":{"loc":{"start":{"line":11,"column":2},"end":{"line":15,"column":3}},"type":"if","locations":[{"start":{"line":11,"column":2},"end":{"line":15,"column":3}},{"start":{},"end":{}}],"line":11},"1":{"loc":{"start":{"line":12,"column":4},"end":{"line":14,"column":5}},"type":"if","locations":[{"start":{"line":12,"column":4},"end":{"line":14,"column":5}},{"start":{},"end":{}}],"line":12},"2":{"loc":{"start":{"line":26,"column":4},"end":{"line":28,"column":5}},"type":"if","locations":[{"start":{"line":26,"column":4},"end":{"line":28,"column":5}},{"start":{},"end":{}}],"line":26},"3":{"loc":{"start":{"line":32,"column":2},"end":{"line":34,"column":3}},"type":"if","locations":[{"start":{"line":32,"column":2},"end":{"line":34,"column":3}},{"start":{},"end":{}}],"line":32},"4":{"loc":{"start":{"line":37,"column":2},"end":{"line":40,"column":3}},"type":"if","locations":[{"start":{"line":37,"column":2},"end":{"line":40,"column":3}},{"start":{},"end":{}}],"line":37},"5":{"loc":{"start":{"line":37,"column":6},"end":{"line":37,"column":70}},"type":"binary-expr","locations":[{"start":{"line":37,"column":6},"end":{"line":37,"column":29}},{"start":{"line":37,"column":33},"end":{"line":37,"column":70}}],"line":37},"6":{"loc":{"start":{"line":43,"column":2},"end":{"line":45,"column":3}},"type":"if","locations":[{"start":{"line":43,"column":2},"end":{"line":45,"column":3}},{"start":{},"end":{}}],"line":43},"7":{"loc":{"start":{"line":43,"column":6},"end":{"line":43,"column":85}},"type":"binary-expr","locations":[{"start":{"line":43,"column":6},"end":{"line":43,"column":34}},{"start":{"line":43,"column":38},"end":{"line":43,"column":85}}],"line":43},"8":{"loc":{"start":{"line":47,"column":2},"end":{"line":49,"column":3}},"type":"if","locations":[{"start":{"line":47,"column":2},"end":{"line":49,"column":3}},{"start":{},"end":{}}],"line":47},"9":{"loc":{"start":{"line":47,"column":6},"end":{"line":47,"column":96}},"type":"binary-expr","locations":[{"start":{"line":47,"column":6},"end":{"line":47,"column":38}},{"start":{"line":47,"column":42},"end":{"line":47,"column":96}}],"line":47},"10":{"loc":{"start":{"line":52,"column":2},"end":{"line":54,"column":3}},"type":"if","locations":[{"start":{"line":52,"column":2},"end":{"line":54,"column":3}},{"start":{},"end":{}}],"line":52},"11":{"loc":{"start":{"line":63,"column":2},"end":{"line":63,"column":25}},"type":"if","locations":[{"start":{"line":63,"column":2},"end":{"line":63,"column":25}},{"start":{},"end":{}}],"line":63},"12":{"loc":{"start":{"line":76,"column":2},"end":{"line":89,"column":3}},"type":"if","locations":[{"start":{"line":76,"column":2},"end":{"line":89,"column":3}},{"start":{},"end":{}}],"line":76},"13":{"loc":{"start":{"line":81,"column":6},"end":{"line":85,"column":7}},"type":"if","locations":[{"start":{"line":81,"column":6},"end":{"line":85,"column":7}},{"start":{"line":83,"column":13},"end":{"line":85,"column":7}}],"line":81},"14":{"loc":{"start":{"line":83,"column":13},"end":{"line":85,"column":7}},"type":"if","locations":[{"start":{"line":83,"column":13},"end":{"line":85,"column":7}},{"start":{},"end":{}}],"line":83},"15":{"loc":{"start":{"line":98,"column":2},"end":{"line":98,"column":52}},"type":"if","locations":[{"start":{"line":98,"column":2},"end":{"line":98,"column":52}},{"start":{},"end":{}}],"line":98},"16":{"loc":{"start":{"line":98,"column":6},"end":{"line":98,"column":37}},"type":"binary-expr","locations":[{"start":{"line":98,"column":6},"end":{"line":98,"column":10}},{"start":{"line":98,"column":14},"end":{"line":98,"column":37}}],"line":98},"17":{"loc":{"start":{"line":112,"column":6},"end":{"line":114,"column":7}},"type":"if","locations":[{"start":{"line":112,"column":6},"end":{"line":114,"column":7}},{"start":{},"end":{}}],"line":112},"18":{"loc":{"start":{"line":115,"column":6},"end":{"line":117,"column":7}},"type":"if","locations":[{"start":{"line":115,"column":6},"end":{"line":117,"column":7}},{"start":{},"end":{}}],"line":115},"19":{"loc":{"start":{"line":115,"column":10},"end":{"line":115,"column":55}},"type":"binary-expr","locations":[{"start":{"line":115,"column":10},"end":{"line":115,"column":36}},{"start":{"line":115,"column":40},"end":{"line":115,"column":55}}],"line":115},"20":{"loc":{"start":{"line":116,"column":8},"end":{"line":116,"column":45}},"type":"if","locations":[{"start":{"line":116,"column":8},"end":{"line":116,"column":45}},{"start":{},"end":{}}],"line":116}},"s":{"0":1,"1":2,"2":2,"3":2,"4":0,"5":0,"6":2,"7":2,"8":8,"9":0,"10":2,"11":0,"12":2,"13":0,"14":2,"15":0,"16":2,"17":0,"18":2,"19":0,"20":2,"21":1,"22":3,"23":1,"24":2,"25":2,"26":2,"27":2,"28":4,"29":4,"30":19,"31":2,"32":2,"33":0,"34":2,"35":0,"36":1,"37":3,"38":0,"39":3,"40":3,"41":4,"42":6,"43":32,"44":2,"45":4,"46":1,"47":1,"48":1,"49":3,"50":1},"f":{"0":2,"1":8,"2":3,"3":4,"4":19,"5":3,"6":4,"7":32},"b":{"0":[0,2],"1":[0,0],"2":[0,8],"3":[0,2],"4":[0,2],"5":[2,2],"6":[0,2],"7":[2,2],"8":[0,2],"9":[2,2],"10":[0,2],"11":[1,2],"12":[2,0],"13":[2,2],"14":[0,2],"15":[0,3],"16":[3,3],"17":[2,4],"18":[1,3],"19":[4,1],"20":[1,0]},"_coverageSchema":"1a1c01bbd47fc00a2c39e90264f33305004495a9","hash":"c1874b1070fb798fbf4a418fa6698d4e8472d63e"}
}
