{"D:\\app\\app\\backend\\server.js": {"path":"D:\\app\\app\\backend\\server.js","statementMap":{"0":{"start":{"line":1,"column":0},"end":{"line":1,"column":27}},"1":{"start":{"line":2,"column":16},"end":{"line":2,"column":34}},"2":{"start":{"line":3,"column":13},"end":{"line":3,"column":28}},"3":{"start":{"line":4,"column":15},"end":{"line":4,"column":32}},"4":{"start":{"line":5,"column":23},"end":{"line":5,"column":51}},"5":{"start":{"line":6,"column":20},"end":{"line":6,"column":55}},"6":{"start":{"line":7,"column":21},"end":{"line":7,"column":57}},"7":{"start":{"line":8,"column":35},"end":{"line":8,"column":71}},"8":{"start":{"line":10,"column":12},"end":{"line":10,"column":21}},"9":{"start":{"line":11,"column":13},"end":{"line":11,"column":37}},"10":{"start":{"line":34,"column":0},"end":{"line":34,"column":17}},"11":{"start":{"line":37,"column":0},"end":{"line":50,"column":1}},"12":{"start":{"line":38,"column":2},"end":{"line":49,"column":5}},"13":{"start":{"line":39,"column":4},"end":{"line":47,"column":5}},"14":{"start":{"line":40,"column":6},"end":{"line":46,"column":9}},"15":{"start":{"line":48,"column":4},"end":{"line":48,"column":11}},"16":{"start":{"line":53,"column":0},"end":{"line":75,"column":4}},"17":{"start":{"line":78,"column":23},"end":{"line":80,"column":29}},"18":{"start":{"line":79,"column":51},"end":{"line":79,"column":61}},"19":{"start":{"line":82,"column":0},"end":{"line":98,"column":4}},"20":{"start":{"line":85,"column":4},"end":{"line":85,"column":45}},"21":{"start":{"line":85,"column":17},"end":{"line":85,"column":45}},"22":{"start":{"line":87,"column":4},"end":{"line":92,"column":5}},"23":{"start":{"line":88,"column":6},"end":{"line":88,"column":27}},"24":{"start":{"line":90,"column":6},"end":{"line":90,"column":83}},"25":{"start":{"line":91,"column":6},"end":{"line":91,"column":49}},"26":{"start":{"line":101,"column":0},"end":{"line":101,"column":30}},"27":{"start":{"line":104,"column":0},"end":{"line":104,"column":41}},"28":{"start":{"line":105,"column":0},"end":{"line":105,"column":63}},"29":{"start":{"line":108,"column":0},"end":{"line":114,"column":3}},"30":{"start":{"line":109,"column":2},"end":{"line":113,"column":5}},"31":{"start":{"line":117,"column":0},"end":{"line":117,"column":55}},"32":{"start":{"line":118,"column":0},"end":{"line":118,"column":49}},"33":{"start":{"line":119,"column":0},"end":{"line":119,"column":49}},"34":{"start":{"line":120,"column":0},"end":{"line":120,"column":57}},"35":{"start":{"line":121,"column":0},"end":{"line":121,"column":47}},"36":{"start":{"line":122,"column":0},"end":{"line":122,"column":51}},"37":{"start":{"line":125,"column":0},"end":{"line":125,"column":22}},"38":{"start":{"line":128,"column":0},"end":{"line":131,"column":3}},"39":{"start":{"line":129,"column":2},"end":{"line":129,"column":51}},"40":{"start":{"line":130,"column":2},"end":{"line":130,"column":74}},"41":{"start":{"line":133,"column":0},"end":{"line":133,"column":21}}},"fnMap":{"0":{"name":"(anonymous_0)","decl":{"start":{"line":38,"column":10},"end":{"line":38,"column":11}},"loc":{"start":{"line":38,"column":30},"end":{"line":49,"column":3}},"line":38},"1":{"name":"(anonymous_1)","decl":{"start":{"line":79,"column":44},"end":{"line":79,"column":45}},"loc":{"start":{"line":79,"column":51},"end":{"line":79,"column":61}},"line":79},"2":{"name":"(anonymous_2)","decl":{"start":{"line":83,"column":10},"end":{"line":83,"column":11}},"loc":{"start":{"line":83,"column":32},"end":{"line":93,"column":3}},"line":83},"3":{"name":"(anonymous_3)","decl":{"start":{"line":108,"column":19},"end":{"line":108,"column":20}},"loc":{"start":{"line":108,"column":33},"end":{"line":114,"column":1}},"line":108},"4":{"name":"(anonymous_4)","decl":{"start":{"line":128,"column":28},"end":{"line":128,"column":29}},"loc":{"start":{"line":128,"column":34},"end":{"line":131,"column":1}},"line":128}},"branchMap":{"0":{"loc":{"start":{"line":11,"column":13},"end":{"line":11,"column":37}},"type":"binary-expr","locations":[{"start":{"line":11,"column":13},"end":{"line":11,"column":29}},{"start":{"line":11,"column":33},"end":{"line":11,"column":37}}],"line":11},"1":{"loc":{"start":{"line":37,"column":0},"end":{"line":50,"column":1}},"type":"if","locations":[{"start":{"line":37,"column":0},"end":{"line":50,"column":1}},{"start":{},"end":{}}],"line":37},"2":{"loc":{"start":{"line":39,"column":4},"end":{"line":47,"column":5}},"type":"if","locations":[{"start":{"line":39,"column":4},"end":{"line":47,"column":5}},{"start":{},"end":{}}],"line":39},"3":{"loc":{"start":{"line":78,"column":23},"end":{"line":80,"column":29}},"type":"cond-expr","locations":[{"start":{"line":79,"column":4},"end":{"line":79,"column":62}},{"start":{"line":80,"column":4},"end":{"line":80,"column":29}}],"line":78},"4":{"loc":{"start":{"line":85,"column":4},"end":{"line":85,"column":45}},"type":"if","locations":[{"start":{"line":85,"column":4},"end":{"line":85,"column":45}},{"start":{},"end":{}}],"line":85},"5":{"loc":{"start":{"line":87,"column":4},"end":{"line":92,"column":5}},"type":"if","locations":[{"start":{"line":87,"column":4},"end":{"line":92,"column":5}},{"start":{"line":89,"column":11},"end":{"line":92,"column":5}}],"line":87},"6":{"loc":{"start":{"line":130,"column":33},"end":{"line":130,"column":70}},"type":"binary-expr","locations":[{"start":{"line":130,"column":33},"end":{"line":130,"column":53}},{"start":{"line":130,"column":57},"end":{"line":130,"column":70}}],"line":130}},"s":{"0":1,"1":1,"2":1,"3":1,"4":1,"5":1,"6":1,"7":1,"8":1,"9":1,"10":1,"11":1,"12":0,"13":0,"14":0,"15":0,"16":1,"17":1,"18":1,"19":1,"20":24,"21":22,"22":2,"23":1,"24":1,"25":1,"26":1,"27":1,"28":1,"29":1,"30":6,"31":1,"32":1,"33":1,"34":1,"35":1,"36":1,"37":1,"38":1,"39":1,"40":1,"41":1},"f":{"0":0,"1":1,"2":24,"3":6,"4":1},"b":{"0":[1,0],"1":[0,1],"2":[0,0],"3":[1,0],"4":[22,2],"5":[1,1],"6":[1,0]},"_coverageSchema":"1a1c01bbd47fc00a2c39e90264f33305004495a9","hash":"3c68705aa9a4807b1156433439a043a61351b2ca"}
,"D:\\app\\app\\backend\\config\\database.js": {"path":"D:\\app\\app\\backend\\config\\database.js","statementMap":{"0":{"start":{"line":1,"column":17},"end":{"line":1,"column":38}},"1":{"start":{"line":3,"column":23},"end":{"line":18,"column":1}},"2":{"start":{"line":4,"column":2},"end":{"line":17,"column":3}},"3":{"start":{"line":5,"column":28},"end":{"line":5,"column":81}},"4":{"start":{"line":7,"column":4},"end":{"line":10,"column":5}},"5":{"start":{"line":8,"column":6},"end":{"line":8,"column":68}},"6":{"start":{"line":9,"column":6},"end":{"line":9,"column":19}},"7":{"start":{"line":12,"column":4},"end":{"line":12,"column":53}},"8":{"start":{"line":13,"column":4},"end":{"line":13,"column":16}},"9":{"start":{"line":15,"column":4},"end":{"line":15,"column":65}},"10":{"start":{"line":16,"column":4},"end":{"line":16,"column":17}},"11":{"start":{"line":20,"column":0},"end":{"line":20,"column":32}}},"fnMap":{"0":{"name":"(anonymous_0)","decl":{"start":{"line":3,"column":23},"end":{"line":3,"column":24}},"loc":{"start":{"line":3,"column":35},"end":{"line":18,"column":1}},"line":3}},"branchMap":{"0":{"loc":{"start":{"line":7,"column":4},"end":{"line":10,"column":5}},"type":"if","locations":[{"start":{"line":7,"column":4},"end":{"line":10,"column":5}},{"start":{},"end":{}}],"line":7}},"s":{"0":1,"1":1,"2":1,"3":1,"4":0,"5":0,"6":0,"7":0,"8":0,"9":0,"10":0,"11":1},"f":{"0":1},"b":{"0":[0,0]},"_coverageSchema":"1a1c01bbd47fc00a2c39e90264f33305004495a9","hash":"d7f73cdb2694c06b1183467fec333cc61952c28e"}
,"D:\\app\\app\\backend\\config\\supabase.js": {"path":"D:\\app\\app\\backend\\config\\supabase.js","statementMap":{"0":{"start":{"line":1,"column":25},"end":{"line":1,"column":57}},"1":{"start":{"line":3,"column":20},"end":{"line":3,"column":44}},"2":{"start":{"line":4,"column":27},"end":{"line":4,"column":59}},"3":{"start":{"line":6,"column":0},"end":{"line":8,"column":1}},"4":{"start":{"line":7,"column":2},"end":{"line":7,"column":60}},"5":{"start":{"line":11,"column":17},"end":{"line":16,"column":2}},"6":{"start":{"line":18,"column":0},"end":{"line":18,"column":26}}},"fnMap":{},"branchMap":{"0":{"loc":{"start":{"line":6,"column":0},"end":{"line":8,"column":1}},"type":"if","locations":[{"start":{"line":6,"column":0},"end":{"line":8,"column":1}},{"start":{},"end":{}}],"line":6},"1":{"loc":{"start":{"line":6,"column":4},"end":{"line":6,"column":39}},"type":"binary-expr","locations":[{"start":{"line":6,"column":4},"end":{"line":6,"column":16}},{"start":{"line":6,"column":20},"end":{"line":6,"column":39}}],"line":6}},"s":{"0":1,"1":1,"2":1,"3":1,"4":0,"5":1,"6":1},"f":{},"b":{"0":[0,1],"1":[1,1]},"_coverageSchema":"1a1c01bbd47fc00a2c39e90264f33305004495a9","hash":"52fe09ed53976f9187ce640014df1649ea512118"}
,"D:\\app\\app\\backend\\middleware\\clerkAuth.js": {"path":"D:\\app\\app\\backend\\middleware\\clerkAuth.js","statementMap":{"0":{"start":{"line":1,"column":24},"end":{"line":1,"column":56}},"1":{"start":{"line":6,"column":18},"end":{"line":54,"column":1}},"2":{"start":{"line":7,"column":2},"end":{"line":53,"column":3}},"3":{"start":{"line":9,"column":23},"end":{"line":9,"column":48}},"4":{"start":{"line":11,"column":4},"end":{"line":19,"column":5}},"5":{"start":{"line":12,"column":6},"end":{"line":18,"column":9}},"6":{"start":{"line":22,"column":18},"end":{"line":22,"column":41}},"7":{"start":{"line":25,"column":26},"end":{"line":27,"column":6}},"8":{"start":{"line":30,"column":4},"end":{"line":34,"column":6}},"9":{"start":{"line":36,"column":4},"end":{"line":36,"column":11}},"10":{"start":{"line":39,"column":4},"end":{"line":44,"column":7}},"11":{"start":{"line":46,"column":4},"end":{"line":52,"column":7}},"12":{"start":{"line":56,"column":0},"end":{"line":56,"column":27}}},"fnMap":{"0":{"name":"(anonymous_0)","decl":{"start":{"line":6,"column":18},"end":{"line":6,"column":19}},"loc":{"start":{"line":6,"column":44},"end":{"line":54,"column":1}},"line":6}},"branchMap":{"0":{"loc":{"start":{"line":11,"column":4},"end":{"line":19,"column":5}},"type":"if","locations":[{"start":{"line":11,"column":4},"end":{"line":19,"column":5}},{"start":{},"end":{}}],"line":11},"1":{"loc":{"start":{"line":11,"column":8},"end":{"line":11,"column":56}},"type":"binary-expr","locations":[{"start":{"line":11,"column":8},"end":{"line":11,"column":19}},{"start":{"line":11,"column":23},"end":{"line":11,"column":56}}],"line":11}},"s":{"0":2,"1":2,"2":17,"3":17,"4":17,"5":11,"6":6,"7":6,"8":1,"9":1,"10":5,"11":5,"12":2},"f":{"0":17},"b":{"0":[11,6],"1":[17,8]},"_coverageSchema":"1a1c01bbd47fc00a2c39e90264f33305004495a9","hash":"61917a0656bbdfa005b168eedf1a506b533eb954"}
,"D:\\app\\app\\backend\\middleware\\errorHandler.js": {"path":"D:\\app\\app\\backend\\middleware\\errorHandler.js","statementMap":{"0":{"start":{"line":1,"column":31},"end":{"line":1,"column":68}},"1":{"start":{"line":6,"column":21},"end":{"line":62,"column":1}},"2":{"start":{"line":8,"column":24},"end":{"line":8,"column":52}},"3":{"start":{"line":9,"column":25},"end":{"line":9,"column":54}},"4":{"start":{"line":12,"column":2},"end":{"line":20,"column":5}},"5":{"start":{"line":23,"column":19},"end":{"line":23,"column":40}},"6":{"start":{"line":24,"column":22},"end":{"line":30,"column":3}},"7":{"start":{"line":33,"column":2},"end":{"line":39,"column":3}},"8":{"start":{"line":34,"column":4},"end":{"line":38,"column":6}},"9":{"start":{"line":42,"column":2},"end":{"line":47,"column":3}},"10":{"start":{"line":43,"column":4},"end":{"line":43,"column":21}},"11":{"start":{"line":44,"column":4},"end":{"line":44,"column":50}},"12":{"start":{"line":45,"column":4},"end":{"line":45,"column":54}},"13":{"start":{"line":46,"column":4},"end":{"line":46,"column":80}},"14":{"start":{"line":46,"column":69},"end":{"line":46,"column":78}},"15":{"start":{"line":49,"column":2},"end":{"line":53,"column":3}},"16":{"start":{"line":50,"column":4},"end":{"line":50,"column":21}},"17":{"start":{"line":51,"column":4},"end":{"line":51,"column":44}},"18":{"start":{"line":52,"column":4},"end":{"line":52,"column":54}},"19":{"start":{"line":55,"column":2},"end":{"line":59,"column":3}},"20":{"start":{"line":56,"column":4},"end":{"line":56,"column":21}},"21":{"start":{"line":57,"column":4},"end":{"line":57,"column":49}},"22":{"start":{"line":58,"column":4},"end":{"line":58,"column":60}},"23":{"start":{"line":61,"column":2},"end":{"line":61,"column":45}},"24":{"start":{"line":64,"column":0},"end":{"line":64,"column":30}}},"fnMap":{"0":{"name":"(anonymous_0)","decl":{"start":{"line":6,"column":21},"end":{"line":6,"column":22}},"loc":{"start":{"line":6,"column":46},"end":{"line":62,"column":1}},"line":6},"1":{"name":"(anonymous_1)","decl":{"start":{"line":46,"column":64},"end":{"line":46,"column":65}},"loc":{"start":{"line":46,"column":69},"end":{"line":46,"column":78}},"line":46}},"branchMap":{"0":{"loc":{"start":{"line":14,"column":11},"end":{"line":14,"column":73}},"type":"cond-expr","locations":[{"start":{"line":14,"column":52},"end":{"line":14,"column":61}},{"start":{"line":14,"column":64},"end":{"line":14,"column":73}}],"line":14},"1":{"loc":{"start":{"line":23,"column":19},"end":{"line":23,"column":40}},"type":"binary-expr","locations":[{"start":{"line":23,"column":19},"end":{"line":23,"column":33}},{"start":{"line":23,"column":37},"end":{"line":23,"column":40}}],"line":23},"2":{"loc":{"start":{"line":27,"column":12},"end":{"line":27,"column":38}},"type":"binary-expr","locations":[{"start":{"line":27,"column":12},"end":{"line":27,"column":20}},{"start":{"line":27,"column":24},"end":{"line":27,"column":38}}],"line":27},"3":{"loc":{"start":{"line":28,"column":15},"end":{"line":28,"column":53}},"type":"binary-expr","locations":[{"start":{"line":28,"column":15},"end":{"line":28,"column":26}},{"start":{"line":28,"column":30},"end":{"line":28,"column":53}}],"line":28},"4":{"loc":{"start":{"line":33,"column":2},"end":{"line":39,"column":3}},"type":"if","locations":[{"start":{"line":33,"column":2},"end":{"line":39,"column":3}},{"start":{},"end":{}}],"line":33},"5":{"loc":{"start":{"line":42,"column":2},"end":{"line":47,"column":3}},"type":"if","locations":[{"start":{"line":42,"column":2},"end":{"line":47,"column":3}},{"start":{},"end":{}}],"line":42},"6":{"loc":{"start":{"line":49,"column":2},"end":{"line":53,"column":3}},"type":"if","locations":[{"start":{"line":49,"column":2},"end":{"line":53,"column":3}},{"start":{},"end":{}}],"line":49},"7":{"loc":{"start":{"line":55,"column":2},"end":{"line":59,"column":3}},"type":"if","locations":[{"start":{"line":55,"column":2},"end":{"line":59,"column":3}},{"start":{},"end":{}}],"line":55}},"s":{"0":1,"1":1,"2":1,"3":1,"4":1,"5":1,"6":1,"7":1,"8":0,"9":1,"10":0,"11":0,"12":0,"13":0,"14":0,"15":1,"16":0,"17":0,"18":0,"19":1,"20":0,"21":0,"22":0,"23":1,"24":1},"f":{"0":1,"1":0},"b":{"0":[0,1],"1":[1,1],"2":[1,1],"3":[1,0],"4":[0,1],"5":[0,1],"6":[0,1],"7":[0,1]},"_coverageSchema":"1a1c01bbd47fc00a2c39e90264f33305004495a9","hash":"c4c30ebbda348edd334f880867da4f94ebf8b650"}
,"D:\\app\\app\\backend\\middleware\\rateLimiter.js": {"path":"D:\\app\\app\\backend\\middleware\\rateLimiter.js","statementMap":{"0":{"start":{"line":1,"column":18},"end":{"line":1,"column":47}},"1":{"start":{"line":7,"column":20},"end":{"line":27,"column":2}},"2":{"start":{"line":22,"column":4},"end":{"line":24,"column":5}},"3":{"start":{"line":23,"column":6},"end":{"line":23,"column":18}},"4":{"start":{"line":25,"column":4},"end":{"line":25,"column":17}},"5":{"start":{"line":29,"column":0},"end":{"line":29,"column":29}}},"fnMap":{"0":{"name":"(anonymous_0)","decl":{"start":{"line":20,"column":8},"end":{"line":20,"column":9}},"loc":{"start":{"line":20,"column":17},"end":{"line":26,"column":3}},"line":20}},"branchMap":{"0":{"loc":{"start":{"line":9,"column":7},"end":{"line":9,"column":58}},"type":"cond-expr","locations":[{"start":{"line":9,"column":48},"end":{"line":9,"column":52}},{"start":{"line":9,"column":55},"end":{"line":9,"column":58}}],"line":9},"1":{"loc":{"start":{"line":22,"column":4},"end":{"line":24,"column":5}},"type":"if","locations":[{"start":{"line":22,"column":4},"end":{"line":24,"column":5}},{"start":{},"end":{}}],"line":22}},"s":{"0":1,"1":1,"2":17,"3":0,"4":17,"5":1},"f":{"0":17},"b":{"0":[0,1],"1":[0,17]},"_coverageSchema":"1a1c01bbd47fc00a2c39e90264f33305004495a9","hash":"9899049b3fa0819c281ed194b12619226b17d8c9"}
,"D:\\app\\app\\backend\\routes\\cart.js": {"path":"D:\\app\\app\\backend\\routes\\cart.js","statementMap":{"0":{"start":{"line":1,"column":16},"end":{"line":1,"column":34}},"1":{"start":{"line":2,"column":15},"end":{"line":2,"column":31}},"2":{"start":{"line":3,"column":35},"end":{"line":3,"column":63}},"3":{"start":{"line":4,"column":18},"end":{"line":4,"column":52}},"4":{"start":{"line":5,"column":17},"end":{"line":5,"column":46}},"5":{"start":{"line":11,"column":0},"end":{"line":70,"column":3}},"6":{"start":{"line":12,"column":2},"end":{"line":69,"column":3}},"7":{"start":{"line":14,"column":43},"end":{"line":18,"column":15}},"8":{"start":{"line":20,"column":4},"end":{"line":32,"column":5}},"9":{"start":{"line":22,"column":52},"end":{"line":26,"column":17}},"10":{"start":{"line":28,"column":6},"end":{"line":28,"column":41}},"11":{"start":{"line":28,"column":23},"end":{"line":28,"column":41}},"12":{"start":{"line":29,"column":6},"end":{"line":29,"column":21}},"13":{"start":{"line":30,"column":11},"end":{"line":32,"column":5}},"14":{"start":{"line":31,"column":6},"end":{"line":31,"column":22}},"15":{"start":{"line":35,"column":51},"end":{"line":38,"column":37}},"16":{"start":{"line":40,"column":4},"end":{"line":40,"column":37}},"17":{"start":{"line":40,"column":20},"end":{"line":40,"column":37}},"18":{"start":{"line":42,"column":18},"end":{"line":54,"column":9}},"19":{"start":{"line":43,"column":22},"end":{"line":43,"column":34}},"20":{"start":{"line":44,"column":20},"end":{"line":54,"column":7}},"21":{"start":{"line":56,"column":18},"end":{"line":56,"column":69}},"22":{"start":{"line":56,"column":46},"end":{"line":56,"column":65}},"23":{"start":{"line":58,"column":4},"end":{"line":66,"column":7}},"24":{"start":{"line":68,"column":4},"end":{"line":68,"column":16}},"25":{"start":{"line":76,"column":0},"end":{"line":188,"column":2}},"26":{"start":{"line":83,"column":4},"end":{"line":186,"column":5}},"27":{"start":{"line":84,"column":21},"end":{"line":84,"column":42}},"28":{"start":{"line":85,"column":6},"end":{"line":94,"column":7}},"29":{"start":{"line":86,"column":8},"end":{"line":93,"column":11}},"30":{"start":{"line":96,"column":35},"end":{"line":96,"column":43}},"31":{"start":{"line":99,"column":47},"end":{"line":103,"column":17}},"32":{"start":{"line":105,"column":6},"end":{"line":113,"column":7}},"33":{"start":{"line":106,"column":8},"end":{"line":112,"column":11}},"34":{"start":{"line":115,"column":6},"end":{"line":123,"column":7}},"35":{"start":{"line":116,"column":8},"end":{"line":122,"column":11}},"36":{"start":{"line":126,"column":45},"end":{"line":130,"column":17}},"37":{"start":{"line":132,"column":6},"end":{"line":143,"column":7}},"38":{"start":{"line":133,"column":54},"end":{"line":137,"column":19}},"39":{"start":{"line":139,"column":8},"end":{"line":139,"column":43}},"40":{"start":{"line":139,"column":25},"end":{"line":139,"column":43}},"41":{"start":{"line":140,"column":8},"end":{"line":140,"column":23}},"42":{"start":{"line":141,"column":13},"end":{"line":143,"column":7}},"43":{"start":{"line":142,"column":8},"end":{"line":142,"column":24}},"44":{"start":{"line":146,"column":37},"end":{"line":151,"column":17}},"45":{"start":{"line":153,"column":6},"end":{"line":172,"column":7}},"46":{"start":{"line":155,"column":39},"end":{"line":158,"column":36}},"47":{"start":{"line":160,"column":8},"end":{"line":160,"column":43}},"48":{"start":{"line":160,"column":25},"end":{"line":160,"column":43}},"49":{"start":{"line":163,"column":39},"end":{"line":169,"column":12}},"50":{"start":{"line":171,"column":8},"end":{"line":171,"column":43}},"51":{"start":{"line":171,"column":25},"end":{"line":171,"column":43}},"52":{"start":{"line":175,"column":6},"end":{"line":178,"column":27}},"53":{"start":{"line":180,"column":6},"end":{"line":183,"column":9}},"54":{"start":{"line":185,"column":6},"end":{"line":185,"column":18}},"55":{"start":{"line":194,"column":0},"end":{"line":262,"column":2}},"56":{"start":{"line":200,"column":4},"end":{"line":260,"column":5}},"57":{"start":{"line":201,"column":21},"end":{"line":201,"column":42}},"58":{"start":{"line":202,"column":6},"end":{"line":211,"column":7}},"59":{"start":{"line":203,"column":8},"end":{"line":210,"column":11}},"60":{"start":{"line":213,"column":21},"end":{"line":213,"column":31}},"61":{"start":{"line":214,"column":27},"end":{"line":214,"column":35}},"62":{"start":{"line":217,"column":29},"end":{"line":221,"column":17}},"63":{"start":{"line":223,"column":6},"end":{"line":231,"column":7}},"64":{"start":{"line":224,"column":8},"end":{"line":230,"column":11}},"65":{"start":{"line":234,"column":40},"end":{"line":240,"column":17}},"66":{"start":{"line":242,"column":6},"end":{"line":250,"column":7}},"67":{"start":{"line":243,"column":8},"end":{"line":249,"column":11}},"68":{"start":{"line":252,"column":6},"end":{"line":252,"column":29}},"69":{"start":{"line":252,"column":17},"end":{"line":252,"column":29}},"70":{"start":{"line":254,"column":6},"end":{"line":257,"column":9}},"71":{"start":{"line":259,"column":6},"end":{"line":259,"column":18}},"72":{"start":{"line":268,"column":0},"end":{"line":305,"column":3}},"73":{"start":{"line":269,"column":2},"end":{"line":304,"column":3}},"74":{"start":{"line":270,"column":19},"end":{"line":270,"column":29}},"75":{"start":{"line":273,"column":27},"end":{"line":277,"column":15}},"76":{"start":{"line":279,"column":4},"end":{"line":287,"column":5}},"77":{"start":{"line":280,"column":6},"end":{"line":286,"column":9}},"78":{"start":{"line":290,"column":22},"end":{"line":294,"column":29}},"79":{"start":{"line":296,"column":4},"end":{"line":296,"column":27}},"80":{"start":{"line":296,"column":15},"end":{"line":296,"column":27}},"81":{"start":{"line":298,"column":4},"end":{"line":301,"column":7}},"82":{"start":{"line":303,"column":4},"end":{"line":303,"column":16}},"83":{"start":{"line":307,"column":0},"end":{"line":307,"column":24}}},"fnMap":{"0":{"name":"(anonymous_0)","decl":{"start":{"line":11,"column":27},"end":{"line":11,"column":28}},"loc":{"start":{"line":11,"column":53},"end":{"line":70,"column":1}},"line":11},"1":{"name":"(anonymous_1)","decl":{"start":{"line":43,"column":14},"end":{"line":43,"column":15}},"loc":{"start":{"line":43,"column":22},"end":{"line":43,"column":34}},"line":43},"2":{"name":"(anonymous_2)","decl":{"start":{"line":44,"column":11},"end":{"line":44,"column":12}},"loc":{"start":{"line":44,"column":20},"end":{"line":54,"column":7}},"line":44},"3":{"name":"(anonymous_3)","decl":{"start":{"line":56,"column":31},"end":{"line":56,"column":32}},"loc":{"start":{"line":56,"column":46},"end":{"line":56,"column":65}},"line":56},"4":{"name":"(anonymous_4)","decl":{"start":{"line":82,"column":2},"end":{"line":82,"column":3}},"loc":{"start":{"line":82,"column":28},"end":{"line":187,"column":3}},"line":82},"5":{"name":"(anonymous_5)","decl":{"start":{"line":199,"column":2},"end":{"line":199,"column":3}},"loc":{"start":{"line":199,"column":28},"end":{"line":261,"column":3}},"line":199},"6":{"name":"(anonymous_6)","decl":{"start":{"line":268,"column":33},"end":{"line":268,"column":34}},"loc":{"start":{"line":268,"column":59},"end":{"line":305,"column":1}},"line":268}},"branchMap":{"0":{"loc":{"start":{"line":20,"column":4},"end":{"line":32,"column":5}},"type":"if","locations":[{"start":{"line":20,"column":4},"end":{"line":32,"column":5}},{"start":{"line":30,"column":11},"end":{"line":32,"column":5}}],"line":20},"1":{"loc":{"start":{"line":20,"column":8},"end":{"line":20,"column":50}},"type":"binary-expr","locations":[{"start":{"line":20,"column":8},"end":{"line":20,"column":17}},{"start":{"line":20,"column":21},"end":{"line":20,"column":50}}],"line":20},"2":{"loc":{"start":{"line":28,"column":6},"end":{"line":28,"column":41}},"type":"if","locations":[{"start":{"line":28,"column":6},"end":{"line":28,"column":41}},{"start":{},"end":{}}],"line":28},"3":{"loc":{"start":{"line":30,"column":11},"end":{"line":32,"column":5}},"type":"if","locations":[{"start":{"line":30,"column":11},"end":{"line":32,"column":5}},{"start":{},"end":{}}],"line":30},"4":{"loc":{"start":{"line":40,"column":4},"end":{"line":40,"column":37}},"type":"if","locations":[{"start":{"line":40,"column":4},"end":{"line":40,"column":37}},{"start":{},"end":{}}],"line":40},"5":{"loc":{"start":{"line":85,"column":6},"end":{"line":94,"column":7}},"type":"if","locations":[{"start":{"line":85,"column":6},"end":{"line":94,"column":7}},{"start":{},"end":{}}],"line":85},"6":{"loc":{"start":{"line":105,"column":6},"end":{"line":113,"column":7}},"type":"if","locations":[{"start":{"line":105,"column":6},"end":{"line":113,"column":7}},{"start":{},"end":{}}],"line":105},"7":{"loc":{"start":{"line":105,"column":10},"end":{"line":105,"column":28}},"type":"binary-expr","locations":[{"start":{"line":105,"column":10},"end":{"line":105,"column":19}},{"start":{"line":105,"column":23},"end":{"line":105,"column":28}}],"line":105},"8":{"loc":{"start":{"line":115,"column":6},"end":{"line":123,"column":7}},"type":"if","locations":[{"start":{"line":115,"column":6},"end":{"line":123,"column":7}},{"start":{},"end":{}}],"line":115},"9":{"loc":{"start":{"line":132,"column":6},"end":{"line":143,"column":7}},"type":"if","locations":[{"start":{"line":132,"column":6},"end":{"line":143,"column":7}},{"start":{"line":141,"column":13},"end":{"line":143,"column":7}}],"line":132},"10":{"loc":{"start":{"line":132,"column":10},"end":{"line":132,"column":52}},"type":"binary-expr","locations":[{"start":{"line":132,"column":10},"end":{"line":132,"column":19}},{"start":{"line":132,"column":23},"end":{"line":132,"column":52}}],"line":132},"11":{"loc":{"start":{"line":139,"column":8},"end":{"line":139,"column":43}},"type":"if","locations":[{"start":{"line":139,"column":8},"end":{"line":139,"column":43}},{"start":{},"end":{}}],"line":139},"12":{"loc":{"start":{"line":141,"column":13},"end":{"line":143,"column":7}},"type":"if","locations":[{"start":{"line":141,"column":13},"end":{"line":143,"column":7}},{"start":{},"end":{}}],"line":141},"13":{"loc":{"start":{"line":153,"column":6},"end":{"line":172,"column":7}},"type":"if","locations":[{"start":{"line":153,"column":6},"end":{"line":172,"column":7}},{"start":{"line":161,"column":13},"end":{"line":172,"column":7}}],"line":153},"14":{"loc":{"start":{"line":160,"column":8},"end":{"line":160,"column":43}},"type":"if","locations":[{"start":{"line":160,"column":8},"end":{"line":160,"column":43}},{"start":{},"end":{}}],"line":160},"15":{"loc":{"start":{"line":171,"column":8},"end":{"line":171,"column":43}},"type":"if","locations":[{"start":{"line":171,"column":8},"end":{"line":171,"column":43}},{"start":{},"end":{}}],"line":171},"16":{"loc":{"start":{"line":202,"column":6},"end":{"line":211,"column":7}},"type":"if","locations":[{"start":{"line":202,"column":6},"end":{"line":211,"column":7}},{"start":{},"end":{}}],"line":202},"17":{"loc":{"start":{"line":223,"column":6},"end":{"line":231,"column":7}},"type":"if","locations":[{"start":{"line":223,"column":6},"end":{"line":231,"column":7}},{"start":{},"end":{}}],"line":223},"18":{"loc":{"start":{"line":242,"column":6},"end":{"line":250,"column":7}},"type":"if","locations":[{"start":{"line":242,"column":6},"end":{"line":250,"column":7}},{"start":{},"end":{}}],"line":242},"19":{"loc":{"start":{"line":242,"column":10},"end":{"line":242,"column":44}},"type":"binary-expr","locations":[{"start":{"line":242,"column":10},"end":{"line":242,"column":15}},{"start":{"line":242,"column":19},"end":{"line":242,"column":44}}],"line":242},"20":{"loc":{"start":{"line":252,"column":6},"end":{"line":252,"column":29}},"type":"if","locations":[{"start":{"line":252,"column":6},"end":{"line":252,"column":29}},{"start":{},"end":{}}],"line":252},"21":{"loc":{"start":{"line":279,"column":4},"end":{"line":287,"column":5}},"type":"if","locations":[{"start":{"line":279,"column":4},"end":{"line":287,"column":5}},{"start":{},"end":{}}],"line":279},"22":{"loc":{"start":{"line":296,"column":4},"end":{"line":296,"column":27}},"type":"if","locations":[{"start":{"line":296,"column":4},"end":{"line":296,"column":27}},{"start":{},"end":{}}],"line":296}},"s":{"0":1,"1":1,"2":1,"3":1,"4":1,"5":1,"6":0,"7":0,"8":0,"9":0,"10":0,"11":0,"12":0,"13":0,"14":0,"15":0,"16":0,"17":0,"18":0,"19":0,"20":0,"21":0,"22":0,"23":0,"24":0,"25":1,"26":0,"27":0,"28":0,"29":0,"30":0,"31":0,"32":0,"33":0,"34":0,"35":0,"36":0,"37":0,"38":0,"39":0,"40":0,"41":0,"42":0,"43":0,"44":0,"45":0,"46":0,"47":0,"48":0,"49":0,"50":0,"51":0,"52":0,"53":0,"54":0,"55":1,"56":0,"57":0,"58":0,"59":0,"60":0,"61":0,"62":0,"63":0,"64":0,"65":0,"66":0,"67":0,"68":0,"69":0,"70":0,"71":0,"72":1,"73":0,"74":0,"75":0,"76":0,"77":0,"78":0,"79":0,"80":0,"81":0,"82":0,"83":1},"f":{"0":0,"1":0,"2":0,"3":0,"4":0,"5":0,"6":0},"b":{"0":[0,0],"1":[0,0],"2":[0,0],"3":[0,0],"4":[0,0],"5":[0,0],"6":[0,0],"7":[0,0],"8":[0,0],"9":[0,0],"10":[0,0],"11":[0,0],"12":[0,0],"13":[0,0],"14":[0,0],"15":[0,0],"16":[0,0],"17":[0,0],"18":[0,0],"19":[0,0],"20":[0,0],"21":[0,0],"22":[0,0]},"_coverageSchema":"1a1c01bbd47fc00a2c39e90264f33305004495a9","hash":"b234a62426af99063e0b619c65d8498f77c444a3"}
,"D:\\app\\app\\backend\\routes\\favorites.js": {"path":"D:\\app\\app\\backend\\routes\\favorites.js","statementMap":{"0":{"start":{"line":1,"column":16},"end":{"line":1,"column":34}},"1":{"start":{"line":2,"column":15},"end":{"line":2,"column":31}},"2":{"start":{"line":3,"column":35},"end":{"line":3,"column":63}},"3":{"start":{"line":4,"column":18},"end":{"line":4,"column":52}},"4":{"start":{"line":5,"column":17},"end":{"line":5,"column":46}},"5":{"start":{"line":11,"column":0},"end":{"line":38,"column":3}},"6":{"start":{"line":12,"column":2},"end":{"line":37,"column":3}},"7":{"start":{"line":13,"column":39},"end":{"line":17,"column":48}},"8":{"start":{"line":19,"column":4},"end":{"line":19,"column":27}},"9":{"start":{"line":19,"column":15},"end":{"line":19,"column":27}},"10":{"start":{"line":21,"column":4},"end":{"line":34,"column":7}},"11":{"start":{"line":23,"column":39},"end":{"line":32,"column":7}},"12":{"start":{"line":36,"column":4},"end":{"line":36,"column":16}},"13":{"start":{"line":44,"column":0},"end":{"line":125,"column":2}},"14":{"start":{"line":50,"column":4},"end":{"line":123,"column":5}},"15":{"start":{"line":51,"column":21},"end":{"line":51,"column":42}},"16":{"start":{"line":52,"column":6},"end":{"line":61,"column":7}},"17":{"start":{"line":53,"column":8},"end":{"line":60,"column":11}},"18":{"start":{"line":63,"column":25},"end":{"line":63,"column":33}},"19":{"start":{"line":66,"column":47},"end":{"line":70,"column":17}},"20":{"start":{"line":72,"column":6},"end":{"line":80,"column":7}},"21":{"start":{"line":73,"column":8},"end":{"line":79,"column":11}},"22":{"start":{"line":83,"column":33},"end":{"line":88,"column":17}},"23":{"start":{"line":90,"column":6},"end":{"line":98,"column":7}},"24":{"start":{"line":91,"column":8},"end":{"line":97,"column":11}},"25":{"start":{"line":101,"column":40},"end":{"line":108,"column":17}},"26":{"start":{"line":110,"column":6},"end":{"line":110,"column":29}},"27":{"start":{"line":110,"column":17},"end":{"line":110,"column":29}},"28":{"start":{"line":112,"column":6},"end":{"line":120,"column":9}},"29":{"start":{"line":122,"column":6},"end":{"line":122,"column":18}},"30":{"start":{"line":131,"column":0},"end":{"line":162,"column":3}},"31":{"start":{"line":132,"column":2},"end":{"line":161,"column":3}},"32":{"start":{"line":133,"column":19},"end":{"line":133,"column":29}},"33":{"start":{"line":135,"column":38},"end":{"line":141,"column":15}},"34":{"start":{"line":143,"column":4},"end":{"line":151,"column":5}},"35":{"start":{"line":144,"column":6},"end":{"line":150,"column":9}},"36":{"start":{"line":153,"column":4},"end":{"line":153,"column":27}},"37":{"start":{"line":153,"column":15},"end":{"line":153,"column":27}},"38":{"start":{"line":155,"column":4},"end":{"line":158,"column":7}},"39":{"start":{"line":160,"column":4},"end":{"line":160,"column":16}},"40":{"start":{"line":164,"column":0},"end":{"line":164,"column":24}}},"fnMap":{"0":{"name":"(anonymous_0)","decl":{"start":{"line":11,"column":27},"end":{"line":11,"column":28}},"loc":{"start":{"line":11,"column":53},"end":{"line":38,"column":1}},"line":11},"1":{"name":"(anonymous_1)","decl":{"start":{"line":23,"column":31},"end":{"line":23,"column":32}},"loc":{"start":{"line":23,"column":39},"end":{"line":32,"column":7}},"line":23},"2":{"name":"(anonymous_2)","decl":{"start":{"line":49,"column":2},"end":{"line":49,"column":3}},"loc":{"start":{"line":49,"column":28},"end":{"line":124,"column":3}},"line":49},"3":{"name":"(anonymous_3)","decl":{"start":{"line":131,"column":33},"end":{"line":131,"column":34}},"loc":{"start":{"line":131,"column":59},"end":{"line":162,"column":1}},"line":131}},"branchMap":{"0":{"loc":{"start":{"line":19,"column":4},"end":{"line":19,"column":27}},"type":"if","locations":[{"start":{"line":19,"column":4},"end":{"line":19,"column":27}},{"start":{},"end":{}}],"line":19},"1":{"loc":{"start":{"line":52,"column":6},"end":{"line":61,"column":7}},"type":"if","locations":[{"start":{"line":52,"column":6},"end":{"line":61,"column":7}},{"start":{},"end":{}}],"line":52},"2":{"loc":{"start":{"line":72,"column":6},"end":{"line":80,"column":7}},"type":"if","locations":[{"start":{"line":72,"column":6},"end":{"line":80,"column":7}},{"start":{},"end":{}}],"line":72},"3":{"loc":{"start":{"line":72,"column":10},"end":{"line":72,"column":28}},"type":"binary-expr","locations":[{"start":{"line":72,"column":10},"end":{"line":72,"column":19}},{"start":{"line":72,"column":23},"end":{"line":72,"column":28}}],"line":72},"4":{"loc":{"start":{"line":90,"column":6},"end":{"line":98,"column":7}},"type":"if","locations":[{"start":{"line":90,"column":6},"end":{"line":98,"column":7}},{"start":{},"end":{}}],"line":90},"5":{"loc":{"start":{"line":110,"column":6},"end":{"line":110,"column":29}},"type":"if","locations":[{"start":{"line":110,"column":6},"end":{"line":110,"column":29}},{"start":{},"end":{}}],"line":110},"6":{"loc":{"start":{"line":143,"column":4},"end":{"line":151,"column":5}},"type":"if","locations":[{"start":{"line":143,"column":4},"end":{"line":151,"column":5}},{"start":{},"end":{}}],"line":143},"7":{"loc":{"start":{"line":143,"column":8},"end":{"line":143,"column":42}},"type":"binary-expr","locations":[{"start":{"line":143,"column":8},"end":{"line":143,"column":13}},{"start":{"line":143,"column":17},"end":{"line":143,"column":42}}],"line":143},"8":{"loc":{"start":{"line":153,"column":4},"end":{"line":153,"column":27}},"type":"if","locations":[{"start":{"line":153,"column":4},"end":{"line":153,"column":27}},{"start":{},"end":{}}],"line":153}},"s":{"0":1,"1":1,"2":1,"3":1,"4":1,"5":1,"6":0,"7":0,"8":0,"9":0,"10":0,"11":0,"12":0,"13":1,"14":0,"15":0,"16":0,"17":0,"18":0,"19":0,"20":0,"21":0,"22":0,"23":0,"24":0,"25":0,"26":0,"27":0,"28":0,"29":0,"30":1,"31":0,"32":0,"33":0,"34":0,"35":0,"36":0,"37":0,"38":0,"39":0,"40":1},"f":{"0":0,"1":0,"2":0,"3":0},"b":{"0":[0,0],"1":[0,0],"2":[0,0],"3":[0,0],"4":[0,0],"5":[0,0],"6":[0,0],"7":[0,0],"8":[0,0]},"_coverageSchema":"1a1c01bbd47fc00a2c39e90264f33305004495a9","hash":"901597e24534c8e73d8eca5b2824879f08f763cb"}
,"D:\\app\\app\\backend\\routes\\items.js": {"path":"D:\\app\\app\\backend\\routes\\items.js","statementMap":{"0":{"start":{"line":1,"column":16},"end":{"line":1,"column":34}},"1":{"start":{"line":2,"column":15},"end":{"line":2,"column":31}},"2":{"start":{"line":3,"column":35},"end":{"line":3,"column":63}},"3":{"start":{"line":4,"column":18},"end":{"line":4,"column":52}},"4":{"start":{"line":5,"column":17},"end":{"line":5,"column":46}},"5":{"start":{"line":6,"column":15},"end":{"line":6,"column":32}},"6":{"start":{"line":7,"column":19},"end":{"line":7,"column":43}},"7":{"start":{"line":10,"column":0},"end":{"line":14,"column":3}},"8":{"start":{"line":17,"column":15},"end":{"line":22,"column":2}},"9":{"start":{"line":28,"column":0},"end":{"line":74,"column":3}},"10":{"start":{"line":29,"column":2},"end":{"line":73,"column":3}},"11":{"start":{"line":31,"column":17},"end":{"line":31,"column":46}},"12":{"start":{"line":32,"column":18},"end":{"line":32,"column":49}},"13":{"start":{"line":35,"column":17},"end":{"line":35,"column":35}},"14":{"start":{"line":36,"column":15},"end":{"line":36,"column":31}},"15":{"start":{"line":38,"column":16},"end":{"line":43,"column":22}},"16":{"start":{"line":45,"column":4},"end":{"line":49,"column":5}},"17":{"start":{"line":47,"column":29},"end":{"line":47,"column":54}},"18":{"start":{"line":48,"column":6},"end":{"line":48,"column":61}},"19":{"start":{"line":51,"column":42},"end":{"line":51,"column":53}},"20":{"start":{"line":53,"column":4},"end":{"line":53,"column":27}},"21":{"start":{"line":53,"column":15},"end":{"line":53,"column":27}},"22":{"start":{"line":55,"column":4},"end":{"line":70,"column":7}},"23":{"start":{"line":57,"column":32},"end":{"line":66,"column":7}},"24":{"start":{"line":72,"column":4},"end":{"line":72,"column":16}},"25":{"start":{"line":79,"column":0},"end":{"line":189,"column":2}},"26":{"start":{"line":87,"column":23},"end":{"line":87,"column":45}},"27":{"start":{"line":92,"column":4},"end":{"line":187,"column":5}},"28":{"start":{"line":93,"column":6},"end":{"line":100,"column":9}},"29":{"start":{"line":102,"column":21},"end":{"line":102,"column":42}},"30":{"start":{"line":103,"column":6},"end":{"line":113,"column":7}},"31":{"start":{"line":104,"column":8},"end":{"line":104,"column":60}},"32":{"start":{"line":105,"column":8},"end":{"line":112,"column":11}},"33":{"start":{"line":115,"column":91},"end":{"line":115,"column":99}},"34":{"start":{"line":117,"column":6},"end":{"line":117,"column":51}},"35":{"start":{"line":120,"column":31},"end":{"line":123,"column":8}},"36":{"start":{"line":126,"column":28},"end":{"line":126,"column":30}},"37":{"start":{"line":127,"column":4},"end":{"line":135,"column":1}},"38":{"start":{"line":128,"column":5},"end":{"line":134,"column":7}},"39":{"start":{"line":129,"column":22},"end":{"line":132,"column":9}},"40":{"start":{"line":133,"column":8},"end":{"line":133,"column":48}},"41":{"start":{"line":138,"column":6},"end":{"line":138,"column":79}},"42":{"start":{"line":139,"column":23},"end":{"line":139,"column":50}},"43":{"start":{"line":141,"column":6},"end":{"line":141,"column":46}},"44":{"start":{"line":144,"column":36},"end":{"line":159,"column":17}},"45":{"start":{"line":161,"column":6},"end":{"line":164,"column":7}},"46":{"start":{"line":162,"column":8},"end":{"line":162,"column":48}},"47":{"start":{"line":163,"column":8},"end":{"line":163,"column":20}},"48":{"start":{"line":166,"column":6},"end":{"line":166,"column":57}},"49":{"start":{"line":168,"column":6},"end":{"line":183,"column":9}},"50":{"start":{"line":185,"column":6},"end":{"line":185,"column":49}},"51":{"start":{"line":186,"column":6},"end":{"line":186,"column":18}},"52":{"start":{"line":195,"column":0},"end":{"line":225,"column":3}},"53":{"start":{"line":196,"column":2},"end":{"line":224,"column":3}},"54":{"start":{"line":197,"column":19},"end":{"line":197,"column":29}},"55":{"start":{"line":199,"column":34},"end":{"line":204,"column":15}},"56":{"start":{"line":206,"column":4},"end":{"line":214,"column":5}},"57":{"start":{"line":207,"column":6},"end":{"line":213,"column":9}},"58":{"start":{"line":216,"column":4},"end":{"line":216,"column":27}},"59":{"start":{"line":216,"column":15},"end":{"line":216,"column":27}},"60":{"start":{"line":218,"column":4},"end":{"line":221,"column":7}},"61":{"start":{"line":223,"column":4},"end":{"line":223,"column":16}},"62":{"start":{"line":231,"column":0},"end":{"line":270,"column":3}},"63":{"start":{"line":232,"column":2},"end":{"line":269,"column":3}},"64":{"start":{"line":233,"column":19},"end":{"line":233,"column":29}},"65":{"start":{"line":235,"column":34},"end":{"line":239,"column":15}},"66":{"start":{"line":241,"column":4},"end":{"line":249,"column":5}},"67":{"start":{"line":242,"column":6},"end":{"line":248,"column":9}},"68":{"start":{"line":251,"column":4},"end":{"line":251,"column":27}},"69":{"start":{"line":251,"column":15},"end":{"line":251,"column":27}},"70":{"start":{"line":253,"column":4},"end":{"line":266,"column":7}},"71":{"start":{"line":268,"column":4},"end":{"line":268,"column":16}},"72":{"start":{"line":272,"column":0},"end":{"line":272,"column":24}}},"fnMap":{"0":{"name":"(anonymous_0)","decl":{"start":{"line":28,"column":27},"end":{"line":28,"column":28}},"loc":{"start":{"line":28,"column":53},"end":{"line":74,"column":1}},"line":28},"1":{"name":"(anonymous_1)","decl":{"start":{"line":57,"column":23},"end":{"line":57,"column":24}},"loc":{"start":{"line":57,"column":32},"end":{"line":66,"column":7}},"line":57},"2":{"name":"(anonymous_2)","decl":{"start":{"line":87,"column":14},"end":{"line":87,"column":15}},"loc":{"start":{"line":87,"column":23},"end":{"line":87,"column":45}},"line":87},"3":{"name":"(anonymous_3)","decl":{"start":{"line":91,"column":2},"end":{"line":91,"column":3}},"loc":{"start":{"line":91,"column":28},"end":{"line":188,"column":3}},"line":91},"4":{"name":"(anonymous_4)","decl":{"start":{"line":195,"column":33},"end":{"line":195,"column":34}},"loc":{"start":{"line":195,"column":59},"end":{"line":225,"column":1}},"line":195},"5":{"name":"(anonymous_5)","decl":{"start":{"line":231,"column":30},"end":{"line":231,"column":31}},"loc":{"start":{"line":231,"column":56},"end":{"line":270,"column":1}},"line":231}},"branchMap":{"0":{"loc":{"start":{"line":31,"column":17},"end":{"line":31,"column":46}},"type":"binary-expr","locations":[{"start":{"line":31,"column":17},"end":{"line":31,"column":41}},{"start":{"line":31,"column":45},"end":{"line":31,"column":46}}],"line":31},"1":{"loc":{"start":{"line":32,"column":18},"end":{"line":32,"column":49}},"type":"binary-expr","locations":[{"start":{"line":32,"column":18},"end":{"line":32,"column":43}},{"start":{"line":32,"column":47},"end":{"line":32,"column":49}}],"line":32},"2":{"loc":{"start":{"line":45,"column":4},"end":{"line":49,"column":5}},"type":"if","locations":[{"start":{"line":45,"column":4},"end":{"line":49,"column":5}},{"start":{},"end":{}}],"line":45},"3":{"loc":{"start":{"line":53,"column":4},"end":{"line":53,"column":27}},"type":"if","locations":[{"start":{"line":53,"column":4},"end":{"line":53,"column":27}},{"start":{},"end":{}}],"line":53},"4":{"loc":{"start":{"line":103,"column":6},"end":{"line":113,"column":7}},"type":"if","locations":[{"start":{"line":103,"column":6},"end":{"line":113,"column":7}},{"start":{},"end":{}}],"line":103},"5":{"loc":{"start":{"line":127,"column":4},"end":{"line":135,"column":1}},"type":"if","locations":[{"start":{"line":127,"column":4},"end":{"line":135,"column":1}},{"start":{},"end":{}}],"line":127},"6":{"loc":{"start":{"line":151,"column":23},"end":{"line":151,"column":42}},"type":"binary-expr","locations":[{"start":{"line":151,"column":23},"end":{"line":151,"column":34}},{"start":{"line":151,"column":38},"end":{"line":151,"column":42}}],"line":151},"7":{"loc":{"start":{"line":161,"column":6},"end":{"line":164,"column":7}},"type":"if","locations":[{"start":{"line":161,"column":6},"end":{"line":164,"column":7}},{"start":{},"end":{}}],"line":161},"8":{"loc":{"start":{"line":206,"column":4},"end":{"line":214,"column":5}},"type":"if","locations":[{"start":{"line":206,"column":4},"end":{"line":214,"column":5}},{"start":{},"end":{}}],"line":206},"9":{"loc":{"start":{"line":206,"column":8},"end":{"line":206,"column":42}},"type":"binary-expr","locations":[{"start":{"line":206,"column":8},"end":{"line":206,"column":13}},{"start":{"line":206,"column":17},"end":{"line":206,"column":42}}],"line":206},"10":{"loc":{"start":{"line":216,"column":4},"end":{"line":216,"column":27}},"type":"if","locations":[{"start":{"line":216,"column":4},"end":{"line":216,"column":27}},{"start":{},"end":{}}],"line":216},"11":{"loc":{"start":{"line":241,"column":4},"end":{"line":249,"column":5}},"type":"if","locations":[{"start":{"line":241,"column":4},"end":{"line":249,"column":5}},{"start":{},"end":{}}],"line":241},"12":{"loc":{"start":{"line":241,"column":8},"end":{"line":241,"column":42}},"type":"binary-expr","locations":[{"start":{"line":241,"column":8},"end":{"line":241,"column":13}},{"start":{"line":241,"column":17},"end":{"line":241,"column":42}}],"line":241},"13":{"loc":{"start":{"line":251,"column":4},"end":{"line":251,"column":27}},"type":"if","locations":[{"start":{"line":251,"column":4},"end":{"line":251,"column":27}},{"start":{},"end":{}}],"line":251},"14":{"loc":{"start":{"line":262,"column":25},"end":{"line":262,"column":68}},"type":"binary-expr","locations":[{"start":{"line":262,"column":25},"end":{"line":262,"column":45}},{"start":{"line":262,"column":47},"end":{"line":262,"column":68}}],"line":262}},"s":{"0":1,"1":1,"2":1,"3":1,"4":1,"5":1,"6":1,"7":1,"8":1,"9":1,"10":0,"11":0,"12":0,"13":0,"14":0,"15":0,"16":0,"17":0,"18":0,"19":0,"20":0,"21":0,"22":0,"23":0,"24":0,"25":1,"26":0,"27":0,"28":0,"29":0,"30":0,"31":0,"32":0,"33":0,"34":0,"35":0,"36":0,"37":0,"38":0,"39":0,"40":0,"41":0,"42":0,"43":0,"44":0,"45":0,"46":0,"47":0,"48":0,"49":0,"50":0,"51":0,"52":1,"53":0,"54":0,"55":0,"56":0,"57":0,"58":0,"59":0,"60":0,"61":0,"62":1,"63":0,"64":0,"65":0,"66":0,"67":0,"68":0,"69":0,"70":0,"71":0,"72":1},"f":{"0":0,"1":0,"2":0,"3":0,"4":0,"5":0},"b":{"0":[0,0],"1":[0,0],"2":[0,0],"3":[0,0],"4":[0,0],"5":[0,0],"6":[0,0],"7":[0,0],"8":[0,0],"9":[0,0],"10":[0,0],"11":[0,0],"12":[0,0],"13":[0,0],"14":[0,0]},"_coverageSchema":"1a1c01bbd47fc00a2c39e90264f33305004495a9","hash":"3a6d508e91d5746a73a3e9134c28e535fd85bdb4"}
,"D:\\app\\app\\backend\\routes\\orders.js": {"path":"D:\\app\\app\\backend\\routes\\orders.js","statementMap":{"0":{"start":{"line":1,"column":16},"end":{"line":1,"column":34}},"1":{"start":{"line":2,"column":15},"end":{"line":2,"column":31}},"2":{"start":{"line":3,"column":35},"end":{"line":3,"column":63}},"3":{"start":{"line":4,"column":18},"end":{"line":4,"column":52}},"4":{"start":{"line":5,"column":17},"end":{"line":5,"column":46}},"5":{"start":{"line":11,"column":0},"end":{"line":60,"column":3}},"6":{"start":{"line":12,"column":2},"end":{"line":59,"column":3}},"7":{"start":{"line":13,"column":34},"end":{"line":18,"column":15}},"8":{"start":{"line":20,"column":4},"end":{"line":22,"column":5}},"9":{"start":{"line":21,"column":6},"end":{"line":21,"column":18}},"10":{"start":{"line":24,"column":4},"end":{"line":32,"column":5}},"11":{"start":{"line":25,"column":6},"end":{"line":31,"column":9}},"12":{"start":{"line":34,"column":4},"end":{"line":56,"column":7}},"13":{"start":{"line":58,"column":4},"end":{"line":58,"column":16}},"14":{"start":{"line":66,"column":0},"end":{"line":147,"column":2}},"15":{"start":{"line":80,"column":4},"end":{"line":145,"column":5}},"16":{"start":{"line":81,"column":21},"end":{"line":81,"column":42}},"17":{"start":{"line":82,"column":6},"end":{"line":91,"column":7}},"18":{"start":{"line":83,"column":8},"end":{"line":90,"column":11}},"19":{"start":{"line":93,"column":22},"end":{"line":93,"column":24}},"20":{"start":{"line":95,"column":6},"end":{"line":95,"column":54}},"21":{"start":{"line":95,"column":25},"end":{"line":95,"column":54}},"22":{"start":{"line":96,"column":6},"end":{"line":96,"column":90}},"23":{"start":{"line":96,"column":46},"end":{"line":96,"column":90}},"24":{"start":{"line":98,"column":6},"end":{"line":104,"column":7}},"25":{"start":{"line":99,"column":8},"end":{"line":99,"column":100}},"26":{"start":{"line":99,"column":51},"end":{"line":99,"column":100}},"27":{"start":{"line":100,"column":8},"end":{"line":100,"column":94}},"28":{"start":{"line":100,"column":49},"end":{"line":100,"column":94}},"29":{"start":{"line":101,"column":8},"end":{"line":101,"column":97}},"30":{"start":{"line":101,"column":50},"end":{"line":101,"column":97}},"31":{"start":{"line":102,"column":8},"end":{"line":102,"column":104}},"32":{"start":{"line":102,"column":52},"end":{"line":102,"column":104}},"33":{"start":{"line":103,"column":8},"end":{"line":103,"column":109}},"34":{"start":{"line":103,"column":54},"end":{"line":103,"column":109}},"35":{"start":{"line":106,"column":6},"end":{"line":109,"column":7}},"36":{"start":{"line":107,"column":8},"end":{"line":107,"column":94}},"37":{"start":{"line":107,"column":49},"end":{"line":107,"column":94}},"38":{"start":{"line":108,"column":8},"end":{"line":108,"column":94}},"39":{"start":{"line":108,"column":49},"end":{"line":108,"column":94}},"40":{"start":{"line":111,"column":36},"end":{"line":116,"column":22}},"41":{"start":{"line":118,"column":6},"end":{"line":118,"column":29}},"42":{"start":{"line":118,"column":17},"end":{"line":118,"column":29}},"43":{"start":{"line":120,"column":6},"end":{"line":142,"column":9}},"44":{"start":{"line":144,"column":6},"end":{"line":144,"column":18}},"45":{"start":{"line":154,"column":0},"end":{"line":154,"column":24}}},"fnMap":{"0":{"name":"(anonymous_0)","decl":{"start":{"line":11,"column":34},"end":{"line":11,"column":35}},"loc":{"start":{"line":11,"column":60},"end":{"line":60,"column":1}},"line":11},"1":{"name":"(anonymous_1)","decl":{"start":{"line":79,"column":2},"end":{"line":79,"column":3}},"loc":{"start":{"line":79,"column":28},"end":{"line":146,"column":3}},"line":79}},"branchMap":{"0":{"loc":{"start":{"line":20,"column":4},"end":{"line":22,"column":5}},"type":"if","locations":[{"start":{"line":20,"column":4},"end":{"line":22,"column":5}},{"start":{},"end":{}}],"line":20},"1":{"loc":{"start":{"line":20,"column":8},"end":{"line":20,"column":42}},"type":"binary-expr","locations":[{"start":{"line":20,"column":8},"end":{"line":20,"column":13}},{"start":{"line":20,"column":17},"end":{"line":20,"column":42}}],"line":20},"2":{"loc":{"start":{"line":24,"column":4},"end":{"line":32,"column":5}},"type":"if","locations":[{"start":{"line":24,"column":4},"end":{"line":32,"column":5}},{"start":{},"end":{}}],"line":24},"3":{"loc":{"start":{"line":49,"column":18},"end":{"line":52,"column":16}},"type":"cond-expr","locations":[{"start":{"line":49,"column":59},"end":{"line":52,"column":9}},{"start":{"line":52,"column":12},"end":{"line":52,"column":16}}],"line":49},"4":{"loc":{"start":{"line":49,"column":18},"end":{"line":49,"column":56}},"type":"binary-expr","locations":[{"start":{"line":49,"column":18},"end":{"line":49,"column":35}},{"start":{"line":49,"column":39},"end":{"line":49,"column":56}}],"line":49},"5":{"loc":{"start":{"line":82,"column":6},"end":{"line":91,"column":7}},"type":"if","locations":[{"start":{"line":82,"column":6},"end":{"line":91,"column":7}},{"start":{},"end":{}}],"line":82},"6":{"loc":{"start":{"line":95,"column":6},"end":{"line":95,"column":54}},"type":"if","locations":[{"start":{"line":95,"column":6},"end":{"line":95,"column":54}},{"start":{},"end":{}}],"line":95},"7":{"loc":{"start":{"line":96,"column":6},"end":{"line":96,"column":90}},"type":"if","locations":[{"start":{"line":96,"column":6},"end":{"line":96,"column":90}},{"start":{},"end":{}}],"line":96},"8":{"loc":{"start":{"line":98,"column":6},"end":{"line":104,"column":7}},"type":"if","locations":[{"start":{"line":98,"column":6},"end":{"line":104,"column":7}},{"start":{},"end":{}}],"line":98},"9":{"loc":{"start":{"line":99,"column":8},"end":{"line":99,"column":100}},"type":"if","locations":[{"start":{"line":99,"column":8},"end":{"line":99,"column":100}},{"start":{},"end":{}}],"line":99},"10":{"loc":{"start":{"line":100,"column":8},"end":{"line":100,"column":94}},"type":"if","locations":[{"start":{"line":100,"column":8},"end":{"line":100,"column":94}},{"start":{},"end":{}}],"line":100},"11":{"loc":{"start":{"line":101,"column":8},"end":{"line":101,"column":97}},"type":"if","locations":[{"start":{"line":101,"column":8},"end":{"line":101,"column":97}},{"start":{},"end":{}}],"line":101},"12":{"loc":{"start":{"line":102,"column":8},"end":{"line":102,"column":104}},"type":"if","locations":[{"start":{"line":102,"column":8},"end":{"line":102,"column":104}},{"start":{},"end":{}}],"line":102},"13":{"loc":{"start":{"line":103,"column":8},"end":{"line":103,"column":109}},"type":"if","locations":[{"start":{"line":103,"column":8},"end":{"line":103,"column":109}},{"start":{},"end":{}}],"line":103},"14":{"loc":{"start":{"line":106,"column":6},"end":{"line":109,"column":7}},"type":"if","locations":[{"start":{"line":106,"column":6},"end":{"line":109,"column":7}},{"start":{},"end":{}}],"line":106},"15":{"loc":{"start":{"line":107,"column":8},"end":{"line":107,"column":94}},"type":"if","locations":[{"start":{"line":107,"column":8},"end":{"line":107,"column":94}},{"start":{},"end":{}}],"line":107},"16":{"loc":{"start":{"line":108,"column":8},"end":{"line":108,"column":94}},"type":"if","locations":[{"start":{"line":108,"column":8},"end":{"line":108,"column":94}},{"start":{},"end":{}}],"line":108},"17":{"loc":{"start":{"line":118,"column":6},"end":{"line":118,"column":29}},"type":"if","locations":[{"start":{"line":118,"column":6},"end":{"line":118,"column":29}},{"start":{},"end":{}}],"line":118},"18":{"loc":{"start":{"line":136,"column":20},"end":{"line":139,"column":18}},"type":"cond-expr","locations":[{"start":{"line":136,"column":61},"end":{"line":139,"column":11}},{"start":{"line":139,"column":14},"end":{"line":139,"column":18}}],"line":136},"19":{"loc":{"start":{"line":136,"column":20},"end":{"line":136,"column":58}},"type":"binary-expr","locations":[{"start":{"line":136,"column":20},"end":{"line":136,"column":37}},{"start":{"line":136,"column":41},"end":{"line":136,"column":58}}],"line":136}},"s":{"0":1,"1":1,"2":1,"3":1,"4":1,"5":1,"6":0,"7":0,"8":0,"9":0,"10":0,"11":0,"12":0,"13":0,"14":1,"15":0,"16":0,"17":0,"18":0,"19":0,"20":0,"21":0,"22":0,"23":0,"24":0,"25":0,"26":0,"27":0,"28":0,"29":0,"30":0,"31":0,"32":0,"33":0,"34":0,"35":0,"36":0,"37":0,"38":0,"39":0,"40":0,"41":0,"42":0,"43":0,"44":0,"45":1},"f":{"0":0,"1":0},"b":{"0":[0,0],"1":[0,0],"2":[0,0],"3":[0,0],"4":[0,0],"5":[0,0],"6":[0,0],"7":[0,0],"8":[0,0],"9":[0,0],"10":[0,0],"11":[0,0],"12":[0,0],"13":[0,0],"14":[0,0],"15":[0,0],"16":[0,0],"17":[0,0],"18":[0,0],"19":[0,0]},"_coverageSchema":"1a1c01bbd47fc00a2c39e90264f33305004495a9","hash":"48f09e87c54fc2a282dd1369a26880e401e01195"}
,"D:\\app\\app\\backend\\routes\\users.js": {"path":"D:\\app\\app\\backend\\routes\\users.js","statementMap":{"0":{"start":{"line":1,"column":16},"end":{"line":1,"column":34}},"1":{"start":{"line":2,"column":15},"end":{"line":2,"column":31}},"2":{"start":{"line":3,"column":35},"end":{"line":3,"column":63}},"3":{"start":{"line":4,"column":18},"end":{"line":4,"column":52}},"4":{"start":{"line":5,"column":17},"end":{"line":5,"column":46}},"5":{"start":{"line":8,"column":0},"end":{"line":44,"column":3}},"6":{"start":{"line":9,"column":2},"end":{"line":43,"column":3}},"7":{"start":{"line":10,"column":34},"end":{"line":15,"column":20}},"8":{"start":{"line":17,"column":4},"end":{"line":17,"column":27}},"9":{"start":{"line":17,"column":15},"end":{"line":17,"column":27}},"10":{"start":{"line":19,"column":4},"end":{"line":24,"column":5}},"11":{"start":{"line":20,"column":6},"end":{"line":23,"column":9}},"12":{"start":{"line":26,"column":4},"end":{"line":40,"column":7}},"13":{"start":{"line":42,"column":4},"end":{"line":42,"column":16}},"14":{"start":{"line":47,"column":0},"end":{"line":116,"column":2}},"15":{"start":{"line":54,"column":4},"end":{"line":114,"column":5}},"16":{"start":{"line":55,"column":6},"end":{"line":55,"column":81}},"17":{"start":{"line":57,"column":21},"end":{"line":57,"column":42}},"18":{"start":{"line":58,"column":6},"end":{"line":60,"column":7}},"19":{"start":{"line":59,"column":8},"end":{"line":59,"column":80}},"20":{"start":{"line":63,"column":22},"end":{"line":66,"column":7}},"21":{"start":{"line":69,"column":6},"end":{"line":69,"column":54}},"22":{"start":{"line":69,"column":25},"end":{"line":69,"column":54}},"23":{"start":{"line":70,"column":6},"end":{"line":70,"column":90}},"24":{"start":{"line":70,"column":46},"end":{"line":70,"column":90}},"25":{"start":{"line":71,"column":6},"end":{"line":71,"column":79}},"26":{"start":{"line":71,"column":33},"end":{"line":71,"column":79}},"27":{"start":{"line":74,"column":6},"end":{"line":78,"column":7}},"28":{"start":{"line":75,"column":8},"end":{"line":77,"column":39}},"29":{"start":{"line":81,"column":6},"end":{"line":89,"column":7}},"30":{"start":{"line":82,"column":8},"end":{"line":88,"column":9}},"31":{"start":{"line":83,"column":10},"end":{"line":83,"column":66}},"32":{"start":{"line":84,"column":10},"end":{"line":84,"column":66}},"33":{"start":{"line":85,"column":15},"end":{"line":88,"column":9}},"34":{"start":{"line":86,"column":10},"end":{"line":86,"column":55}},"35":{"start":{"line":87,"column":10},"end":{"line":87,"column":55}},"36":{"start":{"line":91,"column":6},"end":{"line":91,"column":52}},"37":{"start":{"line":95,"column":30},"end":{"line":99,"column":22}},"38":{"start":{"line":101,"column":6},"end":{"line":104,"column":7}},"39":{"start":{"line":102,"column":8},"end":{"line":102,"column":50}},"40":{"start":{"line":103,"column":8},"end":{"line":103,"column":80}},"41":{"start":{"line":106,"column":6},"end":{"line":110,"column":9}},"42":{"start":{"line":112,"column":6},"end":{"line":112,"column":56}},"43":{"start":{"line":113,"column":6},"end":{"line":113,"column":81}},"44":{"start":{"line":118,"column":0},"end":{"line":118,"column":24}}},"fnMap":{"0":{"name":"(anonymous_0)","decl":{"start":{"line":8,"column":34},"end":{"line":8,"column":35}},"loc":{"start":{"line":8,"column":60},"end":{"line":44,"column":1}},"line":8},"1":{"name":"(anonymous_1)","decl":{"start":{"line":53,"column":2},"end":{"line":53,"column":3}},"loc":{"start":{"line":53,"column":28},"end":{"line":115,"column":3}},"line":53}},"branchMap":{"0":{"loc":{"start":{"line":17,"column":4},"end":{"line":17,"column":27}},"type":"if","locations":[{"start":{"line":17,"column":4},"end":{"line":17,"column":27}},{"start":{},"end":{}}],"line":17},"1":{"loc":{"start":{"line":19,"column":4},"end":{"line":24,"column":5}},"type":"if","locations":[{"start":{"line":19,"column":4},"end":{"line":24,"column":5}},{"start":{},"end":{}}],"line":19},"2":{"loc":{"start":{"line":34,"column":17},"end":{"line":34,"column":45}},"type":"binary-expr","locations":[{"start":{"line":34,"column":17},"end":{"line":34,"column":39}},{"start":{"line":34,"column":43},"end":{"line":34,"column":45}}],"line":34},"3":{"loc":{"start":{"line":35,"column":18},"end":{"line":38,"column":16}},"type":"cond-expr","locations":[{"start":{"line":35,"column":59},"end":{"line":38,"column":9}},{"start":{"line":38,"column":12},"end":{"line":38,"column":16}}],"line":35},"4":{"loc":{"start":{"line":35,"column":18},"end":{"line":35,"column":56}},"type":"binary-expr","locations":[{"start":{"line":35,"column":18},"end":{"line":35,"column":35}},{"start":{"line":35,"column":39},"end":{"line":35,"column":56}}],"line":35},"5":{"loc":{"start":{"line":58,"column":6},"end":{"line":60,"column":7}},"type":"if","locations":[{"start":{"line":58,"column":6},"end":{"line":60,"column":7}},{"start":{},"end":{}}],"line":58},"6":{"loc":{"start":{"line":69,"column":6},"end":{"line":69,"column":54}},"type":"if","locations":[{"start":{"line":69,"column":6},"end":{"line":69,"column":54}},{"start":{},"end":{}}],"line":69},"7":{"loc":{"start":{"line":70,"column":6},"end":{"line":70,"column":90}},"type":"if","locations":[{"start":{"line":70,"column":6},"end":{"line":70,"column":90}},{"start":{},"end":{}}],"line":70},"8":{"loc":{"start":{"line":71,"column":6},"end":{"line":71,"column":79}},"type":"if","locations":[{"start":{"line":71,"column":6},"end":{"line":71,"column":79}},{"start":{},"end":{}}],"line":71},"9":{"loc":{"start":{"line":74,"column":6},"end":{"line":78,"column":7}},"type":"if","locations":[{"start":{"line":74,"column":6},"end":{"line":78,"column":7}},{"start":{},"end":{}}],"line":74},"10":{"loc":{"start":{"line":75,"column":36},"end":{"line":77,"column":38}},"type":"cond-expr","locations":[{"start":{"line":76,"column":12},"end":{"line":76,"column":28}},{"start":{"line":77,"column":12},"end":{"line":77,"column":38}}],"line":75},"11":{"loc":{"start":{"line":81,"column":6},"end":{"line":89,"column":7}},"type":"if","locations":[{"start":{"line":81,"column":6},"end":{"line":89,"column":7}},{"start":{},"end":{}}],"line":81},"12":{"loc":{"start":{"line":82,"column":8},"end":{"line":88,"column":9}},"type":"if","locations":[{"start":{"line":82,"column":8},"end":{"line":88,"column":9}},{"start":{"line":85,"column":15},"end":{"line":88,"column":9}}],"line":82},"13":{"loc":{"start":{"line":85,"column":15},"end":{"line":88,"column":9}},"type":"if","locations":[{"start":{"line":85,"column":15},"end":{"line":88,"column":9}},{"start":{},"end":{}}],"line":85},"14":{"loc":{"start":{"line":85,"column":19},"end":{"line":85,"column":65}},"type":"binary-expr","locations":[{"start":{"line":85,"column":19},"end":{"line":85,"column":40}},{"start":{"line":85,"column":44},"end":{"line":85,"column":65}}],"line":85},"15":{"loc":{"start":{"line":101,"column":6},"end":{"line":104,"column":7}},"type":"if","locations":[{"start":{"line":101,"column":6},"end":{"line":104,"column":7}},{"start":{},"end":{}}],"line":101}},"s":{"0":1,"1":1,"2":1,"3":1,"4":1,"5":1,"6":0,"7":0,"8":0,"9":0,"10":0,"11":0,"12":0,"13":0,"14":1,"15":0,"16":0,"17":0,"18":0,"19":0,"20":0,"21":0,"22":0,"23":0,"24":0,"25":0,"26":0,"27":0,"28":0,"29":0,"30":0,"31":0,"32":0,"33":0,"34":0,"35":0,"36":0,"37":0,"38":0,"39":0,"40":0,"41":0,"42":0,"43":0,"44":1},"f":{"0":0,"1":0},"b":{"0":[0,0],"1":[0,0],"2":[0,0],"3":[0,0],"4":[0,0],"5":[0,0],"6":[0,0],"7":[0,0],"8":[0,0],"9":[0,0],"10":[0,0],"11":[0,0],"12":[0,0],"13":[0,0],"14":[0,0],"15":[0,0]},"_coverageSchema":"1a1c01bbd47fc00a2c39e90264f33305004495a9","hash":"d3c0c4bf41f338326c600dfef6bedf5473bbd56c"}
,"D:\\app\\app\\backend\\routes\\webhooks.js": {"path":"D:\\app\\app\\backend\\routes\\webhooks.js","statementMap":{"0":{"start":{"line":1,"column":16},"end":{"line":1,"column":34}},"1":{"start":{"line":2,"column":15},"end":{"line":2,"column":31}},"2":{"start":{"line":3,"column":20},"end":{"line":3,"column":35}},"3":{"start":{"line":4,"column":17},"end":{"line":4,"column":46}},"4":{"start":{"line":11,"column":0},"end":{"line":65,"column":3}},"5":{"start":{"line":12,"column":2},"end":{"line":64,"column":3}},"6":{"start":{"line":13,"column":4},"end":{"line":13,"column":49}},"7":{"start":{"line":14,"column":4},"end":{"line":14,"column":43}},"8":{"start":{"line":16,"column":53},"end":{"line":16,"column":61}},"9":{"start":{"line":18,"column":4},"end":{"line":24,"column":5}},"10":{"start":{"line":19,"column":6},"end":{"line":19,"column":69}},"11":{"start":{"line":20,"column":6},"end":{"line":23,"column":9}},"12":{"start":{"line":27,"column":27},"end":{"line":39,"column":15}},"13":{"start":{"line":41,"column":4},"end":{"line":47,"column":5}},"14":{"start":{"line":42,"column":6},"end":{"line":46,"column":9}},"15":{"start":{"line":52,"column":4},"end":{"line":52,"column":52}},"16":{"start":{"line":53,"column":4},"end":{"line":57,"column":7}},"17":{"start":{"line":59,"column":4},"end":{"line":59,"column":42}},"18":{"start":{"line":60,"column":4},"end":{"line":63,"column":7}},"19":{"start":{"line":71,"column":0},"end":{"line":143,"column":3}},"20":{"start":{"line":72,"column":2},"end":{"line":142,"column":3}},"21":{"start":{"line":74,"column":20},"end":{"line":74,"column":42}},"22":{"start":{"line":75,"column":27},"end":{"line":75,"column":56}},"23":{"start":{"line":76,"column":27},"end":{"line":76,"column":56}},"24":{"start":{"line":78,"column":4},"end":{"line":83,"column":5}},"25":{"start":{"line":79,"column":6},"end":{"line":82,"column":9}},"26":{"start":{"line":86,"column":26},"end":{"line":86,"column":58}},"27":{"start":{"line":87,"column":4},"end":{"line":93,"column":5}},"28":{"start":{"line":88,"column":6},"end":{"line":88,"column":61}},"29":{"start":{"line":89,"column":6},"end":{"line":92,"column":9}},"30":{"start":{"line":95,"column":15},"end":{"line":95,"column":41}},"31":{"start":{"line":98,"column":4},"end":{"line":110,"column":5}},"32":{"start":{"line":99,"column":6},"end":{"line":103,"column":9}},"33":{"start":{"line":105,"column":6},"end":{"line":105,"column":67}},"34":{"start":{"line":106,"column":6},"end":{"line":109,"column":9}},"35":{"start":{"line":112,"column":22},"end":{"line":112,"column":30}},"36":{"start":{"line":113,"column":21},"end":{"line":113,"column":29}},"37":{"start":{"line":115,"column":4},"end":{"line":115,"column":53}},"38":{"start":{"line":118,"column":4},"end":{"line":133,"column":5}},"39":{"start":{"line":120,"column":8},"end":{"line":120,"column":42}},"40":{"start":{"line":121,"column":8},"end":{"line":121,"column":14}},"41":{"start":{"line":124,"column":8},"end":{"line":124,"column":42}},"42":{"start":{"line":125,"column":8},"end":{"line":125,"column":14}},"43":{"start":{"line":128,"column":8},"end":{"line":128,"column":42}},"44":{"start":{"line":129,"column":8},"end":{"line":129,"column":14}},"45":{"start":{"line":132,"column":8},"end":{"line":132,"column":65}},"46":{"start":{"line":135,"column":4},"end":{"line":135,"column":62}},"47":{"start":{"line":137,"column":4},"end":{"line":137,"column":45}},"48":{"start":{"line":138,"column":4},"end":{"line":141,"column":7}},"49":{"start":{"line":146,"column":16},"end":{"line":146,"column":60}},"50":{"start":{"line":147,"column":15},"end":{"line":147,"column":90}},"51":{"start":{"line":149,"column":20},"end":{"line":159,"column":3}},"52":{"start":{"line":161,"column":2},"end":{"line":164,"column":3}},"53":{"start":{"line":162,"column":4},"end":{"line":162,"column":51}},"54":{"start":{"line":163,"column":4},"end":{"line":163,"column":16}},"55":{"start":{"line":166,"column":2},"end":{"line":166,"column":42}},"56":{"start":{"line":170,"column":16},"end":{"line":170,"column":60}},"57":{"start":{"line":171,"column":15},"end":{"line":171,"column":90}},"58":{"start":{"line":173,"column":20},"end":{"line":180,"column":32}},"59":{"start":{"line":182,"column":2},"end":{"line":185,"column":3}},"60":{"start":{"line":183,"column":4},"end":{"line":183,"column":51}},"61":{"start":{"line":184,"column":4},"end":{"line":184,"column":16}},"62":{"start":{"line":187,"column":2},"end":{"line":187,"column":42}},"63":{"start":{"line":191,"column":20},"end":{"line":194,"column":32}},"64":{"start":{"line":196,"column":2},"end":{"line":199,"column":3}},"65":{"start":{"line":197,"column":4},"end":{"line":197,"column":51}},"66":{"start":{"line":198,"column":4},"end":{"line":198,"column":16}},"67":{"start":{"line":201,"column":2},"end":{"line":201,"column":53}},"68":{"start":{"line":204,"column":0},"end":{"line":204,"column":24}}},"fnMap":{"0":{"name":"(anonymous_0)","decl":{"start":{"line":11,"column":26},"end":{"line":11,"column":27}},"loc":{"start":{"line":11,"column":46},"end":{"line":65,"column":1}},"line":11},"1":{"name":"(anonymous_1)","decl":{"start":{"line":71,"column":65},"end":{"line":71,"column":66}},"loc":{"start":{"line":71,"column":85},"end":{"line":143,"column":1}},"line":71},"2":{"name":"handleUserCreated","decl":{"start":{"line":145,"column":15},"end":{"line":145,"column":32}},"loc":{"start":{"line":145,"column":43},"end":{"line":167,"column":1}},"line":145},"3":{"name":"handleUserUpdated","decl":{"start":{"line":169,"column":15},"end":{"line":169,"column":32}},"loc":{"start":{"line":169,"column":43},"end":{"line":188,"column":1}},"line":169},"4":{"name":"handleUserDeleted","decl":{"start":{"line":190,"column":15},"end":{"line":190,"column":32}},"loc":{"start":{"line":190,"column":43},"end":{"line":202,"column":1}},"line":190}},"branchMap":{"0":{"loc":{"start":{"line":18,"column":4},"end":{"line":24,"column":5}},"type":"if","locations":[{"start":{"line":18,"column":4},"end":{"line":24,"column":5}},{"start":{},"end":{}}],"line":18},"1":{"loc":{"start":{"line":18,"column":8},"end":{"line":18,"column":27}},"type":"binary-expr","locations":[{"start":{"line":18,"column":8},"end":{"line":18,"column":17}},{"start":{"line":18,"column":21},"end":{"line":18,"column":27}}],"line":18},"2":{"loc":{"start":{"line":32,"column":13},"end":{"line":32,"column":25}},"type":"binary-expr","locations":[{"start":{"line":32,"column":13},"end":{"line":32,"column":17}},{"start":{"line":32,"column":19},"end":{"line":32,"column":25}}],"line":32},"3":{"loc":{"start":{"line":33,"column":22},"end":{"line":33,"column":85}},"type":"binary-expr","locations":[{"start":{"line":33,"column":22},"end":{"line":33,"column":35}},{"start":{"line":33,"column":37},"end":{"line":33,"column":85}}],"line":33},"4":{"loc":{"start":{"line":41,"column":4},"end":{"line":47,"column":5}},"type":"if","locations":[{"start":{"line":41,"column":4},"end":{"line":47,"column":5}},{"start":{},"end":{}}],"line":41},"5":{"loc":{"start":{"line":78,"column":4},"end":{"line":83,"column":5}},"type":"if","locations":[{"start":{"line":78,"column":4},"end":{"line":83,"column":5}},{"start":{},"end":{}}],"line":78},"6":{"loc":{"start":{"line":78,"column":8},"end":{"line":78,"column":54}},"type":"binary-expr","locations":[{"start":{"line":78,"column":8},"end":{"line":78,"column":16}},{"start":{"line":78,"column":20},"end":{"line":78,"column":35}},{"start":{"line":78,"column":39},"end":{"line":78,"column":54}}],"line":78},"7":{"loc":{"start":{"line":87,"column":4},"end":{"line":93,"column":5}},"type":"if","locations":[{"start":{"line":87,"column":4},"end":{"line":93,"column":5}},{"start":{},"end":{}}],"line":87},"8":{"loc":{"start":{"line":118,"column":4},"end":{"line":133,"column":5}},"type":"switch","locations":[{"start":{"line":119,"column":6},"end":{"line":121,"column":14}},{"start":{"line":123,"column":6},"end":{"line":125,"column":14}},{"start":{"line":127,"column":6},"end":{"line":129,"column":14}},{"start":{"line":131,"column":6},"end":{"line":132,"column":65}}],"line":118},"9":{"loc":{"start":{"line":147,"column":15},"end":{"line":147,"column":90}},"type":"binary-expr","locations":[{"start":{"line":147,"column":15},"end":{"line":147,"column":80}},{"start":{"line":147,"column":84},"end":{"line":147,"column":90}}],"line":147},"10":{"loc":{"start":{"line":147,"column":18},"end":{"line":147,"column":43}},"type":"binary-expr","locations":[{"start":{"line":147,"column":18},"end":{"line":147,"column":37}},{"start":{"line":147,"column":41},"end":{"line":147,"column":43}}],"line":147},"11":{"loc":{"start":{"line":147,"column":47},"end":{"line":147,"column":71}},"type":"binary-expr","locations":[{"start":{"line":147,"column":47},"end":{"line":147,"column":65}},{"start":{"line":147,"column":69},"end":{"line":147,"column":71}}],"line":147},"12":{"loc":{"start":{"line":155,"column":21},"end":{"line":155,"column":91}},"type":"binary-expr","locations":[{"start":{"line":155,"column":21},"end":{"line":155,"column":39}},{"start":{"line":155,"column":43},"end":{"line":155,"column":91}}],"line":155},"13":{"loc":{"start":{"line":161,"column":2},"end":{"line":164,"column":3}},"type":"if","locations":[{"start":{"line":161,"column":2},"end":{"line":164,"column":3}},{"start":{},"end":{}}],"line":161},"14":{"loc":{"start":{"line":171,"column":15},"end":{"line":171,"column":90}},"type":"binary-expr","locations":[{"start":{"line":171,"column":15},"end":{"line":171,"column":80}},{"start":{"line":171,"column":84},"end":{"line":171,"column":90}}],"line":171},"15":{"loc":{"start":{"line":171,"column":18},"end":{"line":171,"column":43}},"type":"binary-expr","locations":[{"start":{"line":171,"column":18},"end":{"line":171,"column":37}},{"start":{"line":171,"column":41},"end":{"line":171,"column":43}}],"line":171},"16":{"loc":{"start":{"line":171,"column":47},"end":{"line":171,"column":71}},"type":"binary-expr","locations":[{"start":{"line":171,"column":47},"end":{"line":171,"column":65}},{"start":{"line":171,"column":69},"end":{"line":171,"column":71}}],"line":171},"17":{"loc":{"start":{"line":178,"column":21},"end":{"line":178,"column":91}},"type":"binary-expr","locations":[{"start":{"line":178,"column":21},"end":{"line":178,"column":39}},{"start":{"line":178,"column":43},"end":{"line":178,"column":91}}],"line":178},"18":{"loc":{"start":{"line":182,"column":2},"end":{"line":185,"column":3}},"type":"if","locations":[{"start":{"line":182,"column":2},"end":{"line":185,"column":3}},{"start":{},"end":{}}],"line":182},"19":{"loc":{"start":{"line":196,"column":2},"end":{"line":199,"column":3}},"type":"if","locations":[{"start":{"line":196,"column":2},"end":{"line":199,"column":3}},{"start":{},"end":{}}],"line":196}},"s":{"0":1,"1":1,"2":1,"3":1,"4":1,"5":0,"6":0,"7":0,"8":0,"9":0,"10":0,"11":0,"12":0,"13":0,"14":0,"15":0,"16":0,"17":0,"18":0,"19":1,"20":2,"21":2,"22":2,"23":2,"24":2,"25":1,"26":1,"27":1,"28":0,"29":0,"30":1,"31":1,"32":1,"33":1,"34":1,"35":0,"36":0,"37":0,"38":0,"39":0,"40":0,"41":0,"42":0,"43":0,"44":0,"45":0,"46":0,"47":0,"48":0,"49":0,"50":0,"51":0,"52":0,"53":0,"54":0,"55":0,"56":0,"57":0,"58":0,"59":0,"60":0,"61":0,"62":0,"63":0,"64":0,"65":0,"66":0,"67":0,"68":1},"f":{"0":0,"1":2,"2":0,"3":0,"4":0},"b":{"0":[0,0],"1":[0,0],"2":[0,0],"3":[0,0],"4":[0,0],"5":[1,1],"6":[2,1,1],"7":[0,1],"8":[0,0,0,0],"9":[0,0],"10":[0,0],"11":[0,0],"12":[0,0],"13":[0,0],"14":[0,0],"15":[0,0],"16":[0,0],"17":[0,0],"18":[0,0],"19":[0,0]},"_coverageSchema":"1a1c01bbd47fc00a2c39e90264f33305004495a9","hash":"e113274a737250c11bd4dacc7e08197f3783d9fd"}
,"D:\\app\\app\\backend\\utils\\securityValidator.js": {"path":"D:\\app\\app\\backend\\utils\\securityValidator.js","statementMap":{"0":{"start":{"line":6,"column":31},"end":{"line":57,"column":1}},"1":{"start":{"line":7,"column":17},"end":{"line":7,"column":19}},"2":{"start":{"line":8,"column":19},"end":{"line":8,"column":21}},"3":{"start":{"line":11,"column":2},"end":{"line":15,"column":3}},"4":{"start":{"line":12,"column":4},"end":{"line":14,"column":5}},"5":{"start":{"line":13,"column":6},"end":{"line":13,"column":99}},"6":{"start":{"line":18,"column":26},"end":{"line":23,"column":3}},"7":{"start":{"line":25,"column":2},"end":{"line":29,"column":5}},"8":{"start":{"line":26,"column":4},"end":{"line":28,"column":5}},"9":{"start":{"line":27,"column":6},"end":{"line":27,"column":71}},"10":{"start":{"line":32,"column":2},"end":{"line":34,"column":3}},"11":{"start":{"line":33,"column":4},"end":{"line":33,"column":82}},"12":{"start":{"line":37,"column":2},"end":{"line":40,"column":3}},"13":{"start":{"line":39,"column":4},"end":{"line":39,"column":65}},"14":{"start":{"line":43,"column":2},"end":{"line":45,"column":3}},"15":{"start":{"line":44,"column":4},"end":{"line":44,"column":60}},"16":{"start":{"line":47,"column":2},"end":{"line":49,"column":3}},"17":{"start":{"line":48,"column":4},"end":{"line":48,"column":67}},"18":{"start":{"line":52,"column":2},"end":{"line":54,"column":3}},"19":{"start":{"line":53,"column":4},"end":{"line":53,"column":66}},"20":{"start":{"line":56,"column":2},"end":{"line":56,"column":30}},"21":{"start":{"line":62,"column":27},"end":{"line":94,"column":1}},"22":{"start":{"line":63,"column":2},"end":{"line":63,"column":25}},"23":{"start":{"line":63,"column":13},"end":{"line":63,"column":25}},"24":{"start":{"line":65,"column":24},"end":{"line":76,"column":3}},"25":{"start":{"line":78,"column":2},"end":{"line":91,"column":3}},"26":{"start":{"line":79,"column":22},"end":{"line":79,"column":33}},"27":{"start":{"line":81,"column":4},"end":{"line":88,"column":7}},"28":{"start":{"line":82,"column":23},"end":{"line":82,"column":40}},"29":{"start":{"line":83,"column":6},"end":{"line":87,"column":7}},"30":{"start":{"line":83,"column":42},"end":{"line":83,"column":70}},"31":{"start":{"line":84,"column":8},"end":{"line":84,"column":38}},"32":{"start":{"line":85,"column":13},"end":{"line":87,"column":7}},"33":{"start":{"line":86,"column":8},"end":{"line":86,"column":60}},"34":{"start":{"line":90,"column":4},"end":{"line":90,"column":21}},"35":{"start":{"line":93,"column":2},"end":{"line":93,"column":14}},"36":{"start":{"line":99,"column":25},"end":{"line":125,"column":1}},"37":{"start":{"line":100,"column":2},"end":{"line":100,"column":52}},"38":{"start":{"line":100,"column":39},"end":{"line":100,"column":52}},"39":{"start":{"line":102,"column":28},"end":{"line":110,"column":3}},"40":{"start":{"line":112,"column":22},"end":{"line":122,"column":3}},"41":{"start":{"line":113,"column":4},"end":{"line":120,"column":5}},"42":{"start":{"line":114,"column":6},"end":{"line":116,"column":7}},"43":{"start":{"line":114,"column":44},"end":{"line":114,"column":61}},"44":{"start":{"line":115,"column":8},"end":{"line":115,"column":20}},"45":{"start":{"line":117,"column":6},"end":{"line":119,"column":7}},"46":{"start":{"line":118,"column":8},"end":{"line":118,"column":45}},"47":{"start":{"line":118,"column":33},"end":{"line":118,"column":45}},"48":{"start":{"line":121,"column":4},"end":{"line":121,"column":17}},"49":{"start":{"line":124,"column":2},"end":{"line":124,"column":26}},"50":{"start":{"line":127,"column":0},"end":{"line":131,"column":2}}},"fnMap":{"0":{"name":"(anonymous_0)","decl":{"start":{"line":6,"column":31},"end":{"line":6,"column":32}},"loc":{"start":{"line":6,"column":37},"end":{"line":57,"column":1}},"line":6},"1":{"name":"(anonymous_1)","decl":{"start":{"line":25,"column":26},"end":{"line":25,"column":27}},"loc":{"start":{"line":25,"column":37},"end":{"line":29,"column":3}},"line":25},"2":{"name":"(anonymous_2)","decl":{"start":{"line":62,"column":27},"end":{"line":62,"column":28}},"loc":{"start":{"line":62,"column":37},"end":{"line":94,"column":1}},"line":62},"3":{"name":"(anonymous_3)","decl":{"start":{"line":81,"column":35},"end":{"line":81,"column":36}},"loc":{"start":{"line":81,"column":42},"end":{"line":88,"column":5}},"line":81},"4":{"name":"(anonymous_4)","decl":{"start":{"line":83,"column":29},"end":{"line":83,"column":30}},"loc":{"start":{"line":83,"column":42},"end":{"line":83,"column":70}},"line":83},"5":{"name":"(anonymous_5)","decl":{"start":{"line":99,"column":25},"end":{"line":99,"column":26}},"loc":{"start":{"line":99,"column":34},"end":{"line":125,"column":1}},"line":99},"6":{"name":"(anonymous_6)","decl":{"start":{"line":112,"column":22},"end":{"line":112,"column":23}},"loc":{"start":{"line":112,"column":29},"end":{"line":122,"column":3}},"line":112},"7":{"name":"(anonymous_7)","decl":{"start":{"line":114,"column":33},"end":{"line":114,"column":34}},"loc":{"start":{"line":114,"column":44},"end":{"line":114,"column":61}},"line":114}},"branchMap":{"0":{"loc":{"start":{"line":11,"column":2},"end":{"line":15,"column":3}},"type":"if","locations":[{"start":{"line":11,"column":2},"end":{"line":15,"column":3}},{"start":{},"end":{}}],"line":11},"1":{"loc":{"start":{"line":12,"column":4},"end":{"line":14,"column":5}},"type":"if","locations":[{"start":{"line":12,"column":4},"end":{"line":14,"column":5}},{"start":{},"end":{}}],"line":12},"2":{"loc":{"start":{"line":26,"column":4},"end":{"line":28,"column":5}},"type":"if","locations":[{"start":{"line":26,"column":4},"end":{"line":28,"column":5}},{"start":{},"end":{}}],"line":26},"3":{"loc":{"start":{"line":32,"column":2},"end":{"line":34,"column":3}},"type":"if","locations":[{"start":{"line":32,"column":2},"end":{"line":34,"column":3}},{"start":{},"end":{}}],"line":32},"4":{"loc":{"start":{"line":37,"column":2},"end":{"line":40,"column":3}},"type":"if","locations":[{"start":{"line":37,"column":2},"end":{"line":40,"column":3}},{"start":{},"end":{}}],"line":37},"5":{"loc":{"start":{"line":37,"column":6},"end":{"line":37,"column":70}},"type":"binary-expr","locations":[{"start":{"line":37,"column":6},"end":{"line":37,"column":29}},{"start":{"line":37,"column":33},"end":{"line":37,"column":70}}],"line":37},"6":{"loc":{"start":{"line":43,"column":2},"end":{"line":45,"column":3}},"type":"if","locations":[{"start":{"line":43,"column":2},"end":{"line":45,"column":3}},{"start":{},"end":{}}],"line":43},"7":{"loc":{"start":{"line":43,"column":6},"end":{"line":43,"column":85}},"type":"binary-expr","locations":[{"start":{"line":43,"column":6},"end":{"line":43,"column":34}},{"start":{"line":43,"column":38},"end":{"line":43,"column":85}}],"line":43},"8":{"loc":{"start":{"line":47,"column":2},"end":{"line":49,"column":3}},"type":"if","locations":[{"start":{"line":47,"column":2},"end":{"line":49,"column":3}},{"start":{},"end":{}}],"line":47},"9":{"loc":{"start":{"line":47,"column":6},"end":{"line":47,"column":96}},"type":"binary-expr","locations":[{"start":{"line":47,"column":6},"end":{"line":47,"column":38}},{"start":{"line":47,"column":42},"end":{"line":47,"column":96}}],"line":47},"10":{"loc":{"start":{"line":52,"column":2},"end":{"line":54,"column":3}},"type":"if","locations":[{"start":{"line":52,"column":2},"end":{"line":54,"column":3}},{"start":{},"end":{}}],"line":52},"11":{"loc":{"start":{"line":63,"column":2},"end":{"line":63,"column":25}},"type":"if","locations":[{"start":{"line":63,"column":2},"end":{"line":63,"column":25}},{"start":{},"end":{}}],"line":63},"12":{"loc":{"start":{"line":78,"column":2},"end":{"line":91,"column":3}},"type":"if","locations":[{"start":{"line":78,"column":2},"end":{"line":91,"column":3}},{"start":{},"end":{}}],"line":78},"13":{"loc":{"start":{"line":83,"column":6},"end":{"line":87,"column":7}},"type":"if","locations":[{"start":{"line":83,"column":6},"end":{"line":87,"column":7}},{"start":{"line":85,"column":13},"end":{"line":87,"column":7}}],"line":83},"14":{"loc":{"start":{"line":85,"column":13},"end":{"line":87,"column":7}},"type":"if","locations":[{"start":{"line":85,"column":13},"end":{"line":87,"column":7}},{"start":{},"end":{}}],"line":85},"15":{"loc":{"start":{"line":100,"column":2},"end":{"line":100,"column":52}},"type":"if","locations":[{"start":{"line":100,"column":2},"end":{"line":100,"column":52}},{"start":{},"end":{}}],"line":100},"16":{"loc":{"start":{"line":100,"column":6},"end":{"line":100,"column":37}},"type":"binary-expr","locations":[{"start":{"line":100,"column":6},"end":{"line":100,"column":10}},{"start":{"line":100,"column":14},"end":{"line":100,"column":37}}],"line":100},"17":{"loc":{"start":{"line":114,"column":6},"end":{"line":116,"column":7}},"type":"if","locations":[{"start":{"line":114,"column":6},"end":{"line":116,"column":7}},{"start":{},"end":{}}],"line":114},"18":{"loc":{"start":{"line":117,"column":6},"end":{"line":119,"column":7}},"type":"if","locations":[{"start":{"line":117,"column":6},"end":{"line":119,"column":7}},{"start":{},"end":{}}],"line":117},"19":{"loc":{"start":{"line":117,"column":10},"end":{"line":117,"column":55}},"type":"binary-expr","locations":[{"start":{"line":117,"column":10},"end":{"line":117,"column":36}},{"start":{"line":117,"column":40},"end":{"line":117,"column":55}}],"line":117},"20":{"loc":{"start":{"line":118,"column":8},"end":{"line":118,"column":45}},"type":"if","locations":[{"start":{"line":118,"column":8},"end":{"line":118,"column":45}},{"start":{},"end":{}}],"line":118}},"s":{"0":1,"1":1,"2":1,"3":1,"4":0,"5":0,"6":1,"7":1,"8":4,"9":1,"10":1,"11":0,"12":1,"13":0,"14":1,"15":0,"16":1,"17":0,"18":1,"19":0,"20":1,"21":1,"22":3,"23":1,"24":2,"25":2,"26":2,"27":2,"28":4,"29":4,"30":17,"31":3,"32":1,"33":0,"34":2,"35":0,"36":1,"37":3,"38":0,"39":3,"40":3,"41":4,"42":6,"43":32,"44":2,"45":4,"46":1,"47":1,"48":1,"49":3,"50":1},"f":{"0":1,"1":4,"2":3,"3":4,"4":17,"5":3,"6":4,"7":32},"b":{"0":[0,1],"1":[0,0],"2":[1,3],"3":[0,1],"4":[0,1],"5":[1,0],"6":[0,1],"7":[1,1],"8":[0,1],"9":[1,1],"10":[0,1],"11":[1,2],"12":[2,0],"13":[3,1],"14":[0,1],"15":[0,3],"16":[3,3],"17":[2,4],"18":[1,3],"19":[4,1],"20":[1,0]},"_coverageSchema":"1a1c01bbd47fc00a2c39e90264f33305004495a9","hash":"07373387286e74a48d2eea6e9ac76a5917042958"}
}
