TN:
SF:server.js
FN:19,(anonymous_0)
FN:28,(anonymous_1)
FN:38,(anonymous_2)
FN:79,(anonymous_3)
FN:83,(anonymous_4)
FN:108,(anonymous_5)
FN:127,(anonymous_6)
FNF:7
FNH:4
FNDA:0,(anonymous_0)
FNDA:0,(anonymous_1)
FNDA:0,(anonymous_2)
FNDA:1,(anonymous_3)
FNDA:24,(anonymous_4)
FNDA:6,(anonymous_5)
FNDA:1,(anonymous_6)
DA:1,1
DA:2,1
DA:3,1
DA:4,1
DA:5,1
DA:6,1
DA:7,1
DA:8,1
DA:10,1
DA:11,1
DA:14,1
DA:15,1
DA:17,1
DA:18,0
DA:19,0
DA:20,0
DA:21,0
DA:22,0
DA:26,1
DA:27,0
DA:28,0
DA:31,1
DA:34,1
DA:37,1
DA:38,0
DA:39,0
DA:40,0
DA:48,0
DA:53,1
DA:78,1
DA:79,1
DA:82,1
DA:85,24
DA:87,2
DA:88,1
DA:90,1
DA:91,1
DA:101,1
DA:104,1
DA:105,1
DA:108,1
DA:109,6
DA:117,1
DA:118,1
DA:119,1
DA:120,1
DA:121,1
DA:124,1
DA:127,1
DA:128,1
DA:129,1
DA:132,1
LF:52
LH:41
BRDA:11,0,0,1
BRDA:11,0,1,0
BRDA:17,1,0,0
BRDA:17,1,1,1
BRDA:20,2,0,0
BRDA:20,2,1,0
BRDA:26,3,0,0
BRDA:26,3,1,1
BRDA:37,4,0,0
BRDA:37,4,1,1
BRDA:39,5,0,0
BRDA:39,5,1,0
BRDA:78,6,0,1
BRDA:78,6,1,0
BRDA:85,7,0,22
BRDA:85,7,1,2
BRDA:87,8,0,1
BRDA:87,8,1,1
BRDA:129,9,0,1
BRDA:129,9,1,0
BRF:20
BRH:10
end_of_record
TN:
SF:config\database.js
FN:3,(anonymous_0)
FNF:1
FNH:1
FNDA:1,(anonymous_0)
DA:1,1
DA:3,1
DA:4,1
DA:5,1
DA:10,0
DA:12,0
DA:13,0
DA:17,1
LF:8
LH:5
BRF:0
BRH:0
end_of_record
TN:
SF:middleware\clerkAuth.js
FN:6,(anonymous_0)
FNF:1
FNH:1
FNDA:13,(anonymous_0)
DA:1,1
DA:6,1
DA:7,13
DA:9,13
DA:11,13
DA:12,9
DA:22,4
DA:25,4
DA:30,0
DA:36,0
DA:39,4
DA:46,4
DA:56,1
LF:13
LH:11
BRDA:11,0,0,9
BRDA:11,0,1,4
BRDA:11,1,0,13
BRDA:11,1,1,5
BRF:4
BRH:4
end_of_record
TN:
SF:middleware\errorHandler.js
FN:6,(anonymous_0)
FN:46,(anonymous_1)
FNF:2
FNH:1
FNDA:1,(anonymous_0)
FNDA:0,(anonymous_1)
DA:1,1
DA:6,1
DA:8,1
DA:9,1
DA:12,1
DA:23,1
DA:24,1
DA:33,1
DA:34,0
DA:42,1
DA:43,0
DA:44,0
DA:45,0
DA:46,0
DA:49,1
DA:50,0
DA:51,0
DA:52,0
DA:55,1
DA:56,0
DA:57,0
DA:58,0
DA:61,1
DA:64,1
LF:24
LH:13
BRDA:14,0,0,0
BRDA:14,0,1,1
BRDA:23,1,0,1
BRDA:23,1,1,1
BRDA:27,2,0,1
BRDA:27,2,1,1
BRDA:28,3,0,1
BRDA:28,3,1,0
BRDA:33,4,0,0
BRDA:33,4,1,1
BRDA:42,5,0,0
BRDA:42,5,1,1
BRDA:49,6,0,0
BRDA:49,6,1,1
BRDA:55,7,0,0
BRDA:55,7,1,1
BRF:16
BRH:10
end_of_record
TN:
SF:middleware\rateLimiter.js
FN:20,(anonymous_0)
FNF:1
FNH:1
FNDA:17,(anonymous_0)
DA:1,1
DA:7,1
DA:22,17
DA:24,0
DA:26,17
DA:30,1
LF:6
LH:5
BRDA:22,0,0,0
BRDA:22,0,1,17
BRDA:22,1,0,17
BRDA:22,1,1,0
BRDA:22,1,2,0
BRF:5
BRH:2
end_of_record
TN:
SF:models\User.js
FN:62,(anonymous_0)
FNF:1
FNH:0
FNDA:0,(anonymous_0)
DA:1,1
DA:3,1
DA:57,1
DA:58,1
DA:59,1
DA:62,1
DA:63,0
DA:75,1
DA:77,1
LF:9
LH:8
BRF:0
BRH:0
end_of_record
TN:
SF:routes\cart.js
FN:42,(anonymous_0)
FN:75,(anonymous_1)
FN:104,(anonymous_2)
FN:143,(anonymous_3)
FN:213,(anonymous_4)
FNF:5
FNH:0
FNDA:0,(anonymous_0)
FNDA:0,(anonymous_1)
FNDA:0,(anonymous_2)
FNDA:0,(anonymous_3)
FNDA:0,(anonymous_4)
DA:1,1
DA:2,1
DA:3,1
DA:4,1
DA:5,1
DA:8,1
DA:36,1
DA:42,1
DA:43,0
DA:44,0
DA:47,0
DA:48,0
DA:52,0
DA:55,0
DA:61,0
DA:69,1
DA:76,0
DA:78,0
DA:79,0
DA:80,0
DA:90,0
DA:93,0
DA:95,0
DA:96,0
DA:103,0
DA:104,0
DA:107,0
DA:109,0
DA:112,0
DA:119,0
DA:120,0
DA:122,0
DA:129,0
DA:138,1
DA:144,0
DA:146,0
DA:147,0
DA:148,0
DA:158,0
DA:159,0
DA:162,0
DA:163,0
DA:173,0
DA:187,0
DA:188,0
DA:197,0
DA:204,0
DA:213,1
DA:214,0
DA:215,0
DA:218,0
DA:219,0
DA:229,0
DA:238,0
DA:239,0
DA:248,0
DA:255,0
DA:259,1
LF:58
LH:12
BRDA:47,0,0,0
BRDA:47,0,1,0
BRDA:79,1,0,0
BRDA:79,1,1,0
BRDA:95,2,0,0
BRDA:95,2,1,0
BRDA:107,3,0,0
BRDA:107,3,1,0
BRDA:147,4,0,0
BRDA:147,4,1,0
BRDA:162,5,0,0
BRDA:162,5,1,0
BRDA:187,6,0,0
BRDA:187,6,1,0
BRDA:218,7,0,0
BRDA:218,7,1,0
BRDA:238,8,0,0
BRDA:238,8,1,0
BRF:18
BRH:0
end_of_record
TN:
SF:routes\favorites.js
FN:33,(anonymous_0)
FN:57,(anonymous_1)
FN:113,(anonymous_2)
FNF:3
FNH:0
FNDA:0,(anonymous_0)
FNDA:0,(anonymous_1)
FNDA:0,(anonymous_2)
DA:1,1
DA:2,1
DA:3,1
DA:4,1
DA:5,1
DA:8,1
DA:25,1
DA:27,1
DA:33,1
DA:34,0
DA:35,0
DA:38,0
DA:44,0
DA:52,1
DA:58,0
DA:60,0
DA:61,0
DA:62,0
DA:72,0
DA:75,0
DA:80,0
DA:81,0
DA:91,0
DA:96,0
DA:98,0
DA:104,0
DA:113,1
DA:114,0
DA:115,0
DA:118,0
DA:119,0
DA:129,0
DA:134,0
DA:135,0
DA:144,0
DA:149,0
DA:153,1
LF:37
LH:12
BRDA:61,0,0,0
BRDA:61,0,1,0
BRDA:80,1,0,0
BRDA:80,1,1,0
BRDA:118,2,0,0
BRDA:118,2,1,0
BRDA:134,3,0,0
BRDA:134,3,1,0
BRF:8
BRH:0
end_of_record
TN:
SF:routes\items.js
FN:12,(anonymous_0)
FN:31,(anonymous_1)
FNF:2
FNH:0
FNDA:0,(anonymous_0)
FNDA:0,(anonymous_1)
DA:1,1
DA:2,1
DA:3,1
DA:12,1
DA:13,0
DA:17,0
DA:23,0
DA:31,1
DA:32,0
DA:33,0
DA:38,0
DA:44,0
DA:48,1
LF:13
LH:6
BRF:0
BRH:0
end_of_record
TN:
SF:routes\users.js
FN:11,(anonymous_0)
FN:49,(anonymous_1)
FN:109,(anonymous_2)
FNF:3
FNH:0
FNDA:0,(anonymous_0)
FNDA:0,(anonymous_1)
FNDA:0,(anonymous_2)
DA:1,1
DA:2,1
DA:3,1
DA:4,1
DA:5,1
DA:11,1
DA:12,0
DA:13,0
DA:15,0
DA:16,0
DA:25,0
DA:30,0
DA:38,1
DA:50,0
DA:52,0
DA:53,0
DA:54,0
DA:64,0
DA:67,0
DA:68,0
DA:69,0
DA:70,0
DA:73,0
DA:79,0
DA:80,0
DA:89,0
DA:95,0
DA:104,1
DA:110,0
DA:112,0
DA:113,0
DA:114,0
DA:124,0
DA:127,0
DA:133,0
DA:134,0
DA:143,0
DA:149,0
DA:154,1
LF:39
LH:9
BRDA:15,0,0,0
BRDA:15,0,1,0
BRDA:53,1,0,0
BRDA:53,1,1,0
BRDA:68,2,0,0
BRDA:68,2,1,0
BRDA:69,3,0,0
BRDA:69,3,1,0
BRDA:70,4,0,0
BRDA:70,4,1,0
BRDA:79,5,0,0
BRDA:79,5,1,0
BRDA:113,6,0,0
BRDA:113,6,1,0
BRDA:133,7,0,0
BRDA:133,7,1,0
BRF:16
BRH:0
end_of_record
TN:
SF:routes\webhooks.js
FN:10,(anonymous_0)
FN:90,handleUserCreated
FN:114,handleUserUpdated
FN:144,handleUserDeleted
FNF:4
FNH:1
FNDA:2,(anonymous_0)
FNDA:0,handleUserCreated
FNDA:0,handleUserUpdated
FNDA:0,handleUserDeleted
DA:1,1
DA:2,1
DA:3,1
DA:4,1
DA:10,1
DA:11,2
DA:13,2
DA:14,2
DA:15,2
DA:18,2
DA:19,1
DA:29,1
DA:32,1
DA:35,1
DA:37,1
DA:43,1
DA:44,1
DA:54,0
DA:55,0
DA:57,0
DA:59,0
DA:60,0
DA:63,0
DA:64,0
DA:67,0
DA:68,0
DA:71,0
DA:74,0
DA:76,0
DA:77,0
DA:91,0
DA:92,0
DA:95,0
DA:103,0
DA:104,0
DA:106,0
DA:107,0
DA:115,0
DA:116,0
DA:119,0
DA:130,0
DA:131,0
DA:133,0
DA:136,0
DA:137,0
DA:145,0
DA:146,0
DA:149,0
DA:155,0
DA:156,0
DA:158,0
DA:161,0
DA:162,0
DA:166,1
LF:54
LH:18
BRDA:18,0,0,1
BRDA:18,0,1,1
BRDA:18,1,0,2
BRDA:18,1,1,1
BRDA:18,1,2,1
BRDA:57,2,0,0
BRDA:57,2,1,0
BRDA:57,2,2,0
BRDA:57,2,3,0
BRDA:97,3,0,0
BRDA:97,3,1,0
BRDA:98,4,0,0
BRDA:98,4,1,0
BRDA:98,5,0,0
BRDA:98,5,1,0
BRDA:98,6,0,0
BRDA:98,6,1,0
BRDA:99,7,0,0
BRDA:99,7,1,0
BRDA:100,8,0,0
BRDA:100,8,1,0
BRDA:122,9,0,0
BRDA:122,9,1,0
BRDA:123,10,0,0
BRDA:123,10,1,0
BRDA:123,11,0,0
BRDA:123,11,1,0
BRDA:123,12,0,0
BRDA:123,12,1,0
BRDA:124,13,0,0
BRDA:124,13,1,0
BRDA:125,14,0,0
BRDA:125,14,1,0
BRDA:130,15,0,0
BRDA:130,15,1,0
BRDA:155,16,0,0
BRDA:155,16,1,0
BRF:37
BRH:5
end_of_record
TN:
SF:utils\securityValidator.js
FN:6,(anonymous_0)
FN:25,(anonymous_1)
FN:62,(anonymous_2)
FN:79,(anonymous_3)
FN:81,(anonymous_4)
FN:97,(anonymous_5)
FN:110,(anonymous_6)
FN:112,(anonymous_7)
FNF:8
FNH:8
FNDA:2,(anonymous_0)
FNDA:8,(anonymous_1)
FNDA:3,(anonymous_2)
FNDA:4,(anonymous_3)
FNDA:19,(anonymous_4)
FNDA:3,(anonymous_5)
FNDA:4,(anonymous_6)
FNDA:32,(anonymous_7)
DA:6,1
DA:7,2
DA:8,2
DA:11,2
DA:12,0
DA:13,0
DA:18,2
DA:25,2
DA:26,8
DA:27,0
DA:32,2
DA:33,0
DA:37,2
DA:39,0
DA:43,2
DA:44,0
DA:47,2
DA:48,0
DA:52,2
DA:53,0
DA:56,2
DA:62,1
DA:63,3
DA:65,2
DA:76,2
DA:77,2
DA:79,2
DA:80,4
DA:81,19
DA:82,2
DA:83,2
DA:84,0
DA:88,2
DA:91,0
DA:97,1
DA:98,3
DA:100,3
DA:110,3
DA:111,4
DA:112,32
DA:113,2
DA:115,4
DA:116,1
DA:119,1
DA:122,3
DA:125,1
LF:46
LH:36
BRDA:11,0,0,0
BRDA:11,0,1,2
BRDA:12,1,0,0
BRDA:12,1,1,0
BRDA:26,2,0,0
BRDA:26,2,1,8
BRDA:32,3,0,0
BRDA:32,3,1,2
BRDA:37,4,0,0
BRDA:37,4,1,2
BRDA:37,5,0,2
BRDA:37,5,1,2
BRDA:43,6,0,0
BRDA:43,6,1,2
BRDA:43,7,0,2
BRDA:43,7,1,2
BRDA:47,8,0,0
BRDA:47,8,1,2
BRDA:47,9,0,2
BRDA:47,9,1,2
BRDA:52,10,0,0
BRDA:52,10,1,2
BRDA:63,11,0,1
BRDA:63,11,1,2
BRDA:76,12,0,2
BRDA:76,12,1,0
BRDA:81,13,0,2
BRDA:81,13,1,2
BRDA:83,14,0,0
BRDA:83,14,1,2
BRDA:98,15,0,0
BRDA:98,15,1,3
BRDA:98,16,0,3
BRDA:98,16,1,3
BRDA:112,17,0,2
BRDA:112,17,1,4
BRDA:115,18,0,1
BRDA:115,18,1,3
BRDA:115,19,0,4
BRDA:115,19,1,1
BRDA:116,20,0,1
BRDA:116,20,1,0
BRF:42
BRH:29
end_of_record
