TN:
SF:server.js
FN:38,(anonymous_0)
FN:79,(anonymous_1)
FN:83,(anonymous_2)
FN:108,(anonymous_3)
FN:128,(anonymous_4)
FNF:5
FNH:4
FNDA:0,(anonymous_0)
FNDA:1,(anonymous_1)
FNDA:24,(anonymous_2)
FNDA:6,(anonymous_3)
FNDA:1,(anonymous_4)
DA:1,1
DA:2,1
DA:3,1
DA:4,1
DA:5,1
DA:6,1
DA:7,1
DA:8,1
DA:10,1
DA:11,1
DA:34,1
DA:37,1
DA:38,0
DA:39,0
DA:40,0
DA:48,0
DA:53,1
DA:78,1
DA:79,1
DA:82,1
DA:85,24
DA:87,2
DA:88,1
DA:90,1
DA:91,1
DA:101,1
DA:104,1
DA:105,1
DA:108,1
DA:109,6
DA:117,1
DA:118,1
DA:119,1
DA:120,1
DA:121,1
DA:122,1
DA:125,1
DA:128,1
DA:129,1
DA:130,1
DA:133,1
LF:41
LH:37
BRDA:11,0,0,1
BRDA:11,0,1,0
BRDA:37,1,0,0
BRDA:37,1,1,1
BRDA:39,2,0,0
BRDA:39,2,1,0
BRDA:78,3,0,1
BRDA:78,3,1,0
BRDA:85,4,0,22
BRDA:85,4,1,2
BRDA:87,5,0,1
BRDA:87,5,1,1
BRDA:130,6,0,1
BRDA:130,6,1,0
BRF:14
BRH:8
end_of_record
TN:
SF:config\database.js
FN:3,(anonymous_0)
FNF:1
FNH:1
FNDA:1,(anonymous_0)
DA:1,1
DA:3,1
DA:4,1
DA:5,1
DA:7,0
DA:8,0
DA:9,0
DA:12,0
DA:13,0
DA:15,0
DA:16,0
DA:20,1
LF:12
LH:5
BRDA:7,0,0,0
BRDA:7,0,1,0
BRF:2
BRH:0
end_of_record
TN:
SF:config\supabase.js
FNF:0
FNH:0
DA:1,1
DA:3,1
DA:4,1
DA:6,1
DA:7,0
DA:11,1
DA:18,1
LF:7
LH:6
BRDA:6,0,0,0
BRDA:6,0,1,1
BRDA:6,1,0,1
BRDA:6,1,1,1
BRF:4
BRH:3
end_of_record
TN:
SF:middleware\clerkAuth.js
FN:6,(anonymous_0)
FNF:1
FNH:1
FNDA:17,(anonymous_0)
DA:1,2
DA:6,2
DA:7,17
DA:9,17
DA:11,17
DA:12,11
DA:22,6
DA:25,6
DA:30,1
DA:36,1
DA:39,5
DA:46,5
DA:56,2
LF:13
LH:13
BRDA:11,0,0,11
BRDA:11,0,1,6
BRDA:11,1,0,17
BRDA:11,1,1,8
BRF:4
BRH:4
end_of_record
TN:
SF:middleware\errorHandler.js
FN:6,(anonymous_0)
FN:46,(anonymous_1)
FNF:2
FNH:1
FNDA:1,(anonymous_0)
FNDA:0,(anonymous_1)
DA:1,1
DA:6,1
DA:8,1
DA:9,1
DA:12,1
DA:23,1
DA:24,1
DA:33,1
DA:34,0
DA:42,1
DA:43,0
DA:44,0
DA:45,0
DA:46,0
DA:49,1
DA:50,0
DA:51,0
DA:52,0
DA:55,1
DA:56,0
DA:57,0
DA:58,0
DA:61,1
DA:64,1
LF:24
LH:13
BRDA:14,0,0,0
BRDA:14,0,1,1
BRDA:23,1,0,1
BRDA:23,1,1,1
BRDA:27,2,0,1
BRDA:27,2,1,1
BRDA:28,3,0,1
BRDA:28,3,1,0
BRDA:33,4,0,0
BRDA:33,4,1,1
BRDA:42,5,0,0
BRDA:42,5,1,1
BRDA:49,6,0,0
BRDA:49,6,1,1
BRDA:55,7,0,0
BRDA:55,7,1,1
BRF:16
BRH:10
end_of_record
TN:
SF:middleware\rateLimiter.js
FN:20,(anonymous_0)
FNF:1
FNH:1
FNDA:17,(anonymous_0)
DA:1,1
DA:7,1
DA:22,17
DA:23,0
DA:25,17
DA:29,1
LF:6
LH:5
BRDA:9,0,0,0
BRDA:9,0,1,1
BRDA:22,1,0,0
BRDA:22,1,1,17
BRF:4
BRH:2
end_of_record
TN:
SF:routes\cart.js
FN:11,(anonymous_0)
FN:43,(anonymous_1)
FN:44,(anonymous_2)
FN:56,(anonymous_3)
FN:82,(anonymous_4)
FN:199,(anonymous_5)
FN:268,(anonymous_6)
FNF:7
FNH:0
FNDA:0,(anonymous_0)
FNDA:0,(anonymous_1)
FNDA:0,(anonymous_2)
FNDA:0,(anonymous_3)
FNDA:0,(anonymous_4)
FNDA:0,(anonymous_5)
FNDA:0,(anonymous_6)
DA:1,1
DA:2,1
DA:3,1
DA:4,1
DA:5,1
DA:11,1
DA:12,0
DA:14,0
DA:20,0
DA:22,0
DA:28,0
DA:29,0
DA:30,0
DA:31,0
DA:35,0
DA:40,0
DA:42,0
DA:43,0
DA:44,0
DA:56,0
DA:58,0
DA:68,0
DA:76,1
DA:83,0
DA:84,0
DA:85,0
DA:86,0
DA:96,0
DA:99,0
DA:105,0
DA:106,0
DA:115,0
DA:116,0
DA:126,0
DA:132,0
DA:133,0
DA:139,0
DA:140,0
DA:141,0
DA:142,0
DA:146,0
DA:153,0
DA:155,0
DA:160,0
DA:163,0
DA:171,0
DA:175,0
DA:180,0
DA:185,0
DA:194,1
DA:200,0
DA:201,0
DA:202,0
DA:203,0
DA:213,0
DA:214,0
DA:217,0
DA:223,0
DA:224,0
DA:234,0
DA:242,0
DA:243,0
DA:252,0
DA:254,0
DA:259,0
DA:268,1
DA:269,0
DA:270,0
DA:273,0
DA:279,0
DA:280,0
DA:290,0
DA:296,0
DA:298,0
DA:303,0
DA:307,1
LF:76
LH:10
BRDA:20,0,0,0
BRDA:20,0,1,0
BRDA:20,1,0,0
BRDA:20,1,1,0
BRDA:28,2,0,0
BRDA:28,2,1,0
BRDA:30,3,0,0
BRDA:30,3,1,0
BRDA:40,4,0,0
BRDA:40,4,1,0
BRDA:85,5,0,0
BRDA:85,5,1,0
BRDA:105,6,0,0
BRDA:105,6,1,0
BRDA:105,7,0,0
BRDA:105,7,1,0
BRDA:115,8,0,0
BRDA:115,8,1,0
BRDA:132,9,0,0
BRDA:132,9,1,0
BRDA:132,10,0,0
BRDA:132,10,1,0
BRDA:139,11,0,0
BRDA:139,11,1,0
BRDA:141,12,0,0
BRDA:141,12,1,0
BRDA:153,13,0,0
BRDA:153,13,1,0
BRDA:160,14,0,0
BRDA:160,14,1,0
BRDA:171,15,0,0
BRDA:171,15,1,0
BRDA:202,16,0,0
BRDA:202,16,1,0
BRDA:223,17,0,0
BRDA:223,17,1,0
BRDA:242,18,0,0
BRDA:242,18,1,0
BRDA:242,19,0,0
BRDA:242,19,1,0
BRDA:252,20,0,0
BRDA:252,20,1,0
BRDA:279,21,0,0
BRDA:279,21,1,0
BRDA:296,22,0,0
BRDA:296,22,1,0
BRF:46
BRH:0
end_of_record
TN:
SF:routes\favorites.js
FN:11,(anonymous_0)
FN:23,(anonymous_1)
FN:49,(anonymous_2)
FN:131,(anonymous_3)
FNF:4
FNH:0
FNDA:0,(anonymous_0)
FNDA:0,(anonymous_1)
FNDA:0,(anonymous_2)
FNDA:0,(anonymous_3)
DA:1,1
DA:2,1
DA:3,1
DA:4,1
DA:5,1
DA:11,1
DA:12,0
DA:13,0
DA:19,0
DA:21,0
DA:23,0
DA:36,0
DA:44,1
DA:50,0
DA:51,0
DA:52,0
DA:53,0
DA:63,0
DA:66,0
DA:72,0
DA:73,0
DA:83,0
DA:90,0
DA:91,0
DA:101,0
DA:110,0
DA:112,0
DA:122,0
DA:131,1
DA:132,0
DA:133,0
DA:135,0
DA:143,0
DA:144,0
DA:153,0
DA:155,0
DA:160,0
DA:164,1
LF:38
LH:9
BRDA:19,0,0,0
BRDA:19,0,1,0
BRDA:52,1,0,0
BRDA:52,1,1,0
BRDA:72,2,0,0
BRDA:72,2,1,0
BRDA:72,3,0,0
BRDA:72,3,1,0
BRDA:90,4,0,0
BRDA:90,4,1,0
BRDA:110,5,0,0
BRDA:110,5,1,0
BRDA:143,6,0,0
BRDA:143,6,1,0
BRDA:143,7,0,0
BRDA:143,7,1,0
BRDA:153,8,0,0
BRDA:153,8,1,0
BRF:18
BRH:0
end_of_record
TN:
SF:routes\items.js
FN:28,(anonymous_0)
FN:57,(anonymous_1)
FN:87,(anonymous_2)
FN:91,(anonymous_3)
FN:195,(anonymous_4)
FN:231,(anonymous_5)
FNF:6
FNH:0
FNDA:0,(anonymous_0)
FNDA:0,(anonymous_1)
FNDA:0,(anonymous_2)
FNDA:0,(anonymous_3)
FNDA:0,(anonymous_4)
FNDA:0,(anonymous_5)
DA:1,1
DA:2,1
DA:3,1
DA:4,1
DA:5,1
DA:6,1
DA:7,1
DA:10,1
DA:17,1
DA:28,1
DA:29,0
DA:31,0
DA:32,0
DA:35,0
DA:36,0
DA:38,0
DA:45,0
DA:47,0
DA:48,0
DA:51,0
DA:53,0
DA:55,0
DA:57,0
DA:72,0
DA:79,1
DA:87,0
DA:92,0
DA:93,0
DA:102,0
DA:103,0
DA:104,0
DA:105,0
DA:115,0
DA:117,0
DA:120,0
DA:126,0
DA:127,0
DA:128,0
DA:129,0
DA:133,0
DA:138,0
DA:139,0
DA:141,0
DA:144,0
DA:161,0
DA:162,0
DA:163,0
DA:166,0
DA:168,0
DA:185,0
DA:186,0
DA:195,1
DA:196,0
DA:197,0
DA:199,0
DA:206,0
DA:207,0
DA:216,0
DA:218,0
DA:223,0
DA:231,1
DA:232,0
DA:233,0
DA:235,0
DA:241,0
DA:242,0
DA:251,0
DA:253,0
DA:268,0
DA:272,1
LF:70
LH:14
BRDA:31,0,0,0
BRDA:31,0,1,0
BRDA:32,1,0,0
BRDA:32,1,1,0
BRDA:45,2,0,0
BRDA:45,2,1,0
BRDA:53,3,0,0
BRDA:53,3,1,0
BRDA:103,4,0,0
BRDA:103,4,1,0
BRDA:127,5,0,0
BRDA:127,5,1,0
BRDA:151,6,0,0
BRDA:151,6,1,0
BRDA:161,7,0,0
BRDA:161,7,1,0
BRDA:206,8,0,0
BRDA:206,8,1,0
BRDA:206,9,0,0
BRDA:206,9,1,0
BRDA:216,10,0,0
BRDA:216,10,1,0
BRDA:241,11,0,0
BRDA:241,11,1,0
BRDA:241,12,0,0
BRDA:241,12,1,0
BRDA:251,13,0,0
BRDA:251,13,1,0
BRDA:262,14,0,0
BRDA:262,14,1,0
BRF:30
BRH:0
end_of_record
TN:
SF:routes\orders.js
FN:11,(anonymous_0)
FN:79,(anonymous_1)
FNF:2
FNH:0
FNDA:0,(anonymous_0)
FNDA:0,(anonymous_1)
DA:1,1
DA:2,1
DA:3,1
DA:4,1
DA:5,1
DA:11,1
DA:12,0
DA:13,0
DA:20,0
DA:21,0
DA:24,0
DA:25,0
DA:34,0
DA:58,0
DA:66,1
DA:80,0
DA:81,0
DA:82,0
DA:83,0
DA:93,0
DA:95,0
DA:96,0
DA:98,0
DA:99,0
DA:100,0
DA:101,0
DA:102,0
DA:103,0
DA:106,0
DA:107,0
DA:108,0
DA:111,0
DA:118,0
DA:120,0
DA:144,0
DA:154,1
LF:36
LH:8
BRDA:20,0,0,0
BRDA:20,0,1,0
BRDA:20,1,0,0
BRDA:20,1,1,0
BRDA:24,2,0,0
BRDA:24,2,1,0
BRDA:49,3,0,0
BRDA:49,3,1,0
BRDA:49,4,0,0
BRDA:49,4,1,0
BRDA:82,5,0,0
BRDA:82,5,1,0
BRDA:95,6,0,0
BRDA:95,6,1,0
BRDA:96,7,0,0
BRDA:96,7,1,0
BRDA:98,8,0,0
BRDA:98,8,1,0
BRDA:99,9,0,0
BRDA:99,9,1,0
BRDA:100,10,0,0
BRDA:100,10,1,0
BRDA:101,11,0,0
BRDA:101,11,1,0
BRDA:102,12,0,0
BRDA:102,12,1,0
BRDA:103,13,0,0
BRDA:103,13,1,0
BRDA:106,14,0,0
BRDA:106,14,1,0
BRDA:107,15,0,0
BRDA:107,15,1,0
BRDA:108,16,0,0
BRDA:108,16,1,0
BRDA:118,17,0,0
BRDA:118,17,1,0
BRDA:136,18,0,0
BRDA:136,18,1,0
BRDA:136,19,0,0
BRDA:136,19,1,0
BRF:40
BRH:0
end_of_record
TN:
SF:routes\users.js
FN:8,(anonymous_0)
FN:53,(anonymous_1)
FNF:2
FNH:0
FNDA:0,(anonymous_0)
FNDA:0,(anonymous_1)
DA:1,1
DA:2,1
DA:3,1
DA:4,1
DA:5,1
DA:8,1
DA:9,0
DA:10,0
DA:17,0
DA:19,0
DA:20,0
DA:26,0
DA:42,0
DA:47,1
DA:54,0
DA:55,0
DA:57,0
DA:58,0
DA:59,0
DA:63,0
DA:69,0
DA:70,0
DA:71,0
DA:74,0
DA:75,0
DA:81,0
DA:82,0
DA:83,0
DA:84,0
DA:85,0
DA:86,0
DA:87,0
DA:91,0
DA:95,0
DA:101,0
DA:102,0
DA:103,0
DA:106,0
DA:112,0
DA:113,0
DA:118,1
LF:41
LH:8
BRDA:17,0,0,0
BRDA:17,0,1,0
BRDA:19,1,0,0
BRDA:19,1,1,0
BRDA:34,2,0,0
BRDA:34,2,1,0
BRDA:35,3,0,0
BRDA:35,3,1,0
BRDA:35,4,0,0
BRDA:35,4,1,0
BRDA:58,5,0,0
BRDA:58,5,1,0
BRDA:69,6,0,0
BRDA:69,6,1,0
BRDA:70,7,0,0
BRDA:70,7,1,0
BRDA:71,8,0,0
BRDA:71,8,1,0
BRDA:74,9,0,0
BRDA:74,9,1,0
BRDA:75,10,0,0
BRDA:75,10,1,0
BRDA:81,11,0,0
BRDA:81,11,1,0
BRDA:82,12,0,0
BRDA:82,12,1,0
BRDA:85,13,0,0
BRDA:85,13,1,0
BRDA:85,14,0,0
BRDA:85,14,1,0
BRDA:101,15,0,0
BRDA:101,15,1,0
BRF:32
BRH:0
end_of_record
TN:
SF:routes\webhooks.js
FN:11,(anonymous_0)
FN:71,(anonymous_1)
FN:145,handleUserCreated
FN:169,handleUserUpdated
FN:190,handleUserDeleted
FNF:5
FNH:1
FNDA:0,(anonymous_0)
FNDA:2,(anonymous_1)
FNDA:0,handleUserCreated
FNDA:0,handleUserUpdated
FNDA:0,handleUserDeleted
DA:1,1
DA:2,1
DA:3,1
DA:4,1
DA:11,1
DA:12,0
DA:13,0
DA:14,0
DA:16,0
DA:18,0
DA:19,0
DA:20,0
DA:27,0
DA:41,0
DA:42,0
DA:52,0
DA:53,0
DA:59,0
DA:60,0
DA:71,1
DA:72,2
DA:74,2
DA:75,2
DA:76,2
DA:78,2
DA:79,1
DA:86,1
DA:87,1
DA:88,0
DA:89,0
DA:95,1
DA:98,1
DA:99,1
DA:105,1
DA:106,1
DA:112,0
DA:113,0
DA:115,0
DA:118,0
DA:120,0
DA:121,0
DA:124,0
DA:125,0
DA:128,0
DA:129,0
DA:132,0
DA:135,0
DA:137,0
DA:138,0
DA:146,0
DA:147,0
DA:149,0
DA:161,0
DA:162,0
DA:163,0
DA:166,0
DA:170,0
DA:171,0
DA:173,0
DA:182,0
DA:183,0
DA:184,0
DA:187,0
DA:191,0
DA:196,0
DA:197,0
DA:198,0
DA:201,0
DA:204,1
LF:69
LH:20
BRDA:18,0,0,0
BRDA:18,0,1,0
BRDA:18,1,0,0
BRDA:18,1,1,0
BRDA:32,2,0,0
BRDA:32,2,1,0
BRDA:33,3,0,0
BRDA:33,3,1,0
BRDA:41,4,0,0
BRDA:41,4,1,0
BRDA:78,5,0,1
BRDA:78,5,1,1
BRDA:78,6,0,2
BRDA:78,6,1,1
BRDA:78,6,2,1
BRDA:87,7,0,0
BRDA:87,7,1,1
BRDA:118,8,0,0
BRDA:118,8,1,0
BRDA:118,8,2,0
BRDA:118,8,3,0
BRDA:147,9,0,0
BRDA:147,9,1,0
BRDA:147,10,0,0
BRDA:147,10,1,0
BRDA:147,11,0,0
BRDA:147,11,1,0
BRDA:155,12,0,0
BRDA:155,12,1,0
BRDA:161,13,0,0
BRDA:161,13,1,0
BRDA:171,14,0,0
BRDA:171,14,1,0
BRDA:171,15,0,0
BRDA:171,15,1,0
BRDA:171,16,0,0
BRDA:171,16,1,0
BRDA:178,17,0,0
BRDA:178,17,1,0
BRDA:182,18,0,0
BRDA:182,18,1,0
BRDA:196,19,0,0
BRDA:196,19,1,0
BRF:43
BRH:6
end_of_record
TN:
SF:utils\securityValidator.js
FN:6,(anonymous_0)
FN:25,(anonymous_1)
FN:62,(anonymous_2)
FN:81,(anonymous_3)
FN:83,(anonymous_4)
FN:99,(anonymous_5)
FN:112,(anonymous_6)
FN:114,(anonymous_7)
FNF:8
FNH:8
FNDA:1,(anonymous_0)
FNDA:4,(anonymous_1)
FNDA:3,(anonymous_2)
FNDA:4,(anonymous_3)
FNDA:17,(anonymous_4)
FNDA:3,(anonymous_5)
FNDA:4,(anonymous_6)
FNDA:32,(anonymous_7)
DA:6,1
DA:7,1
DA:8,1
DA:11,1
DA:12,0
DA:13,0
DA:18,1
DA:25,1
DA:26,4
DA:27,1
DA:32,1
DA:33,0
DA:37,1
DA:39,0
DA:43,1
DA:44,0
DA:47,1
DA:48,0
DA:52,1
DA:53,0
DA:56,1
DA:62,1
DA:63,3
DA:65,2
DA:78,2
DA:79,2
DA:81,2
DA:82,4
DA:83,17
DA:84,3
DA:85,1
DA:86,0
DA:90,2
DA:93,0
DA:99,1
DA:100,3
DA:102,3
DA:112,3
DA:113,4
DA:114,32
DA:115,2
DA:117,4
DA:118,1
DA:121,1
DA:124,3
DA:127,1
LF:46
LH:37
BRDA:11,0,0,0
BRDA:11,0,1,1
BRDA:12,1,0,0
BRDA:12,1,1,0
BRDA:26,2,0,1
BRDA:26,2,1,3
BRDA:32,3,0,0
BRDA:32,3,1,1
BRDA:37,4,0,0
BRDA:37,4,1,1
BRDA:37,5,0,1
BRDA:37,5,1,0
BRDA:43,6,0,0
BRDA:43,6,1,1
BRDA:43,7,0,1
BRDA:43,7,1,1
BRDA:47,8,0,0
BRDA:47,8,1,1
BRDA:47,9,0,1
BRDA:47,9,1,1
BRDA:52,10,0,0
BRDA:52,10,1,1
BRDA:63,11,0,1
BRDA:63,11,1,2
BRDA:78,12,0,2
BRDA:78,12,1,0
BRDA:83,13,0,3
BRDA:83,13,1,1
BRDA:85,14,0,0
BRDA:85,14,1,1
BRDA:100,15,0,0
BRDA:100,15,1,3
BRDA:100,16,0,3
BRDA:100,16,1,3
BRDA:114,17,0,2
BRDA:114,17,1,4
BRDA:117,18,0,1
BRDA:117,18,1,3
BRDA:117,19,0,4
BRDA:117,19,1,1
BRDA:118,20,0,1
BRDA:118,20,1,0
BRF:42
BRH:29
end_of_record
